Added ptxas to PATH: /scratch/fc37/aman0087/conda/envs/ds_env/lib/python3.10/site-packages/nvidia/cuda_nvcc/bin

=== CUDA Environment Check ===
Driver CUDA version: 12.8
ptxas CUDA version:  12.8
OK: ptxas version <= driver version (XLA parallel compilation enabled)

============================================================
Phase 21 NUTS (PAT-RL) JIT Probe
============================================================
Job ID:  54901171
Node:    m3n109
GPU(s):  0
JAX cache:          /scratch/fc37/aman0087/.jax_cache_gpu/m3n109
JAX_LOG_COMPILES:   1
Start:   Sun Apr 19 08:44:23 PM AEST 2026
============================================================

JAX devices: [CudaDevice(id=0)]
GPU: cuda:0

========================================
NUTS (PAT-RL) probe: P=5
========================================
Start P=5: Sun Apr 19 08:44:30 PM AEST 2026
XLA_FLAGS=--xla_dump_hlo_as_text --xla_dump_to=.planning/phases/21-benchmark-bottleneck-diagnosis/hlo_dumps/nuts_P5
WARNING: NUTS probe at P=5 exited non-zero; continuing
--- NUTS probe P=5 log (tail 80 lines) ---
Finished tracing + transforming convert_element_type for pjit in 0.000463247 sec
Compiling convert_element_type with global shapes and types [ShapedArray(int64[])]. Argument mapping: (UnspecifiedValue,).
Finished jaxpr to MLIR module conversion jit(convert_element_type) in 0.133944511 sec
Finished XLA compilation of jit(convert_element_type) in 0.691338778 sec
Finished tracing + transforming bitwise_and for pjit in 0.000500917 sec
Finished tracing + transforming _threefry_seed for pjit in 0.002888680 sec
Compiling _threefry_seed with global shapes and types [ShapedArray(int64[])]. Argument mapping: (UnspecifiedValue,).
Finished jaxpr to MLIR module conversion jit(_threefry_seed) in 0.015727758 sec
Finished XLA compilation of jit(_threefry_seed) in 0.292557955 sec
usage: 08_run_power_iteration.py [-h] --chunk-id CHUNK_ID --job-id JOB_ID
                                 [--dry-run] [--benchmark] [--smoke-test]
                                 [--fit-chains FIT_CHAINS]
                                 [--fit-draws FIT_DRAWS] [--fit-tune FIT_TUNE]
                                 [--sampler {pymc,numpyro,blackjax}]
                                 [--output-dir OUTPUT_DIR] [--legacy]
                                 [--enable-x64] [--p-scan P_SCAN]
                                 [--p-scan-early-stop] [--vb-laplace-probe]
                                 [--vb-laplace-subproc-only]
                                 [--probe-p PROBE_P] [--diagnostic-mode]
08_run_power_iteration.py: error: the following arguments are required: --chunk-id, --job-id
--- end P=5 log ---
End P=5: Sun Apr 19 08:45:06 PM AEST 2026

========================================
NUTS (PAT-RL) probe: P=20
========================================
Start P=20: Sun Apr 19 08:45:06 PM AEST 2026
XLA_FLAGS=--xla_dump_hlo_as_text --xla_dump_to=.planning/phases/21-benchmark-bottleneck-diagnosis/hlo_dumps/nuts_P20
WARNING: NUTS probe at P=20 exited non-zero; continuing
--- NUTS probe P=20 log (tail 80 lines) ---
Finished tracing + transforming convert_element_type for pjit in 0.000450373 sec
Compiling convert_element_type with global shapes and types [ShapedArray(int64[])]. Argument mapping: (UnspecifiedValue,).
Finished jaxpr to MLIR module conversion jit(convert_element_type) in 0.004848480 sec
Persistent compilation cache hit for 'jit_convert_element_type' with key 'jit_convert_element_type-01751c561d39d09b0b68763ba6d598bdc5d0b1fa239247ff4a3bf549bf3ccd22'
Finished XLA compilation of jit(convert_element_type) in 0.005604744 sec
Finished tracing + transforming bitwise_and for pjit in 0.000477791 sec
Finished tracing + transforming _threefry_seed for pjit in 0.001843691 sec
Compiling _threefry_seed with global shapes and types [ShapedArray(int64[])]. Argument mapping: (UnspecifiedValue,).
Finished jaxpr to MLIR module conversion jit(_threefry_seed) in 0.004616261 sec
Persistent compilation cache hit for 'jit__threefry_seed' with key 'jit__threefry_seed-14fa819abb71531ca3bbf496cea9874e17f5370cc00153665ca5cf56c0700817'
Finished XLA compilation of jit(_threefry_seed) in 0.002932072 sec
usage: 08_run_power_iteration.py [-h] --chunk-id CHUNK_ID --job-id JOB_ID
                                 [--dry-run] [--benchmark] [--smoke-test]
                                 [--fit-chains FIT_CHAINS]
                                 [--fit-draws FIT_DRAWS] [--fit-tune FIT_TUNE]
                                 [--sampler {pymc,numpyro,blackjax}]
                                 [--output-dir OUTPUT_DIR] [--legacy]
                                 [--enable-x64] [--p-scan P_SCAN]
                                 [--p-scan-early-stop] [--vb-laplace-probe]
                                 [--vb-laplace-subproc-only]
                                 [--probe-p PROBE_P] [--diagnostic-mode]
08_run_power_iteration.py: error: the following arguments are required: --chunk-id, --job-id
--- end P=20 log ---
End P=20: Sun Apr 19 08:45:10 PM AEST 2026

============================================================
All NUTS probes complete
End: Sun Apr 19 08:45:10 PM AEST 2026
============================================================

========================================
Merging NUTS results into vb_laplace_vs_nuts_jit.json
========================================
Merged NUTS rows for P=['20', '5']

========================================
Phase 21 NUTS probe: git auto-push
========================================
[main fffa294] chore(21-04): NUTS GPU probe job 54901171
 23 files changed, 481 insertions(+)
 create mode 100644 .planning/phases/21-benchmark-bottleneck-diagnosis/hlo_dumps/nuts_P5/module_0001.jit_convert_element_type.autotune_results.pbtxt
 create mode 100644 .planning/phases/21-benchmark-bottleneck-diagnosis/hlo_dumps/nuts_P5/module_0001.jit_convert_element_type.before_optimizations.txt
 create mode 100644 .planning/phases/21-benchmark-bottleneck-diagnosis/hlo_dumps/nuts_P5/module_0001.jit_convert_element_type.gpu_target_config.pbtxt
 create mode 100644 .planning/phases/21-benchmark-bottleneck-diagnosis/hlo_dumps/nuts_P5/module_0001.jit_convert_element_type.ir-no-opt.ll
 create mode 100644 .planning/phases/21-benchmark-bottleneck-diagnosis/hlo_dumps/nuts_P5/module_0001.jit_convert_element_type.ir-with-opt.ll
 create mode 100644 .planning/phases/21-benchmark-bottleneck-diagnosis/hlo_dumps/nuts_P5/module_0001.jit_convert_element_type.ptx
 create mode 100644 .planning/phases/21-benchmark-bottleneck-diagnosis/hlo_dumps/nuts_P5/module_0001.jit_convert_element_type.sm_8.0_gpu_after_optimizations-buffer-assignment.txt
 create mode 100644 .planning/phases/21-benchmark-bottleneck-diagnosis/hlo_dumps/nuts_P5/module_0001.jit_convert_element_type.sm_8.0_gpu_after_optimizations.txt
 create mode 100644 .planning/phases/21-benchmark-bottleneck-diagnosis/hlo_dumps/nuts_P5/module_0001.jit_convert_element_type.thunk_sequence.txt
 create mode 100644 .planning/phases/21-benchmark-bottleneck-diagnosis/hlo_dumps/nuts_P5/module_0004.jit__threefry_seed.autotune_results.pbtxt
 create mode 100644 .planning/phases/21-benchmark-bottleneck-diagnosis/hlo_dumps/nuts_P5/module_0004.jit__threefry_seed.before_optimizations.txt
 create mode 100644 .planning/phases/21-benchmark-bottleneck-diagnosis/hlo_dumps/nuts_P5/module_0004.jit__threefry_seed.gpu_target_config.pbtxt
 create mode 100644 .planning/phases/21-benchmark-bottleneck-diagnosis/hlo_dumps/nuts_P5/module_0004.jit__threefry_seed.ir-no-opt.ll
 create mode 100644 .planning/phases/21-benchmark-bottleneck-diagnosis/hlo_dumps/nuts_P5/module_0004.jit__threefry_seed.ir-with-opt.ll
 create mode 100644 .planning/phases/21-benchmark-bottleneck-diagnosis/hlo_dumps/nuts_P5/module_0004.jit__threefry_seed.ptx
 create mode 100644 .planning/phases/21-benchmark-bottleneck-diagnosis/hlo_dumps/nuts_P5/module_0004.jit__threefry_seed.sm_8.0_gpu_after_optimizations-buffer-assignment.txt
 create mode 100644 .planning/phases/21-benchmark-bottleneck-diagnosis/hlo_dumps/nuts_P5/module_0004.jit__threefry_seed.sm_8.0_gpu_after_optimizations.txt
 create mode 100644 .planning/phases/21-benchmark-bottleneck-diagnosis/hlo_dumps/nuts_P5/module_0004.jit__threefry_seed.thunk_sequence.txt
 create mode 100644 .planning/phases/21-benchmark-bottleneck-diagnosis/nuts_jax_compiles_P20.log
 create mode 100644 .planning/phases/21-benchmark-bottleneck-diagnosis/nuts_jax_compiles_P5.log
 create mode 100644 .planning/phases/21-benchmark-bottleneck-diagnosis/vb_laplace_vs_nuts_jit.json
 create mode 100644 cluster/logs/diag21_nuts_54901171.err
 create mode 100644 cluster/logs/diag21_nuts_54901171.out
Pushed Phase 21 NUTS probe artifacts to origin/main
