Added ptxas to PATH: /scratch/fc37/aman0087/conda/envs/ds_env/lib/python3.10/site-packages/nvidia/cuda_nvcc/bin

=== CUDA Environment Check ===
Driver CUDA version: 12.8
ptxas CUDA version:  12.8
OK: ptxas version <= driver version (XLA parallel compilation enabled)

============================================================
Phase 21 P-scan Probe
============================================================
Job ID:       54901174
Node:         m3g113
GPU(s):       0
JAX cache:    /scratch/fc37/aman0087/.jax_cache_gpu/m3g113
JAX_LOG_COMPILES: 1
PROBE_P:      20
PROBE_ROLE:   cold
Start:        Sun Apr 19 08:44:34 PM AEST 2026
============================================================

JAX devices: [CudaDevice(id=0)]
GPU: cuda:0

========================================
P-scan probe: P=20 role=cold
========================================
Start: Sun Apr 19 08:44:44 PM AEST 2026
XLA_FLAGS=--xla_dump_hlo_as_text --xla_dump_to=.planning/phases/21-benchmark-bottleneck-diagnosis/hlo_dumps/pscan_P20_cold
Probe exit: 2
--- pscan P=20 role=cold log tail (80 lines) ---
Finished tracing + transforming convert_element_type for pjit in 0.000310421 sec
Compiling convert_element_type with global shapes and types [ShapedArray(int64[])]. Argument mapping: (UnspecifiedValue,).
Finished jaxpr to MLIR module conversion jit(convert_element_type) in 0.211886883 sec
Finished XLA compilation of jit(convert_element_type) in 0.712982893 sec
Finished tracing + transforming bitwise_and for pjit in 0.000357628 sec
Finished tracing + transforming _threefry_seed for pjit in 0.002737045 sec
Compiling _threefry_seed with global shapes and types [ShapedArray(int64[])]. Argument mapping: (UnspecifiedValue,).
Finished jaxpr to MLIR module conversion jit(_threefry_seed) in 0.023652077 sec
Finished XLA compilation of jit(_threefry_seed) in 0.319489956 sec
usage: 08_run_power_iteration.py [-h] --chunk-id CHUNK_ID --job-id JOB_ID
                                 [--dry-run] [--benchmark] [--smoke-test]
                                 [--fit-chains FIT_CHAINS]
                                 [--fit-draws FIT_DRAWS] [--fit-tune FIT_TUNE]
                                 [--sampler {pymc,numpyro,blackjax}]
                                 [--output-dir OUTPUT_DIR] [--legacy]
                                 [--enable-x64] [--p-scan P_SCAN]
                                 [--p-scan-early-stop] [--vb-laplace-probe]
                                 [--vb-laplace-subproc-only]
                                 [--probe-p PROBE_P] [--diagnostic-mode]
08_run_power_iteration.py: error: the following arguments are required: --chunk-id, --job-id
--- end log ---
End: Sun Apr 19 08:45:29 PM AEST 2026


========================================
Phase 21 p-scan probe: git auto-push
========================================
