Added ptxas to PATH: /scratch/fc37/aman0087/conda/envs/ds_env/lib/python3.10/site-packages/nvidia/cuda_nvcc/bin

=== CUDA Environment Check ===
Driver CUDA version: 12.8
ptxas CUDA version:  12.8
OK: ptxas version <= driver version (XLA parallel compilation enabled)

============================================================
Phase 21 P-scan Probe
============================================================
Job ID:       54902367
Node:         m3g111
GPU(s):       0
JAX cache:    /scratch/fc37/aman0087/.jax_cache_gpu/shared
JAX_LOG_COMPILES: 1
PROBE_P:      20
PROBE_ROLE:   cold
Start:        Mon Apr 20 02:10:58 AM AEST 2026
============================================================

JAX devices: [CudaDevice(id=0)]
GPU: cuda:0

========================================
P-scan probe: P=20 role=cold
========================================
Start: Mon Apr 20 02:11:10 AM AEST 2026
XLA_FLAGS=--xla_dump_hlo_as_text --xla_dump_to=.planning/phases/21-benchmark-bottleneck-diagnosis/hlo_dumps/pscan_P20_cold
Probe exit: 0
--- pscan P=20 role=cold log tail (80 lines) ---
    * at args[0], seen bool[10,2], but now given i64[10,2]
Compiling transpose with global shapes and types [ShapedArray(int64[10,2], weak_type=True)]. Argument mapping: (UnspecifiedValue,).
Finished jaxpr to MLIR module conversion jit(transpose) in 0.002029419 sec
PERSISTENT COMPILATION CACHE MISS for 'jit_transpose' with key 'jit_transpose-9bfa08eb1e637926601615c6997d58e076129f93f38c90acb9e366528ddb56b1'
Writing jit_transpose to persistent compilation cache with key 'jit_transpose-9bfa08eb1e637926601615c6997d58e076129f93f38c90acb9e366528ddb56b1'
Finished XLA compilation of jit(transpose) in 0.045042038 sec
Finished tracing + transforming scan for pjit in 0.000950098 sec
TRACING CACHE MISS at /fs04/fc37/adam/projects/psilocybin-prl-analyses/src/prl_hgf/fitting/hierarchical_patrl.py:160 (_build_session_scanner_patrl) because:
  never seen function:
    scan id=140049154185616 defined at /scratch/fc37/aman0087/conda/envs/ds_env/lib/python3.10/site-packages/jax/_src/dispatch.py:94
  but seen another function defined on the same line; maybe the function is
  being re-defined repeatedly, preventing caching?
Compiling scan with global shapes and types [ShapedArray(float64[], weak_type=True), ShapedArray(float64[], weak_type=True), ShapedArray(float64[], weak_type=True), ShapedArray(float64[]), ShapedArray(int64[], weak_type=True), ShapedArray(float64[], weak_type=True), ShapedArray(float64[], weak_type=True), ShapedArray(float64[1]), ShapedArray(float64[], weak_type=True), ShapedArray(float64[], weak_type=True), ShapedArray(float64[], weak_type=True), ShapedArray(float64[], weak_type=True), ShapedArray(int64[], weak_type=True), ShapedArray(float64[], weak_type=True), ShapedArray(float64[], weak_type=True), ShapedArray(float64[], weak_type=True), ShapedArray(float64[], weak_type=True), ShapedArray(float64[], weak_type=True), ShapedArray(float64[], weak_type=True), ShapedArray(float64[], weak_type=True), ShapedArray(float64[1]), ShapedArray(float64[1]), ShapedArray(float64[], weak_type=True), ShapedArray(float64[], weak_type=True), ShapedArray(float64[], weak_type=True), ShapedArray(float64[], weak_type=True), ShapedArray(int64[], weak_type=True), ShapedArray(float64[], weak_type=True), ShapedArray(float64[], weak_type=True), ShapedArray(float64[], weak_type=True), ShapedArray(float64[], weak_type=True), ShapedArray(float64[], weak_type=True), ShapedArray(float64[], weak_type=True), ShapedArray(float64[], weak_type=True), ShapedArray(float64[1]), ShapedArray(float64[1,1]), ShapedArray(int64[1]), ShapedArray(float64[1])]. Argument mapping: (UnspecifiedValue, UnspecifiedValue, UnspecifiedValue, UnspecifiedValue, UnspecifiedValue, UnspecifiedValue, UnspecifiedValue, UnspecifiedValue, UnspecifiedValue, UnspecifiedValue, UnspecifiedValue, UnspecifiedValue, UnspecifiedValue, UnspecifiedValue, UnspecifiedValue, UnspecifiedValue, UnspecifiedValue, UnspecifiedValue, UnspecifiedValue, UnspecifiedValue, UnspecifiedValue, UnspecifiedValue, UnspecifiedValue, UnspecifiedValue, UnspecifiedValue, UnspecifiedValue, UnspecifiedValue, UnspecifiedValue, UnspecifiedValue, UnspecifiedValue, UnspecifiedValue, UnspecifiedValue, UnspecifiedValue, UnspecifiedValue, UnspecifiedValue, UnspecifiedValue, UnspecifiedValue, UnspecifiedValue).
Finished jaxpr to MLIR module conversion jit(scan) in 0.052873135 sec
Persistent compilation cache hit for 'jit_scan' with key 'jit_scan-6b3ba0a8612af8dd3bdfeb2dbfdf7977404bb3a13298aac925e796a8613aba82'
Finished XLA compilation of jit(scan) in 0.014472246 sec
Compiling exp with global shapes and types [ShapedArray(float64[20], weak_type=True)]. Argument mapping: (UnspecifiedValue,).
Finished jaxpr to MLIR module conversion jit(exp) in 0.001773119 sec
Persistent compilation cache hit for 'jit_exp' with key 'jit_exp-1c34c04be2ce944f77f17a2bb3321e1d0afafa0b9493778df52fed0dc5b6856e'
Finished XLA compilation of jit(exp) in 0.002500534 sec
Compiling beliefs_propagation with global shapes and types []. Argument mapping: ().
Finished jaxpr to MLIR module conversion jit(beliefs_propagation) in 0.008278131 sec
Persistent compilation cache hit for 'jit_beliefs_propagation' with key 'jit_beliefs_propagation-72bc30b5bde3b1c2a6f65bcccb74630f337262e3a89908178979422b4f3e3118'
Finished XLA compilation of jit(beliefs_propagation) in 0.004701376 sec
Finished tracing + transforming scan for pjit in 0.001076698 sec
TRACING CACHE MISS at /fs04/fc37/adam/projects/psilocybin-prl-analyses/src/prl_hgf/fitting/hierarchical_patrl.py:378 (_single_logp) because:
  never seen function:
    scan id=140047563819616 defined at /scratch/fc37/aman0087/conda/envs/ds_env/lib/python3.10/site-packages/jax/_src/dispatch.py:94
  but seen another function defined on the same line; maybe the function is
  being re-defined repeatedly, preventing caching?
Compiling scan with global shapes and types [ShapedArray(float64[20]), ShapedArray(float64[20]), ShapedArray(float64[20]), ShapedArray(float64[20], weak_type=True), ShapedArray(float64[20], weak_type=True), ShapedArray(float64[20], weak_type=True), ShapedArray(float64[20]), ShapedArray(int32[20]), ShapedArray(float64[20], weak_type=True), ShapedArray(float64[20], weak_type=True), ShapedArray(float64[20,1]), ShapedArray(float64[20], weak_type=True), ShapedArray(float64[20], weak_type=True), ShapedArray(float64[20], weak_type=True), ShapedArray(float64[20], weak_type=True), ShapedArray(int64[20], weak_type=True), ShapedArray(float64[20], weak_type=True), ShapedArray(float64[20], weak_type=True), ShapedArray(float64[20], weak_type=True), ShapedArray(float64[20], weak_type=True), ShapedArray(float64[20], weak_type=True), ShapedArray(float64[20], weak_type=True), ShapedArray(float64[20], weak_type=True), ShapedArray(float64[20,1]), ShapedArray(float64[20,1]), ShapedArray(float64[20], weak_type=True), ShapedArray(float64[20], weak_type=True), ShapedArray(float64[20], weak_type=True), ShapedArray(float64[20], weak_type=True), ShapedArray(int64[20], weak_type=True), ShapedArray(float64[20], weak_type=True), ShapedArray(float64[20], weak_type=True), ShapedArray(float64[20], weak_type=True), ShapedArray(float64[20], weak_type=True), ShapedArray(float64[20], weak_type=True), ShapedArray(float64[20], weak_type=True), ShapedArray(float64[20], weak_type=True), ShapedArray(float64[20,1]), ShapedArray(float64[192,20,1]), ShapedArray(int32[192]), ShapedArray(float64[192])]. Argument mapping: (UnspecifiedValue, UnspecifiedValue, UnspecifiedValue, UnspecifiedValue, UnspecifiedValue, UnspecifiedValue, UnspecifiedValue, UnspecifiedValue, UnspecifiedValue, UnspecifiedValue, UnspecifiedValue, UnspecifiedValue, UnspecifiedValue, UnspecifiedValue, UnspecifiedValue, UnspecifiedValue, UnspecifiedValue, UnspecifiedValue, UnspecifiedValue, UnspecifiedValue, UnspecifiedValue, UnspecifiedValue, UnspecifiedValue, UnspecifiedValue, UnspecifiedValue, UnspecifiedValue, UnspecifiedValue, UnspecifiedValue, UnspecifiedValue, UnspecifiedValue, UnspecifiedValue, UnspecifiedValue, UnspecifiedValue, UnspecifiedValue, UnspecifiedValue, UnspecifiedValue, UnspecifiedValue, UnspecifiedValue, UnspecifiedValue, UnspecifiedValue, UnspecifiedValue).
Finished jaxpr to MLIR module conversion jit(scan) in 0.103250504 sec
Persistent compilation cache hit for 'jit_scan' with key 'jit_scan-ffe74e34001f93b25f62dc294ee330127b2b7d6b359d447e520a229b6bcf0786'
Finished XLA compilation of jit(scan) in 0.055860043 sec
Compiling multiply with global shapes and types [ShapedArray(float64[20], weak_type=True), ShapedArray(float64[20,192])]. Argument mapping: (UnspecifiedValue, UnspecifiedValue).
Finished jaxpr to MLIR module conversion jit(multiply) in 0.002136707 sec
Persistent compilation cache hit for 'jit_multiply' with key 'jit_multiply-5a5115722b4b8f8a1b0d66414b5f53887250ecf64971d0e0f6b62bf07f194c01'
Finished XLA compilation of jit(multiply) in 0.003100634 sec
Compiling add with global shapes and types [ShapedArray(float64[20,192]), ShapedArray(float64[20], weak_type=True)]. Argument mapping: (UnspecifiedValue, UnspecifiedValue).
Finished jaxpr to MLIR module conversion jit(add) in 0.001687527 sec
Persistent compilation cache hit for 'jit_add' with key 'jit_add-dfad2abae5b0bb2ea65ce765312d58cf21d647bc7b318565278865be19847c6b'
Finished XLA compilation of jit(add) in 0.002528667 sec
Finished tracing + transforming scan for pjit in 0.000772238 sec
TRACING CACHE MISS at /fs04/fc37/adam/projects/psilocybin-prl-analyses/src/prl_hgf/fitting/hierarchical_patrl.py:378 (_single_logp) because:
  never seen function:
    scan id=140047548111248 defined at /scratch/fc37/aman0087/conda/envs/ds_env/lib/python3.10/site-packages/jax/_src/dispatch.py:94
  but seen another function defined on the same line; maybe the function is
  being re-defined repeatedly, preventing caching?
Compiling scan with global shapes and types [ShapedArray(float64[20]), ShapedArray(float64[20]), ShapedArray(float64[20]), ShapedArray(float64[20]), ShapedArray(float64[20]), ShapedArray(float64[20]), ShapedArray(float64[20]), ShapedArray(float64[20]), ShapedArray(float64[20], weak_type=True), ShapedArray(float64[20]), ShapedArray(float64[20]), ShapedArray(float64[20]), ShapedArray(float64[20], weak_type=True), ShapedArray(float64[20]), ShapedArray(float64[20]), ShapedArray(float64[20]), ShapedArray(float64[20]), ShapedArray(float64[20], weak_type=True), ShapedArray(float64[20]), ShapedArray(float64[20], weak_type=True), ShapedArray(float64[20,1]), ShapedArray(float64[192,20]), ShapedArray(float64[192,20], weak_type=True), ShapedArray(float64[192,20], weak_type=True), ShapedArray(float64[192]), ShapedArray(float64[192,20], weak_type=True), ShapedArray(bool[192,20]), ShapedArray(float64[192,20]), ShapedArray(float64[192,20]), ShapedArray(float64[192,20], weak_type=True), ShapedArray(float64[192,20]), ShapedArray(float64[192,20], weak_type=True), ShapedArray(float64[192,20], weak_type=True), ShapedArray(float64[192,20]), ShapedArray(float64[192,20]), ShapedArray(bool[192,20]), ShapedArray(float64[192,20]), ShapedArray(float64[192,20]), ShapedArray(float64[192,20], weak_type=True), ShapedArray(float64[192,20]), ShapedArray(float64[192,20]), ShapedArray(float64[192,20]), ShapedArray(float64[192,20]), ShapedArray(float64[192]), ShapedArray(float64[192,20]), ShapedArray(float64[192,20]), ShapedArray(float64[192,20]), ShapedArray(int32[192]), ShapedArray(float64[192,20], weak_type=True), ShapedArray(float64[192]), ShapedArray(float64[192,20]), ShapedArray(float64[192,20]), ShapedArray(float64[192,20]), ShapedArray(bool[192,20]), ShapedArray(float64[192,20]), ShapedArray(float64[192,20]), ShapedArray(float64[192,20]), ShapedArray(float64[192,20]), ShapedArray(float64[192,20]), ShapedArray(float64[192,20]), ShapedArray(float64[192]), ShapedArray(float64[192,20]), ShapedArray(float64[192,20]), ShapedArray(float64[192,20]), ShapedArray(float64[192,20]), ShapedArray(float64[192,20]), ShapedArray(float64[192,20]), ShapedArray(float64[192,20]), ShapedArray(float64[192,20]), ShapedArray(float64[192,20]), ShapedArray(float64[192,20]), ShapedArray(float64[192,20]), ShapedArray(int32[192,20]), ShapedArray(bool[192,20]), ShapedArray(float64[192,20], weak_type=True), ShapedArray(float64[192,20]), ShapedArray(float64[192,20], weak_type=True), ShapedArray(float64[192,20]), ShapedArray(bool[192,20]), ShapedArray(bool[192,20,1]), ShapedArray(float64[192,20]), ShapedArray(float64[192,20]), ShapedArray(float64[192,20]), ShapedArray(float64[192,20]), ShapedArray(float64[192,20]), ShapedArray(float64[192,20]), ShapedArray(float64[192,20]), ShapedArray(float64[192,20]), ShapedArray(float64[192,20]), ShapedArray(float64[192,20]), ShapedArray(bool[192,20]), ShapedArray(bool[192,20]), ShapedArray(bool[192,20,1])]. Argument mapping: (UnspecifiedValue, UnspecifiedValue, UnspecifiedValue, UnspecifiedValue, UnspecifiedValue, UnspecifiedValue, UnspecifiedValue, UnspecifiedValue, UnspecifiedValue, UnspecifiedValue, UnspecifiedValue, UnspecifiedValue, UnspecifiedValue, UnspecifiedValue, UnspecifiedValue, UnspecifiedValue, UnspecifiedValue, UnspecifiedValue, UnspecifiedValue, UnspecifiedValue, UnspecifiedValue, UnspecifiedValue, UnspecifiedValue, UnspecifiedValue, UnspecifiedValue, UnspecifiedValue, UnspecifiedValue, UnspecifiedValue, UnspecifiedValue, UnspecifiedValue, UnspecifiedValue, UnspecifiedValue, UnspecifiedValue, UnspecifiedValue, UnspecifiedValue, UnspecifiedValue, UnspecifiedValue, UnspecifiedValue, UnspecifiedValue, UnspecifiedValue, UnspecifiedValue, UnspecifiedValue, UnspecifiedValue, UnspecifiedValue, UnspecifiedValue, UnspecifiedValue, UnspecifiedValue, UnspecifiedValue, UnspecifiedValue, UnspecifiedValue, UnspecifiedValue, UnspecifiedValue, UnspecifiedValue, UnspecifiedValue, UnspecifiedValue, UnspecifiedValue, UnspecifiedValue, UnspecifiedValue, UnspecifiedValue, UnspecifiedValue, UnspecifiedValue, UnspecifiedValue, UnspecifiedValue, UnspecifiedValue, UnspecifiedValue, UnspecifiedValue, UnspecifiedValue, UnspecifiedValue, UnspecifiedValue, UnspecifiedValue, UnspecifiedValue, UnspecifiedValue, UnspecifiedValue, UnspecifiedValue, UnspecifiedValue, UnspecifiedValue, UnspecifiedValue, UnspecifiedValue, UnspecifiedValue, UnspecifiedValue, UnspecifiedValue, UnspecifiedValue, UnspecifiedValue, UnspecifiedValue, UnspecifiedValue, UnspecifiedValue, UnspecifiedValue, UnspecifiedValue, UnspecifiedValue, UnspecifiedValue, UnspecifiedValue, UnspecifiedValue, UnspecifiedValue).
Finished jaxpr to MLIR module conversion jit(scan) in 0.076329708 sec
Persistent compilation cache hit for 'jit_scan' with key 'jit_scan-b398bbb9d9b21b4baed0527e4d56b7f36a0b5c98d8e6cc1343e9be1f2fcf6f2b'
Finished XLA compilation of jit(scan) in 0.028105259 sec
Finished tracing + transforming scan for pjit in 0.000956059 sec
TRACING CACHE MISS at /fs04/fc37/adam/projects/psilocybin-prl-analyses/src/prl_hgf/fitting/hierarchical.py:1011 (_run_blackjax_nuts) because:
  never seen function:
    scan id=140047563307712 defined at /scratch/fc37/aman0087/conda/envs/ds_env/lib/python3.10/site-packages/jax/_src/dispatch.py:94
  but seen another function defined on the same line; maybe the function is
  being re-defined repeatedly, preventing caching?
Compiling scan with global shapes and types [ShapedArray(int32[20,192]), ShapedArray(float64[1]), ShapedArray(float64[1]), ShapedArray(float64[1]), ShapedArray(float32[20,192]), ShapedArray(float32[20,192]), ShapedArray(int32[20,192]), ShapedArray(bool[20,192]), ShapedArray(float64[20], weak_type=True), ShapedArray(float64[20], weak_type=True), ShapedArray(float64[20], weak_type=True), ShapedArray(float64[20], weak_type=True), ShapedArray(float64[20], weak_type=True), ShapedArray(float64[20], weak_type=True), ShapedArray(float64[]), ShapedArray(float64[20], weak_type=True), ShapedArray(float64[20], weak_type=True), ShapedArray(float64[20], weak_type=True), ShapedArray(float64[20], weak_type=True), ShapedArray(float64[20], weak_type=True), ShapedArray(float64[20], weak_type=True), ShapedArray(float64[], weak_type=True), ShapedArray(float64[], weak_type=True), ShapedArray(int64[], weak_type=True), ShapedArray(float64[], weak_type=True), ShapedArray(float64[], weak_type=True), ShapedArray(float64[120]), ShapedArray(float64[120]), ShapedArray(float64[120]), ShapedArray(int64[], weak_type=True), ShapedArray(float64[], weak_type=True), ShapedArray(float64[120]), ShapedArray(uint32[10,2]), ShapedArray(int64[10,2])]. Argument mapping: (UnspecifiedValue, UnspecifiedValue, UnspecifiedValue, UnspecifiedValue, UnspecifiedValue, UnspecifiedValue, UnspecifiedValue, UnspecifiedValue, UnspecifiedValue, UnspecifiedValue, UnspecifiedValue, UnspecifiedValue, UnspecifiedValue, UnspecifiedValue, UnspecifiedValue, UnspecifiedValue, UnspecifiedValue, UnspecifiedValue, UnspecifiedValue, UnspecifiedValue, UnspecifiedValue, UnspecifiedValue, UnspecifiedValue, UnspecifiedValue, UnspecifiedValue, UnspecifiedValue, UnspecifiedValue, UnspecifiedValue, UnspecifiedValue, UnspecifiedValue, UnspecifiedValue, UnspecifiedValue, UnspecifiedValue, UnspecifiedValue).
Finished jaxpr to MLIR module conversion jit(scan) in 0.418766260 sec
Persistent compilation cache hit for 'jit_scan' with key 'jit_scan-fc6be8dc07c5e396c4aaed8004af7a0c849b7035b482dd66f4049ae43dab606b'
Finished XLA compilation of jit(scan) in 0.262159586 sec
Finished tracing + transforming _one_step for pjit in 1.341889620 sec
TRACING CACHE MISS at /fs04/fc37/adam/projects/psilocybin-prl-analyses/src/prl_hgf/fitting/hierarchical.py:1153 (_run_vmap_chains) because:
  never seen function:
    _run_vmap_chains.<locals>._one_step id=140046527312032 defined at /fs04/fc37/adam/projects/psilocybin-prl-analyses/src/prl_hgf/fitting/hierarchical.py:1144
  but seen another function defined on the same line; maybe the function is
  being re-defined repeatedly, preventing caching?
Finished tracing + transforming scan for pjit in 0.000746250 sec
TRACING CACHE MISS at /fs04/fc37/adam/projects/psilocybin-prl-analyses/src/prl_hgf/fitting/hierarchical.py:1153 (_run_vmap_chains) because:
  never seen function:
    scan id=140046751563008 defined at /scratch/fc37/aman0087/conda/envs/ds_env/lib/python3.10/site-packages/jax/_src/dispatch.py:94
  but seen another function defined on the same line; maybe the function is
  being re-defined repeatedly, preventing caching?
Compiling scan with global shapes and types [ShapedArray(float64[2,20], weak_type=True), ShapedArray(float64[2,20], weak_type=True), ShapedArray(float64[2,20], weak_type=True), ShapedArray(float64[2,20], weak_type=True), ShapedArray(float64[2,20], weak_type=True), ShapedArray(float64[2,20], weak_type=True), ShapedArray(float64[2]), ShapedArray(float64[2,20], weak_type=True), ShapedArray(float64[2,20], weak_type=True), ShapedArray(float64[2,20], weak_type=True), ShapedArray(float64[2,20], weak_type=True), ShapedArray(float64[2,20], weak_type=True), ShapedArray(float64[2,20], weak_type=True), ShapedArray(uint32[10,2])]. Argument mapping: (UnspecifiedValue, UnspecifiedValue, UnspecifiedValue, UnspecifiedValue, UnspecifiedValue, UnspecifiedValue, UnspecifiedValue, UnspecifiedValue, UnspecifiedValue, UnspecifiedValue, UnspecifiedValue, UnspecifiedValue, UnspecifiedValue, UnspecifiedValue).
Finished jaxpr to MLIR module conversion jit(scan) in 0.579191685 sec
PERSISTENT COMPILATION CACHE MISS for 'jit_scan' with key 'jit_scan-fd4bef7beb6657ce2f8b06101d9c38b390f0e9ac03d9c61154d561a11958cd20'
Writing jit_scan to persistent compilation cache with key 'jit_scan-fd4bef7beb6657ce2f8b06101d9c38b390f0e9ac03d9c61154d561a11958cd20'
Finished XLA compilation of jit(scan) in 3.416057587 sec
--p-scan 20 complete: status=completed, cold=195.4s, warm=178.2s, row appended to .planning/phases/21-benchmark-bottleneck-diagnosis/jit_scaling_sweep.csv
--- end log ---
End: Mon Apr 20 02:18:20 AM AEST 2026


========================================
Phase 21 p-scan probe: git auto-push
========================================
[main a976f75] chore(21-05): p-scan probe P=20 role=cold job=54902367
 390 files changed, 227814 insertions(+), 94904 deletions(-)
 create mode 100644 .planning/phases/21-benchmark-bottleneck-diagnosis/hlo_dumps/pscan_P20_cold/module_0007.jit_convert_element_type.sm_8.9_gpu_after_optimizations-buffer-assignment.txt
 create mode 100644 .planning/phases/21-benchmark-bottleneck-diagnosis/hlo_dumps/pscan_P20_cold/module_0007.jit_convert_element_type.sm_8.9_gpu_after_optimizations.txt
 create mode 100644 .planning/phases/21-benchmark-bottleneck-diagnosis/hlo_dumps/pscan_P20_cold/module_0010.jit_convert_element_type.sm_8.9_gpu_after_optimizations-buffer-assignment.txt
 create mode 100644 .planning/phases/21-benchmark-bottleneck-diagnosis/hlo_dumps/pscan_P20_cold/module_0010.jit_convert_element_type.sm_8.9_gpu_after_optimizations.txt
 create mode 100644 .planning/phases/21-benchmark-bottleneck-diagnosis/hlo_dumps/pscan_P20_cold/module_0013.jit_scan.sm_8.9_gpu_after_optimizations-buffer-assignment.txt
 create mode 100644 .planning/phases/21-benchmark-bottleneck-diagnosis/hlo_dumps/pscan_P20_cold/module_0013.jit_scan.sm_8.9_gpu_after_optimizations.txt
 create mode 100644 .planning/phases/21-benchmark-bottleneck-diagnosis/hlo_dumps/pscan_P20_cold/module_0054.jit_scan.sm_8.9_gpu_after_optimizations-buffer-assignment.txt
 create mode 100644 .planning/phases/21-benchmark-bottleneck-diagnosis/hlo_dumps/pscan_P20_cold/module_0054.jit_scan.sm_8.9_gpu_after_optimizations.txt
 create mode 100644 .planning/phases/21-benchmark-bottleneck-diagnosis/hlo_dumps/pscan_P20_cold/module_0059.jit_broadcast_in_dim.sm_8.9_gpu_after_optimizations-buffer-assignment.txt
 create mode 100644 .planning/phases/21-benchmark-bottleneck-diagnosis/hlo_dumps/pscan_P20_cold/module_0059.jit_broadcast_in_dim.sm_8.9_gpu_after_optimizations.txt
 create mode 100644 .planning/phases/21-benchmark-bottleneck-diagnosis/hlo_dumps/pscan_P20_cold/module_0062.jit__threefry_split.sm_8.9_gpu_after_optimizations-buffer-assignment.txt
 create mode 100644 .planning/phases/21-benchmark-bottleneck-diagnosis/hlo_dumps/pscan_P20_cold/module_0062.jit__threefry_split.sm_8.9_gpu_after_optimizations.txt
 create mode 100644 .planning/phases/21-benchmark-bottleneck-diagnosis/hlo_dumps/pscan_P20_cold/module_0065.jit__unstack.sm_8.9_gpu_after_optimizations-buffer-assignment.txt
 create mode 100644 .planning/phases/21-benchmark-bottleneck-diagnosis/hlo_dumps/pscan_P20_cold/module_0065.jit__unstack.sm_8.9_gpu_after_optimizations.txt
 create mode 100644 .planning/phases/21-benchmark-bottleneck-diagnosis/hlo_dumps/pscan_P20_cold/module_0068.jit_exp.sm_8.9_gpu_after_optimizations-buffer-assignment.txt
 create mode 100644 .planning/phases/21-benchmark-bottleneck-diagnosis/hlo_dumps/pscan_P20_cold/module_0068.jit_exp.sm_8.9_gpu_after_optimizations.txt
 create mode 100644 .planning/phases/21-benchmark-bottleneck-diagnosis/hlo_dumps/pscan_P20_cold/module_0071.jit_convert_element_type.sm_8.9_gpu_after_optimizations-buffer-assignment.txt
 create mode 100644 .planning/phases/21-benchmark-bottleneck-diagnosis/hlo_dumps/pscan_P20_cold/module_0071.jit_convert_element_type.sm_8.9_gpu_after_optimizations.txt
 create mode 100644 .planning/phases/21-benchmark-bottleneck-diagnosis/hlo_dumps/pscan_P20_cold/module_0074.jit_integer_pow.sm_8.9_gpu_after_optimizations-buffer-assignment.txt
 create mode 100644 .planning/phases/21-benchmark-bottleneck-diagnosis/hlo_dumps/pscan_P20_cold/module_0074.jit_integer_pow.sm_8.9_gpu_after_optimizations.txt
 create mode 100644 .planning/phases/21-benchmark-bottleneck-diagnosis/hlo_dumps/pscan_P20_cold/module_0077.jit_mul.sm_8.9_gpu_after_optimizations-buffer-assignment.txt
 create mode 100644 .planning/phases/21-benchmark-bottleneck-diagnosis/hlo_dumps/pscan_P20_cold/module_0077.jit_mul.sm_8.9_gpu_after_optimizations.txt
 create mode 100644 .planning/phases/21-benchmark-bottleneck-diagnosis/hlo_dumps/pscan_P20_cold/module_0080.jit_log.sm_8.9_gpu_after_optimizations-buffer-assignment.txt
 create mode 100644 .planning/phases/21-benchmark-bottleneck-diagnosis/hlo_dumps/pscan_P20_cold/module_0080.jit_log.sm_8.9_gpu_after_optimizations.txt
 create mode 100644 .planning/phases/21-benchmark-bottleneck-diagnosis/hlo_dumps/pscan_P20_cold/module_0083.jit_sub.sm_8.9_gpu_after_optimizations-buffer-assignment.txt
 create mode 100644 .planning/phases/21-benchmark-bottleneck-diagnosis/hlo_dumps/pscan_P20_cold/module_0083.jit_sub.sm_8.9_gpu_after_optimizations.txt
 create mode 100644 .planning/phases/21-benchmark-bottleneck-diagnosis/hlo_dumps/pscan_P20_cold/module_0086.jit_integer_pow.sm_8.9_gpu_after_optimizations-buffer-assignment.txt
 create mode 100644 .planning/phases/21-benchmark-bottleneck-diagnosis/hlo_dumps/pscan_P20_cold/module_0086.jit_integer_pow.sm_8.9_gpu_after_optimizations.txt
 create mode 100644 .planning/phases/21-benchmark-bottleneck-diagnosis/hlo_dumps/pscan_P20_cold/module_0089.jit_integer_pow.sm_8.9_gpu_after_optimizations-buffer-assignment.txt
 create mode 100644 .planning/phases/21-benchmark-bottleneck-diagnosis/hlo_dumps/pscan_P20_cold/module_0089.jit_integer_pow.sm_8.9_gpu_after_optimizations.txt
 create mode 100644 .planning/phases/21-benchmark-bottleneck-diagnosis/hlo_dumps/pscan_P20_cold/module_0092.jit_mul.sm_8.9_gpu_after_optimizations-buffer-assignment.txt
 create mode 100644 .planning/phases/21-benchmark-bottleneck-diagnosis/hlo_dumps/pscan_P20_cold/module_0092.jit_mul.sm_8.9_gpu_after_optimizations.txt
 create mode 100644 .planning/phases/21-benchmark-bottleneck-diagnosis/hlo_dumps/pscan_P20_cold/module_0095.jit_div.sm_8.9_gpu_after_optimizations-buffer-assignment.txt
 create mode 100644 .planning/phases/21-benchmark-bottleneck-diagnosis/hlo_dumps/pscan_P20_cold/module_0095.jit_div.sm_8.9_gpu_after_optimizations.txt
 create mode 100644 .planning/phases/21-benchmark-bottleneck-diagnosis/hlo_dumps/pscan_P20_cold/module_0098.jit_add.sm_8.9_gpu_after_optimizations-buffer-assignment.txt
 create mode 100644 .planning/phases/21-benchmark-bottleneck-diagnosis/hlo_dumps/pscan_P20_cold/module_0098.jit_add.sm_8.9_gpu_after_optimizations.txt
 create mode 100644 .planning/phases/21-benchmark-bottleneck-diagnosis/hlo_dumps/pscan_P20_cold/module_0103.jit__reduce_sum.sm_8.9_gpu_after_optimizations-buffer-assignment.txt
 create mode 100644 .planning/phases/21-benchmark-bottleneck-diagnosis/hlo_dumps/pscan_P20_cold/module_0103.jit__reduce_sum.sm_8.9_gpu_after_optimizations.txt
 create mode 100644 .planning/phases/21-benchmark-bottleneck-diagnosis/hlo_dumps/pscan_P20_cold/module_0106.jit_add.sm_8.9_gpu_after_optimizations-buffer-assignment.txt
 create mode 100644 .planning/phases/21-benchmark-bottleneck-diagnosis/hlo_dumps/pscan_P20_cold/module_0106.jit_add.sm_8.9_gpu_after_optimizations.txt
 create mode 100644 .planning/phases/21-benchmark-bottleneck-diagnosis/hlo_dumps/pscan_P20_cold/module_0109.jit_convert_element_type.sm_8.9_gpu_after_optimizations-buffer-assignment.txt
 create mode 100644 .planning/phases/21-benchmark-bottleneck-diagnosis/hlo_dumps/pscan_P20_cold/module_0109.jit_convert_element_type.sm_8.9_gpu_after_optimizations.txt
 create mode 100644 .planning/phases/21-benchmark-bottleneck-diagnosis/hlo_dumps/pscan_P20_cold/module_0112.jit_broadcast_in_dim.sm_8.9_gpu_after_optimizations-buffer-assignment.txt
 create mode 100644 .planning/phases/21-benchmark-bottleneck-diagnosis/hlo_dumps/pscan_P20_cold/module_0112.jit_broadcast_in_dim.sm_8.9_gpu_after_optimizations.txt
 create mode 100644 .planning/phases/21-benchmark-bottleneck-diagnosis/hlo_dumps/pscan_P20_cold/module_0115.jit_convert_element_type.sm_8.9_gpu_after_optimizations-buffer-assignment.txt
 create mode 100644 .planning/phases/21-benchmark-bottleneck-diagnosis/hlo_dumps/pscan_P20_cold/module_0115.jit_convert_element_type.sm_8.9_gpu_after_optimizations.txt
 create mode 100644 .planning/phases/21-benchmark-bottleneck-diagnosis/hlo_dumps/pscan_P20_cold/module_0118.jit_broadcast_in_dim.sm_8.9_gpu_after_optimizations-buffer-assignment.txt
 create mode 100644 .planning/phases/21-benchmark-bottleneck-diagnosis/hlo_dumps/pscan_P20_cold/module_0118.jit_broadcast_in_dim.sm_8.9_gpu_after_optimizations.txt
 create mode 100644 .planning/phases/21-benchmark-bottleneck-diagnosis/hlo_dumps/pscan_P20_cold/module_0121.jit_convert_element_type.sm_8.9_gpu_after_optimizations-buffer-assignment.txt
 create mode 100644 .planning/phases/21-benchmark-bottleneck-diagnosis/hlo_dumps/pscan_P20_cold/module_0121.jit_convert_element_type.sm_8.9_gpu_after_optimizations.txt
 create mode 100644 .planning/phases/21-benchmark-bottleneck-diagnosis/hlo_dumps/pscan_P20_cold/module_0124.jit_broadcast_in_dim.sm_8.9_gpu_after_optimizations-buffer-assignment.txt
 create mode 100644 .planning/phases/21-benchmark-bottleneck-diagnosis/hlo_dumps/pscan_P20_cold/module_0124.jit_broadcast_in_dim.sm_8.9_gpu_after_optimizations.txt
 create mode 100644 .planning/phases/21-benchmark-bottleneck-diagnosis/hlo_dumps/pscan_P20_cold/module_0127.jit_broadcast_in_dim.sm_8.9_gpu_after_optimizations-buffer-assignment.txt
 create mode 100644 .planning/phases/21-benchmark-bottleneck-diagnosis/hlo_dumps/pscan_P20_cold/module_0127.jit_broadcast_in_dim.sm_8.9_gpu_after_optimizations.txt
 create mode 100644 .planning/phases/21-benchmark-bottleneck-diagnosis/hlo_dumps/pscan_P20_cold/module_0132.jit_broadcast_in_dim.sm_8.9_gpu_after_optimizations-buffer-assignment.txt
 create mode 100644 .planning/phases/21-benchmark-bottleneck-diagnosis/hlo_dumps/pscan_P20_cold/module_0132.jit_broadcast_in_dim.sm_8.9_gpu_after_optimizations.txt
 create mode 100644 .planning/phases/21-benchmark-bottleneck-diagnosis/hlo_dumps/pscan_P20_cold/module_0135.jit_broadcast_in_dim.sm_8.9_gpu_after_optimizations-buffer-assignment.txt
 create mode 100644 .planning/phases/21-benchmark-bottleneck-diagnosis/hlo_dumps/pscan_P20_cold/module_0135.jit_broadcast_in_dim.sm_8.9_gpu_after_optimizations.txt
 create mode 100644 .planning/phases/21-benchmark-bottleneck-diagnosis/hlo_dumps/pscan_P20_cold/module_0138.jit_broadcast_in_dim.sm_8.9_gpu_after_optimizations-buffer-assignment.txt
 create mode 100644 .planning/phases/21-benchmark-bottleneck-diagnosis/hlo_dumps/pscan_P20_cold/module_0138.jit_broadcast_in_dim.sm_8.9_gpu_after_optimizations.txt
 create mode 100644 .planning/phases/21-benchmark-bottleneck-diagnosis/hlo_dumps/pscan_P20_cold/module_0141.jit_transpose.sm_8.9_gpu_after_optimizations-buffer-assignment.txt
 create mode 100644 .planning/phases/21-benchmark-bottleneck-diagnosis/hlo_dumps/pscan_P20_cold/module_0141.jit_transpose.sm_8.9_gpu_after_optimizations.txt
 create mode 100644 .planning/phases/21-benchmark-bottleneck-diagnosis/hlo_dumps/pscan_P20_cold/module_0144.jit_convert_element_type.sm_8.9_gpu_after_optimizations-buffer-assignment.txt
 create mode 100644 .planning/phases/21-benchmark-bottleneck-diagnosis/hlo_dumps/pscan_P20_cold/module_0144.jit_convert_element_type.sm_8.9_gpu_after_optimizations.txt
 create mode 100644 .planning/phases/21-benchmark-bottleneck-diagnosis/hlo_dumps/pscan_P20_cold/module_0147.jit_beliefs_propagation.sm_8.9_gpu_after_optimizations-buffer-assignment.txt
 create mode 100644 .planning/phases/21-benchmark-bottleneck-diagnosis/hlo_dumps/pscan_P20_cold/module_0147.jit_beliefs_propagation.sm_8.9_gpu_after_optimizations.txt
 create mode 100644 .planning/phases/21-benchmark-bottleneck-diagnosis/hlo_dumps/pscan_P20_cold/module_0150.jit__where.sm_8.9_gpu_after_optimizations-buffer-assignment.txt
 create mode 100644 .planning/phases/21-benchmark-bottleneck-diagnosis/hlo_dumps/pscan_P20_cold/module_0150.jit__where.sm_8.9_gpu_after_optimizations.txt
 create mode 100644 .planning/phases/21-benchmark-bottleneck-diagnosis/hlo_dumps/pscan_P20_cold/module_0169.jit_scan.sm_8.9_gpu_after_optimizations-buffer-assignment.txt
 create mode 100644 .planning/phases/21-benchmark-bottleneck-diagnosis/hlo_dumps/pscan_P20_cold/module_0169.jit_scan.sm_8.9_gpu_after_optimizations.txt
 create mode 100644 .planning/phases/21-benchmark-bottleneck-diagnosis/hlo_dumps/pscan_P20_cold/module_0172.jit_convert_element_type.sm_8.9_gpu_after_optimizations-buffer-assignment.txt
 create mode 100644 .planning/phases/21-benchmark-bottleneck-diagnosis/hlo_dumps/pscan_P20_cold/module_0172.jit_convert_element_type.sm_8.9_gpu_after_optimizations.txt
 create mode 100644 .planning/phases/21-benchmark-bottleneck-diagnosis/hlo_dumps/pscan_P20_cold/module_0175.jit_clip.sm_8.9_gpu_after_optimizations-buffer-assignment.txt
 create mode 100644 .planning/phases/21-benchmark-bottleneck-diagnosis/hlo_dumps/pscan_P20_cold/module_0175.jit_clip.sm_8.9_gpu_after_optimizations.txt
 create mode 100644 .planning/phases/21-benchmark-bottleneck-diagnosis/hlo_dumps/pscan_P20_cold/module_0178.jit_sigmoid.sm_8.9_gpu_after_optimizations-buffer-assignment.txt
 create mode 100644 .planning/phases/21-benchmark-bottleneck-diagnosis/hlo_dumps/pscan_P20_cold/module_0178.jit_sigmoid.sm_8.9_gpu_after_optimizations.txt
 create mode 100644 .planning/phases/21-benchmark-bottleneck-diagnosis/hlo_dumps/pscan_P20_cold/module_0181.jit_subtract.sm_8.9_gpu_after_optimizations-buffer-assignment.txt
 create mode 100644 .planning/phases/21-benchmark-bottleneck-diagnosis/hlo_dumps/pscan_P20_cold/module_0181.jit_subtract.sm_8.9_gpu_after_optimizations.txt
 create mode 100644 .planning/phases/21-benchmark-bottleneck-diagnosis/hlo_dumps/pscan_P20_cold/module_0184.jit_multiply.sm_8.9_gpu_after_optimizations-buffer-assignment.txt
 create mode 100644 .planning/phases/21-benchmark-bottleneck-diagnosis/hlo_dumps/pscan_P20_cold/module_0184.jit_multiply.sm_8.9_gpu_after_optimizations.txt
 create mode 100644 .planning/phases/21-benchmark-bottleneck-diagnosis/hlo_dumps/pscan_P20_cold/module_0187.jit_subtract.sm_8.9_gpu_after_optimizations-buffer-assignment.txt
 create mode 100644 .planning/phases/21-benchmark-bottleneck-diagnosis/hlo_dumps/pscan_P20_cold/module_0187.jit_subtract.sm_8.9_gpu_after_optimizations.txt
 create mode 100644 .planning/phases/21-benchmark-bottleneck-diagnosis/hlo_dumps/pscan_P20_cold/module_0190.jit_multiply.sm_8.9_gpu_after_optimizations-buffer-assignment.txt
 create mode 100644 .planning/phases/21-benchmark-bottleneck-diagnosis/hlo_dumps/pscan_P20_cold/module_0190.jit_multiply.sm_8.9_gpu_after_optimizations.txt
 create mode 100644 .planning/phases/21-benchmark-bottleneck-diagnosis/hlo_dumps/pscan_P20_cold/module_0193.jit_add.sm_8.9_gpu_after_optimizations-buffer-assignment.txt
 create mode 100644 .planning/phases/21-benchmark-bottleneck-diagnosis/hlo_dumps/pscan_P20_cold/module_0193.jit_add.sm_8.9_gpu_after_optimizations.txt
 create mode 100644 .planning/phases/21-benchmark-bottleneck-diagnosis/hlo_dumps/pscan_P20_cold/module_0196.jit_broadcast_in_dim.sm_8.9_gpu_after_optimizations-buffer-assignment.txt
 create mode 100644 .planning/phases/21-benchmark-bottleneck-diagnosis/hlo_dumps/pscan_P20_cold/module_0196.jit_broadcast_in_dim.sm_8.9_gpu_after_optimizations.txt
 create mode 100644 .planning/phases/21-benchmark-bottleneck-diagnosis/hlo_dumps/pscan_P20_cold/module_0199.jit_broadcast_in_dim.sm_8.9_gpu_after_optimizations-buffer-assignment.txt
 create mode 100644 .planning/phases/21-benchmark-bottleneck-diagnosis/hlo_dumps/pscan_P20_cold/module_0199.jit_broadcast_in_dim.sm_8.9_gpu_after_optimizations.txt
 create mode 100644 .planning/phases/21-benchmark-bottleneck-diagnosis/hlo_dumps/pscan_P20_cold/module_0202.jit_concatenate.sm_8.9_gpu_after_optimizations-buffer-assignment.txt
 create mode 100644 .planning/phases/21-benchmark-bottleneck-diagnosis/hlo_dumps/pscan_P20_cold/module_0202.jit_concatenate.sm_8.9_gpu_after_optimizations.txt
 create mode 100644 .planning/phases/21-benchmark-bottleneck-diagnosis/hlo_dumps/pscan_P20_cold/module_0205.jit_broadcast_in_dim.sm_8.9_gpu_after_optimizations-buffer-assignment.txt
 create mode 100644 .planning/phases/21-benchmark-bottleneck-diagnosis/hlo_dumps/pscan_P20_cold/module_0205.jit_broadcast_in_dim.sm_8.9_gpu_after_optimizations.txt
 create mode 100644 .planning/phases/21-benchmark-bottleneck-diagnosis/hlo_dumps/pscan_P20_cold/module_0208.jit_log_softmax.sm_8.9_gpu_after_optimizations-buffer-assignment.txt
 create mode 100644 .planning/phases/21-benchmark-bottleneck-diagnosis/hlo_dumps/pscan_P20_cold/module_0208.jit_log_softmax.sm_8.9_gpu_after_optimizations.txt
 create mode 100644 .planning/phases/21-benchmark-bottleneck-diagnosis/hlo_dumps/pscan_P20_cold/module_0211.jit_broadcast_in_dim.sm_8.9_gpu_after_optimizations-buffer-assignment.txt
 create mode 100644 .planning/phases/21-benchmark-bottleneck-diagnosis/hlo_dumps/pscan_P20_cold/module_0211.jit_broadcast_in_dim.sm_8.9_gpu_after_optimizations.txt
 create mode 100644 .planning/phases/21-benchmark-bottleneck-diagnosis/hlo_dumps/pscan_P20_cold/module_0214.jit_take_along_axis.sm_8.9_gpu_after_optimizations-buffer-assignment.txt
 create mode 100644 .planning/phases/21-benchmark-bottleneck-diagnosis/hlo_dumps/pscan_P20_cold/module_0214.jit_take_along_axis.sm_8.9_gpu_after_optimizations.txt
 create mode 100644 .planning/phases/21-benchmark-bottleneck-diagnosis/hlo_dumps/pscan_P20_cold/module_0217.jit__squeeze.sm_8.9_gpu_after_optimizations-buffer-assignment.txt
 create mode 100644 .planning/phases/21-benchmark-bottleneck-diagnosis/hlo_dumps/pscan_P20_cold/module_0217.jit__squeeze.sm_8.9_gpu_after_optimizations.txt
 create mode 100644 .planning/phases/21-benchmark-bottleneck-diagnosis/hlo_dumps/pscan_P20_cold/module_0220.jit__where.sm_8.9_gpu_after_optimizations-buffer-assignment.txt
 create mode 100644 .planning/phases/21-benchmark-bottleneck-diagnosis/hlo_dumps/pscan_P20_cold/module_0220.jit__where.sm_8.9_gpu_after_optimizations.txt
 create mode 100644 .planning/phases/21-benchmark-bottleneck-diagnosis/hlo_dumps/pscan_P20_cold/module_0223.jit__reduce_sum.sm_8.9_gpu_after_optimizations-buffer-assignment.txt
 create mode 100644 .planning/phases/21-benchmark-bottleneck-diagnosis/hlo_dumps/pscan_P20_cold/module_0223.jit__reduce_sum.sm_8.9_gpu_after_optimizations.txt
 create mode 100644 .planning/phases/21-benchmark-bottleneck-diagnosis/hlo_dumps/pscan_P20_cold/module_0226.jit_add.sm_8.9_gpu_after_optimizations-buffer-assignment.txt
 create mode 100644 .planning/phases/21-benchmark-bottleneck-diagnosis/hlo_dumps/pscan_P20_cold/module_0226.jit_add.sm_8.9_gpu_after_optimizations.txt
 create mode 100644 .planning/phases/21-benchmark-bottleneck-diagnosis/hlo_dumps/pscan_P20_cold/module_0229.jit__reduce_sum.sm_8.9_gpu_after_optimizations-buffer-assignment.txt
 create mode 100644 .planning/phases/21-benchmark-bottleneck-diagnosis/hlo_dumps/pscan_P20_cold/module_0229.jit__reduce_sum.sm_8.9_gpu_after_optimizations.txt
 create mode 100644 .planning/phases/21-benchmark-bottleneck-diagnosis/hlo_dumps/pscan_P20_cold/module_0232.jit__reduce_sum.sm_8.9_gpu_after_optimizations-buffer-assignment.txt
 create mode 100644 .planning/phases/21-benchmark-bottleneck-diagnosis/hlo_dumps/pscan_P20_cold/module_0232.jit__reduce_sum.sm_8.9_gpu_after_optimizations.txt
 create mode 100644 .planning/phases/21-benchmark-bottleneck-diagnosis/hlo_dumps/pscan_P20_cold/module_0235.jit__where.sm_8.9_gpu_after_optimizations-buffer-assignment.txt
 create mode 100644 .planning/phases/21-benchmark-bottleneck-diagnosis/hlo_dumps/pscan_P20_cold/module_0235.jit__where.sm_8.9_gpu_after_optimizations.txt
 create mode 100644 .planning/phases/21-benchmark-bottleneck-diagnosis/hlo_dumps/pscan_P20_cold/module_0238.jit__squeeze.sm_8.9_gpu_after_optimizations-buffer-assignment.txt
 create mode 100644 .planning/phases/21-benchmark-bottleneck-diagnosis/hlo_dumps/pscan_P20_cold/module_0238.jit__squeeze.sm_8.9_gpu_after_optimizations.txt
 create mode 100644 .planning/phases/21-benchmark-bottleneck-diagnosis/hlo_dumps/pscan_P20_cold/module_0241.jit_take_along_axis.sm_8.9_gpu_after_optimizations-buffer-assignment.txt
 create mode 100644 .planning/phases/21-benchmark-bottleneck-diagnosis/hlo_dumps/pscan_P20_cold/module_0241.jit_take_along_axis.sm_8.9_gpu_after_optimizations.txt
 create mode 100644 .planning/phases/21-benchmark-bottleneck-diagnosis/hlo_dumps/pscan_P20_cold/module_0244.jit_log_softmax.sm_8.9_gpu_after_optimizations-buffer-assignment.txt
 create mode 100644 .planning/phases/21-benchmark-bottleneck-diagnosis/hlo_dumps/pscan_P20_cold/module_0244.jit_log_softmax.sm_8.9_gpu_after_optimizations.txt
 create mode 100644 .planning/phases/21-benchmark-bottleneck-diagnosis/hlo_dumps/pscan_P20_cold/module_0247.jit_dynamic_slice.sm_8.9_gpu_after_optimizations-buffer-assignment.txt
 create mode 100644 .planning/phases/21-benchmark-bottleneck-diagnosis/hlo_dumps/pscan_P20_cold/module_0247.jit_dynamic_slice.sm_8.9_gpu_after_optimizations.txt
 create mode 100644 .planning/phases/21-benchmark-bottleneck-diagnosis/hlo_dumps/pscan_P20_cold/module_0250.jit_reduce_sum.sm_8.9_gpu_after_optimizations-buffer-assignment.txt
 create mode 100644 .planning/phases/21-benchmark-bottleneck-diagnosis/hlo_dumps/pscan_P20_cold/module_0250.jit_reduce_sum.sm_8.9_gpu_after_optimizations.txt
 create mode 100644 .planning/phases/21-benchmark-bottleneck-diagnosis/hlo_dumps/pscan_P20_cold/module_0253.jit_broadcast_in_dim.sm_8.9_gpu_after_optimizations-buffer-assignment.txt
 create mode 100644 .planning/phases/21-benchmark-bottleneck-diagnosis/hlo_dumps/pscan_P20_cold/module_0253.jit_broadcast_in_dim.sm_8.9_gpu_after_optimizations.txt
 create mode 100644 .planning/phases/21-benchmark-bottleneck-diagnosis/hlo_dumps/pscan_P20_cold/module_0256.jit_add.sm_8.9_gpu_after_optimizations-buffer-assignment.txt
 create mode 100644 .planning/phases/21-benchmark-bottleneck-diagnosis/hlo_dumps/pscan_P20_cold/module_0256.jit_add.sm_8.9_gpu_after_optimizations.txt
 create mode 100644 .planning/phases/21-benchmark-bottleneck-diagnosis/hlo_dumps/pscan_P20_cold/module_0259.jit_multiply.sm_8.9_gpu_after_optimizations-buffer-assignment.txt
 create mode 100644 .planning/phases/21-benchmark-bottleneck-diagnosis/hlo_dumps/pscan_P20_cold/module_0259.jit_multiply.sm_8.9_gpu_after_optimizations.txt
 create mode 100644 .planning/phases/21-benchmark-bottleneck-diagnosis/hlo_dumps/pscan_P20_cold/module_0262.jit_subtract.sm_8.9_gpu_after_optimizations-buffer-assignment.txt
 create mode 100644 .planning/phases/21-benchmark-bottleneck-diagnosis/hlo_dumps/pscan_P20_cold/module_0262.jit_subtract.sm_8.9_gpu_after_optimizations.txt
 create mode 100644 .planning/phases/21-benchmark-bottleneck-diagnosis/hlo_dumps/pscan_P20_cold/module_0265.jit_multiply.sm_8.9_gpu_after_optimizations-buffer-assignment.txt
 create mode 100644 .planning/phases/21-benchmark-bottleneck-diagnosis/hlo_dumps/pscan_P20_cold/module_0265.jit_multiply.sm_8.9_gpu_after_optimizations.txt
 create mode 100644 .planning/phases/21-benchmark-bottleneck-diagnosis/hlo_dumps/pscan_P20_cold/module_0268.jit_subtract.sm_8.9_gpu_after_optimizations-buffer-assignment.txt
 create mode 100644 .planning/phases/21-benchmark-bottleneck-diagnosis/hlo_dumps/pscan_P20_cold/module_0268.jit_subtract.sm_8.9_gpu_after_optimizations.txt
 create mode 100644 .planning/phases/21-benchmark-bottleneck-diagnosis/hlo_dumps/pscan_P20_cold/module_0271.jit_add.sm_8.9_gpu_after_optimizations-buffer-assignment.txt
 create mode 100644 .planning/phases/21-benchmark-bottleneck-diagnosis/hlo_dumps/pscan_P20_cold/module_0271.jit_add.sm_8.9_gpu_after_optimizations.txt
 create mode 100644 .planning/phases/21-benchmark-bottleneck-diagnosis/hlo_dumps/pscan_P20_cold/module_0274.jit_sigmoid.sm_8.9_gpu_after_optimizations-buffer-assignment.txt
 create mode 100644 .planning/phases/21-benchmark-bottleneck-diagnosis/hlo_dumps/pscan_P20_cold/module_0274.jit_sigmoid.sm_8.9_gpu_after_optimizations.txt
 create mode 100644 .planning/phases/21-benchmark-bottleneck-diagnosis/hlo_dumps/pscan_P20_cold/module_0277.jit_clip.sm_8.9_gpu_after_optimizations-buffer-assignment.txt
 create mode 100644 .planning/phases/21-benchmark-bottleneck-diagnosis/hlo_dumps/pscan_P20_cold/module_0277.jit_clip.sm_8.9_gpu_after_optimizations.txt
 create mode 100644 .planning/phases/21-benchmark-bottleneck-diagnosis/hlo_dumps/pscan_P20_cold/module_0280.jit_broadcast_in_dim.sm_8.9_gpu_after_optimizations-buffer-assignment.txt
 create mode 100644 .planning/phases/21-benchmark-bottleneck-diagnosis/hlo_dumps/pscan_P20_cold/module_0280.jit_broadcast_in_dim.sm_8.9_gpu_after_optimizations.txt
 create mode 100644 .planning/phases/21-benchmark-bottleneck-diagnosis/hlo_dumps/pscan_P20_cold/module_0283.jit_scan.sm_8.9_gpu_after_optimizations-buffer-assignment.txt
 create mode 100644 .planning/phases/21-benchmark-bottleneck-diagnosis/hlo_dumps/pscan_P20_cold/module_0283.jit_scan.sm_8.9_gpu_after_optimizations.txt
 create mode 100644 .planning/phases/21-benchmark-bottleneck-diagnosis/hlo_dumps/pscan_P20_cold/module_0286.jit_reduce_sum.sm_8.9_gpu_after_optimizations-buffer-assignment.txt
 create mode 100644 .planning/phases/21-benchmark-bottleneck-diagnosis/hlo_dumps/pscan_P20_cold/module_0286.jit_reduce_sum.sm_8.9_gpu_after_optimizations.txt
 create mode 100644 .planning/phases/21-benchmark-bottleneck-diagnosis/hlo_dumps/pscan_P20_cold/module_0289.jit_broadcast_in_dim.sm_8.9_gpu_after_optimizations-buffer-assignment.txt
 create mode 100644 .planning/phases/21-benchmark-bottleneck-diagnosis/hlo_dumps/pscan_P20_cold/module_0289.jit_broadcast_in_dim.sm_8.9_gpu_after_optimizations.txt
 create mode 100644 .planning/phases/21-benchmark-bottleneck-diagnosis/hlo_dumps/pscan_P20_cold/module_0294.jit_exp.sm_8.9_gpu_after_optimizations-buffer-assignment.txt
 create mode 100644 .planning/phases/21-benchmark-bottleneck-diagnosis/hlo_dumps/pscan_P20_cold/module_0294.jit_exp.sm_8.9_gpu_after_optimizations.txt
 create mode 100644 .planning/phases/21-benchmark-bottleneck-diagnosis/hlo_dumps/pscan_P20_cold/module_0299.jit_mul.sm_8.9_gpu_after_optimizations-buffer-assignment.txt
 create mode 100644 .planning/phases/21-benchmark-bottleneck-diagnosis/hlo_dumps/pscan_P20_cold/module_0299.jit_mul.sm_8.9_gpu_after_optimizations.txt
 create mode 100644 .planning/phases/21-benchmark-bottleneck-diagnosis/hlo_dumps/pscan_P20_cold/module_0302.jit_add.sm_8.9_gpu_after_optimizations-buffer-assignment.txt
 create mode 100644 .planning/phases/21-benchmark-bottleneck-diagnosis/hlo_dumps/pscan_P20_cold/module_0302.jit_add.sm_8.9_gpu_after_optimizations.txt
 create mode 100644 .planning/phases/21-benchmark-bottleneck-diagnosis/hlo_dumps/pscan_P20_cold/module_0305.jit_broadcast_in_dim.sm_8.9_gpu_after_optimizations-buffer-assignment.txt
 create mode 100644 .planning/phases/21-benchmark-bottleneck-diagnosis/hlo_dumps/pscan_P20_cold/module_0305.jit_broadcast_in_dim.sm_8.9_gpu_after_optimizations.txt
 create mode 100644 .planning/phases/21-benchmark-bottleneck-diagnosis/hlo_dumps/pscan_P20_cold/module_0310.jit__threefry_split.sm_8.9_gpu_after_optimizations-buffer-assignment.txt
 create mode 100644 .planning/phases/21-benchmark-bottleneck-diagnosis/hlo_dumps/pscan_P20_cold/module_0310.jit__threefry_split.sm_8.9_gpu_after_optimizations.txt
 create mode 100644 .planning/phases/21-benchmark-bottleneck-diagnosis/hlo_dumps/pscan_P20_cold/module_0313.jit_convert_element_type.sm_8.9_gpu_after_optimizations-buffer-assignment.txt
 create mode 100644 .planning/phases/21-benchmark-bottleneck-diagnosis/hlo_dumps/pscan_P20_cold/module_0313.jit_convert_element_type.sm_8.9_gpu_after_optimizations.txt
 create mode 100644 .planning/phases/21-benchmark-bottleneck-diagnosis/hlo_dumps/pscan_P20_cold/module_0316.jit_iota.sm_8.9_gpu_after_optimizations-buffer-assignment.txt
 create mode 100644 .planning/phases/21-benchmark-bottleneck-diagnosis/hlo_dumps/pscan_P20_cold/module_0316.jit_iota.sm_8.9_gpu_after_optimizations.txt
 create mode 100644 .planning/phases/21-benchmark-bottleneck-diagnosis/hlo_dumps/pscan_P20_cold/module_0319.jit_scan.sm_8.9_gpu_after_optimizations-buffer-assignment.txt
 create mode 100644 .planning/phases/21-benchmark-bottleneck-diagnosis/hlo_dumps/pscan_P20_cold/module_0319.jit_scan.sm_8.9_gpu_after_optimizations.txt
 create mode 100644 .planning/phases/21-benchmark-bottleneck-diagnosis/hlo_dumps/pscan_P20_cold/module_0322.jit_exp.sm_8.9_gpu_after_optimizations-buffer-assignment.txt
 create mode 100644 .planning/phases/21-benchmark-bottleneck-diagnosis/hlo_dumps/pscan_P20_cold/module_0322.jit_exp.sm_8.9_gpu_after_optimizations.txt
 create mode 100644 .planning/phases/21-benchmark-bottleneck-diagnosis/hlo_dumps/pscan_P20_cold/module_0325.jit__threefry_split.sm_8.9_gpu_after_optimizations-buffer-assignment.txt
 create mode 100644 .planning/phases/21-benchmark-bottleneck-diagnosis/hlo_dumps/pscan_P20_cold/module_0325.jit__threefry_split.sm_8.9_gpu_after_optimizations.txt
 create mode 100644 .planning/phases/21-benchmark-bottleneck-diagnosis/hlo_dumps/pscan_P20_cold/module_0328.jit_broadcast_in_dim.sm_8.9_gpu_after_optimizations-buffer-assignment.txt
 create mode 100644 .planning/phases/21-benchmark-bottleneck-diagnosis/hlo_dumps/pscan_P20_cold/module_0328.jit_broadcast_in_dim.sm_8.9_gpu_after_optimizations.txt
 create mode 100644 .planning/phases/21-benchmark-bottleneck-diagnosis/hlo_dumps/pscan_P20_cold/module_0331.jit_broadcast_in_dim.sm_8.9_gpu_after_optimizations-buffer-assignment.txt
 create mode 100644 .planning/phases/21-benchmark-bottleneck-diagnosis/hlo_dumps/pscan_P20_cold/module_0331.jit_broadcast_in_dim.sm_8.9_gpu_after_optimizations.txt
 create mode 100644 .planning/phases/21-benchmark-bottleneck-diagnosis/hlo_dumps/pscan_P20_cold/module_0334.jit_dynamic_slice.sm_8.9_gpu_after_optimizations-buffer-assignment.txt
 create mode 100644 .planning/phases/21-benchmark-bottleneck-diagnosis/hlo_dumps/pscan_P20_cold/module_0334.jit_dynamic_slice.sm_8.9_gpu_after_optimizations.txt
 create mode 100644 .planning/phases/21-benchmark-bottleneck-diagnosis/hlo_dumps/pscan_P20_cold/module_0337.jit_squeeze.sm_8.9_gpu_after_optimizations-buffer-assignment.txt
 create mode 100644 .planning/phases/21-benchmark-bottleneck-diagnosis/hlo_dumps/pscan_P20_cold/module_0337.jit_squeeze.sm_8.9_gpu_after_optimizations.txt
 create mode 100644 .planning/phases/21-benchmark-bottleneck-diagnosis/hlo_dumps/pscan_P20_cold/module_0340.jit_scan.sm_8.9_gpu_after_optimizations-buffer-assignment.txt
 create mode 100644 .planning/phases/21-benchmark-bottleneck-diagnosis/hlo_dumps/pscan_P20_cold/module_0340.jit_scan.sm_8.9_gpu_after_optimizations.txt
 create mode 100644 .planning/phases/21-benchmark-bottleneck-diagnosis/hlo_dumps/pscan_P20_cold/module_0343.jit_transpose.sm_8.9_gpu_after_optimizations-buffer-assignment.txt
 create mode 100644 .planning/phases/21-benchmark-bottleneck-diagnosis/hlo_dumps/pscan_P20_cold/module_0343.jit_transpose.sm_8.9_gpu_after_optimizations.txt
 create mode 100644 .planning/phases/21-benchmark-bottleneck-diagnosis/hlo_dumps/pscan_P20_cold/module_0346.jit_transpose.sm_8.9_gpu_after_optimizations-buffer-assignment.txt
 create mode 100644 .planning/phases/21-benchmark-bottleneck-diagnosis/hlo_dumps/pscan_P20_cold/module_0346.jit_transpose.sm_8.9_gpu_after_optimizations.txt
 create mode 100644 .planning/phases/21-benchmark-bottleneck-diagnosis/hlo_dumps/pscan_P20_cold/module_0349.jit_transpose.sm_8.9_gpu_after_optimizations-buffer-assignment.txt
 create mode 100644 .planning/phases/21-benchmark-bottleneck-diagnosis/hlo_dumps/pscan_P20_cold/module_0349.jit_transpose.sm_8.9_gpu_after_optimizations.txt
 create mode 100644 .planning/phases/21-benchmark-bottleneck-diagnosis/hlo_dumps/pscan_P20_cold/module_0352.jit_transpose.sm_8.9_gpu_after_optimizations-buffer-assignment.txt
 create mode 100644 .planning/phases/21-benchmark-bottleneck-diagnosis/hlo_dumps/pscan_P20_cold/module_0352.jit_transpose.sm_8.9_gpu_after_optimizations.txt
 create mode 100644 .planning/phases/21-benchmark-bottleneck-diagnosis/hlo_dumps/pscan_P20_cold/module_0371.jit_scan.sm_8.9_gpu_after_optimizations-buffer-assignment.txt
 create mode 100644 .planning/phases/21-benchmark-bottleneck-diagnosis/hlo_dumps/pscan_P20_cold/module_0371.jit_scan.sm_8.9_gpu_after_optimizations.txt
 create mode 100644 cluster/logs/diag21_pscan_54902367.err
 create mode 100644 cluster/logs/diag21_pscan_54902367.out
Pushed Phase 21 p-scan probe artifacts (P=20 cold) to origin/main
