Added ptxas to PATH: /scratch/fc37/aman0087/conda/envs/ds_env/lib/python3.10/site-packages/nvidia/cuda_nvcc/bin

=== CUDA Environment Check ===
Driver CUDA version: 12.8
ptxas CUDA version:  12.8
OK: ptxas version <= driver version (XLA parallel compilation enabled)

============================================================
Phase 21 P-scan Probe
============================================================
Job ID:       54902460
Node:         m3g108
GPU(s):       0
JAX cache:    /scratch/fc37/aman0087/.jax_cache_gpu/shared
JAX_LOG_COMPILES: 1
PROBE_P:      20
PROBE_ROLE:   cold
Start:        Mon Apr 20 03:36:39 AM AEST 2026
============================================================

JAX devices: [CudaDevice(id=0)]
GPU: cuda:0

========================================
P-scan probe: P=20 role=cold
========================================
Start: Mon Apr 20 03:36:46 AM AEST 2026
XLA_FLAGS=--xla_dump_hlo_as_text --xla_dump_to=.planning/phases/21-benchmark-bottleneck-diagnosis/hlo_dumps/pscan_P20_cold
Probe exit: 0
--- pscan P=20 role=cold log tail (80 lines) ---
    args[0]: i64[10,2]
  closest seen input type signature has 1 mismatches, including:
    * at args[0], seen bool[10,2], but now given i64[10,2]
Compiling transpose with global shapes and types [ShapedArray(int64[10,2], weak_type=True)]. Argument mapping: (UnspecifiedValue,).
Finished jaxpr to MLIR module conversion jit(transpose) in 0.001458883 sec
Persistent compilation cache hit for 'jit_transpose' with key 'jit_transpose-9bfa08eb1e637926601615c6997d58e076129f93f38c90acb9e366528ddb56b1'
Finished XLA compilation of jit(transpose) in 0.001961708 sec
Finished tracing + transforming scan for pjit in 0.000842333 sec
TRACING CACHE MISS at /fs04/fc37/adam/projects/psilocybin-prl-analyses/src/prl_hgf/fitting/hierarchical_patrl.py:160 (_build_session_scanner_patrl) because:
  never seen function:
    scan id=140448049355152 defined at /scratch/fc37/aman0087/conda/envs/ds_env/lib/python3.10/site-packages/jax/_src/dispatch.py:94
  but seen another function defined on the same line; maybe the function is
  being re-defined repeatedly, preventing caching?
Compiling scan with global shapes and types [ShapedArray(float64[], weak_type=True), ShapedArray(float64[], weak_type=True), ShapedArray(float64[], weak_type=True), ShapedArray(float64[]), ShapedArray(int64[], weak_type=True), ShapedArray(float64[], weak_type=True), ShapedArray(float64[], weak_type=True), ShapedArray(float64[1]), ShapedArray(float64[], weak_type=True), ShapedArray(float64[], weak_type=True), ShapedArray(float64[], weak_type=True), ShapedArray(float64[], weak_type=True), ShapedArray(int64[], weak_type=True), ShapedArray(float64[], weak_type=True), ShapedArray(float64[], weak_type=True), ShapedArray(float64[], weak_type=True), ShapedArray(float64[], weak_type=True), ShapedArray(float64[], weak_type=True), ShapedArray(float64[], weak_type=True), ShapedArray(float64[], weak_type=True), ShapedArray(float64[1]), ShapedArray(float64[1]), ShapedArray(float64[], weak_type=True), ShapedArray(float64[], weak_type=True), ShapedArray(float64[], weak_type=True), ShapedArray(float64[], weak_type=True), ShapedArray(int64[], weak_type=True), ShapedArray(float64[], weak_type=True), ShapedArray(float64[], weak_type=True), ShapedArray(float64[], weak_type=True), ShapedArray(float64[], weak_type=True), ShapedArray(float64[], weak_type=True), ShapedArray(float64[], weak_type=True), ShapedArray(float64[], weak_type=True), ShapedArray(float64[1]), ShapedArray(float64[1,1]), ShapedArray(int64[1]), ShapedArray(float64[1])]. Argument mapping: (UnspecifiedValue, UnspecifiedValue, UnspecifiedValue, UnspecifiedValue, UnspecifiedValue, UnspecifiedValue, UnspecifiedValue, UnspecifiedValue, UnspecifiedValue, UnspecifiedValue, UnspecifiedValue, UnspecifiedValue, UnspecifiedValue, UnspecifiedValue, UnspecifiedValue, UnspecifiedValue, UnspecifiedValue, UnspecifiedValue, UnspecifiedValue, UnspecifiedValue, UnspecifiedValue, UnspecifiedValue, UnspecifiedValue, UnspecifiedValue, UnspecifiedValue, UnspecifiedValue, UnspecifiedValue, UnspecifiedValue, UnspecifiedValue, UnspecifiedValue, UnspecifiedValue, UnspecifiedValue, UnspecifiedValue, UnspecifiedValue, UnspecifiedValue, UnspecifiedValue, UnspecifiedValue, UnspecifiedValue).
Finished jaxpr to MLIR module conversion jit(scan) in 0.051261187 sec
Persistent compilation cache hit for 'jit_scan' with key 'jit_scan-6b3ba0a8612af8dd3bdfeb2dbfdf7977404bb3a13298aac925e796a8613aba82'
Finished XLA compilation of jit(scan) in 0.012363434 sec
Compiling exp with global shapes and types [ShapedArray(float64[20], weak_type=True)]. Argument mapping: (UnspecifiedValue,).
Finished jaxpr to MLIR module conversion jit(exp) in 0.001662254 sec
Persistent compilation cache hit for 'jit_exp' with key 'jit_exp-1c34c04be2ce944f77f17a2bb3321e1d0afafa0b9493778df52fed0dc5b6856e'
Finished XLA compilation of jit(exp) in 0.003034353 sec
Compiling beliefs_propagation with global shapes and types []. Argument mapping: ().
Finished jaxpr to MLIR module conversion jit(beliefs_propagation) in 0.007874250 sec
Persistent compilation cache hit for 'jit_beliefs_propagation' with key 'jit_beliefs_propagation-72bc30b5bde3b1c2a6f65bcccb74630f337262e3a89908178979422b4f3e3118'
Finished XLA compilation of jit(beliefs_propagation) in 0.004130125 sec
Finished tracing + transforming scan for pjit in 0.001060009 sec
TRACING CACHE MISS at /fs04/fc37/adam/projects/psilocybin-prl-analyses/src/prl_hgf/fitting/hierarchical_patrl.py:378 (_single_logp) because:
  never seen function:
    scan id=140446993680992 defined at /scratch/fc37/aman0087/conda/envs/ds_env/lib/python3.10/site-packages/jax/_src/dispatch.py:94
  but seen another function defined on the same line; maybe the function is
  being re-defined repeatedly, preventing caching?
Compiling scan with global shapes and types [ShapedArray(float64[20]), ShapedArray(float64[20]), ShapedArray(float64[20]), ShapedArray(float64[20], weak_type=True), ShapedArray(float64[20], weak_type=True), ShapedArray(float64[20], weak_type=True), ShapedArray(float64[20]), ShapedArray(int32[20]), ShapedArray(float64[20], weak_type=True), ShapedArray(float64[20], weak_type=True), ShapedArray(float64[20,1]), ShapedArray(float64[20], weak_type=True), ShapedArray(float64[20], weak_type=True), ShapedArray(float64[20], weak_type=True), ShapedArray(float64[20], weak_type=True), ShapedArray(int64[20], weak_type=True), ShapedArray(float64[20], weak_type=True), ShapedArray(float64[20], weak_type=True), ShapedArray(float64[20], weak_type=True), ShapedArray(float64[20], weak_type=True), ShapedArray(float64[20], weak_type=True), ShapedArray(float64[20], weak_type=True), ShapedArray(float64[20], weak_type=True), ShapedArray(float64[20,1]), ShapedArray(float64[20,1]), ShapedArray(float64[20], weak_type=True), ShapedArray(float64[20], weak_type=True), ShapedArray(float64[20], weak_type=True), ShapedArray(float64[20], weak_type=True), ShapedArray(int64[20], weak_type=True), ShapedArray(float64[20], weak_type=True), ShapedArray(float64[20], weak_type=True), ShapedArray(float64[20], weak_type=True), ShapedArray(float64[20], weak_type=True), ShapedArray(float64[20], weak_type=True), ShapedArray(float64[20], weak_type=True), ShapedArray(float64[20], weak_type=True), ShapedArray(float64[20,1]), ShapedArray(float64[192,20,1]), ShapedArray(int32[192]), ShapedArray(float64[192])]. Argument mapping: (UnspecifiedValue, UnspecifiedValue, UnspecifiedValue, UnspecifiedValue, UnspecifiedValue, UnspecifiedValue, UnspecifiedValue, UnspecifiedValue, UnspecifiedValue, UnspecifiedValue, UnspecifiedValue, UnspecifiedValue, UnspecifiedValue, UnspecifiedValue, UnspecifiedValue, UnspecifiedValue, UnspecifiedValue, UnspecifiedValue, UnspecifiedValue, UnspecifiedValue, UnspecifiedValue, UnspecifiedValue, UnspecifiedValue, UnspecifiedValue, UnspecifiedValue, UnspecifiedValue, UnspecifiedValue, UnspecifiedValue, UnspecifiedValue, UnspecifiedValue, UnspecifiedValue, UnspecifiedValue, UnspecifiedValue, UnspecifiedValue, UnspecifiedValue, UnspecifiedValue, UnspecifiedValue, UnspecifiedValue, UnspecifiedValue, UnspecifiedValue, UnspecifiedValue).
Finished jaxpr to MLIR module conversion jit(scan) in 0.100991488 sec
Persistent compilation cache hit for 'jit_scan' with key 'jit_scan-ffe74e34001f93b25f62dc294ee330127b2b7d6b359d447e520a229b6bcf0786'
Finished XLA compilation of jit(scan) in 0.049713850 sec
Compiling multiply with global shapes and types [ShapedArray(float64[20], weak_type=True), ShapedArray(float64[20,192])]. Argument mapping: (UnspecifiedValue, UnspecifiedValue).
Finished jaxpr to MLIR module conversion jit(multiply) in 0.002062082 sec
Persistent compilation cache hit for 'jit_multiply' with key 'jit_multiply-5a5115722b4b8f8a1b0d66414b5f53887250ecf64971d0e0f6b62bf07f194c01'
Finished XLA compilation of jit(multiply) in 0.002761602 sec
Compiling add with global shapes and types [ShapedArray(float64[20,192]), ShapedArray(float64[20], weak_type=True)]. Argument mapping: (UnspecifiedValue, UnspecifiedValue).
Finished jaxpr to MLIR module conversion jit(add) in 0.001562834 sec
Persistent compilation cache hit for 'jit_add' with key 'jit_add-dfad2abae5b0bb2ea65ce765312d58cf21d647bc7b318565278865be19847c6b'
Finished XLA compilation of jit(add) in 0.002279520 sec
Finished tracing + transforming scan for pjit in 0.000736237 sec
TRACING CACHE MISS at /fs04/fc37/adam/projects/psilocybin-prl-analyses/src/prl_hgf/fitting/hierarchical_patrl.py:378 (_single_logp) because:
  never seen function:
    scan id=140446977988864 defined at /scratch/fc37/aman0087/conda/envs/ds_env/lib/python3.10/site-packages/jax/_src/dispatch.py:94
  but seen another function defined on the same line; maybe the function is
  being re-defined repeatedly, preventing caching?
Compiling scan with global shapes and types [ShapedArray(float64[20]), ShapedArray(float64[20]), ShapedArray(float64[20]), ShapedArray(float64[20]), ShapedArray(float64[20]), ShapedArray(float64[20]), ShapedArray(float64[20]), ShapedArray(float64[20]), ShapedArray(float64[20], weak_type=True), ShapedArray(float64[20]), ShapedArray(float64[20]), ShapedArray(float64[20]), ShapedArray(float64[20], weak_type=True), ShapedArray(float64[20]), ShapedArray(float64[20]), ShapedArray(float64[20]), ShapedArray(float64[20]), ShapedArray(float64[20], weak_type=True), ShapedArray(float64[20]), ShapedArray(float64[20], weak_type=True), ShapedArray(float64[20,1]), ShapedArray(float64[192,20]), ShapedArray(float64[192,20], weak_type=True), ShapedArray(float64[192,20], weak_type=True), ShapedArray(float64[192]), ShapedArray(float64[192,20], weak_type=True), ShapedArray(bool[192,20]), ShapedArray(float64[192,20]), ShapedArray(float64[192,20]), ShapedArray(float64[192,20], weak_type=True), ShapedArray(float64[192,20]), ShapedArray(float64[192,20], weak_type=True), ShapedArray(float64[192,20], weak_type=True), ShapedArray(float64[192,20]), ShapedArray(float64[192,20]), ShapedArray(bool[192,20]), ShapedArray(float64[192,20]), ShapedArray(float64[192,20]), ShapedArray(float64[192,20], weak_type=True), ShapedArray(float64[192,20]), ShapedArray(float64[192,20]), ShapedArray(float64[192,20]), ShapedArray(float64[192,20]), ShapedArray(float64[192]), ShapedArray(float64[192,20]), ShapedArray(float64[192,20]), ShapedArray(float64[192,20]), ShapedArray(int32[192]), ShapedArray(float64[192,20], weak_type=True), ShapedArray(float64[192]), ShapedArray(float64[192,20]), ShapedArray(float64[192,20]), ShapedArray(float64[192,20]), ShapedArray(bool[192,20]), ShapedArray(float64[192,20]), ShapedArray(float64[192,20]), ShapedArray(float64[192,20]), ShapedArray(float64[192,20]), ShapedArray(float64[192,20]), ShapedArray(float64[192,20]), ShapedArray(float64[192]), ShapedArray(float64[192,20]), ShapedArray(float64[192,20]), ShapedArray(float64[192,20]), ShapedArray(float64[192,20]), ShapedArray(float64[192,20]), ShapedArray(float64[192,20]), ShapedArray(float64[192,20]), ShapedArray(float64[192,20]), ShapedArray(float64[192,20]), ShapedArray(float64[192,20]), ShapedArray(float64[192,20]), ShapedArray(int32[192,20]), ShapedArray(bool[192,20]), ShapedArray(float64[192,20], weak_type=True), ShapedArray(float64[192,20]), ShapedArray(float64[192,20], weak_type=True), ShapedArray(float64[192,20]), ShapedArray(bool[192,20]), ShapedArray(bool[192,20,1]), ShapedArray(float64[192,20]), ShapedArray(float64[192,20]), ShapedArray(float64[192,20]), ShapedArray(float64[192,20]), ShapedArray(float64[192,20]), ShapedArray(float64[192,20]), ShapedArray(float64[192,20]), ShapedArray(float64[192,20]), ShapedArray(float64[192,20]), ShapedArray(float64[192,20]), ShapedArray(bool[192,20]), ShapedArray(bool[192,20]), ShapedArray(bool[192,20,1])]. Argument mapping: (UnspecifiedValue, UnspecifiedValue, UnspecifiedValue, UnspecifiedValue, UnspecifiedValue, UnspecifiedValue, UnspecifiedValue, UnspecifiedValue, UnspecifiedValue, UnspecifiedValue, UnspecifiedValue, UnspecifiedValue, UnspecifiedValue, UnspecifiedValue, UnspecifiedValue, UnspecifiedValue, UnspecifiedValue, UnspecifiedValue, UnspecifiedValue, UnspecifiedValue, UnspecifiedValue, UnspecifiedValue, UnspecifiedValue, UnspecifiedValue, UnspecifiedValue, UnspecifiedValue, UnspecifiedValue, UnspecifiedValue, UnspecifiedValue, UnspecifiedValue, UnspecifiedValue, UnspecifiedValue, UnspecifiedValue, UnspecifiedValue, UnspecifiedValue, UnspecifiedValue, UnspecifiedValue, UnspecifiedValue, UnspecifiedValue, UnspecifiedValue, UnspecifiedValue, UnspecifiedValue, UnspecifiedValue, UnspecifiedValue, UnspecifiedValue, UnspecifiedValue, UnspecifiedValue, UnspecifiedValue, UnspecifiedValue, UnspecifiedValue, UnspecifiedValue, UnspecifiedValue, UnspecifiedValue, UnspecifiedValue, UnspecifiedValue, UnspecifiedValue, UnspecifiedValue, UnspecifiedValue, UnspecifiedValue, UnspecifiedValue, UnspecifiedValue, UnspecifiedValue, UnspecifiedValue, UnspecifiedValue, UnspecifiedValue, UnspecifiedValue, UnspecifiedValue, UnspecifiedValue, UnspecifiedValue, UnspecifiedValue, UnspecifiedValue, UnspecifiedValue, UnspecifiedValue, UnspecifiedValue, UnspecifiedValue, UnspecifiedValue, UnspecifiedValue, UnspecifiedValue, UnspecifiedValue, UnspecifiedValue, UnspecifiedValue, UnspecifiedValue, UnspecifiedValue, UnspecifiedValue, UnspecifiedValue, UnspecifiedValue, UnspecifiedValue, UnspecifiedValue, UnspecifiedValue, UnspecifiedValue, UnspecifiedValue, UnspecifiedValue, UnspecifiedValue).
Finished jaxpr to MLIR module conversion jit(scan) in 0.074931145 sec
Persistent compilation cache hit for 'jit_scan' with key 'jit_scan-b398bbb9d9b21b4baed0527e4d56b7f36a0b5c98d8e6cc1343e9be1f2fcf6f2b'
Finished XLA compilation of jit(scan) in 0.025106668 sec
Finished tracing + transforming scan for pjit in 0.000921011 sec
TRACING CACHE MISS at /fs04/fc37/adam/projects/psilocybin-prl-analyses/src/prl_hgf/fitting/hierarchical.py:1011 (_run_blackjax_nuts) because:
  never seen function:
    scan id=140446459264688 defined at /scratch/fc37/aman0087/conda/envs/ds_env/lib/python3.10/site-packages/jax/_src/dispatch.py:94
  but seen another function defined on the same line; maybe the function is
  being re-defined repeatedly, preventing caching?
Compiling scan with global shapes and types [ShapedArray(int32[20,192]), ShapedArray(float64[1]), ShapedArray(float64[1]), ShapedArray(float64[1]), ShapedArray(float32[20,192]), ShapedArray(float32[20,192]), ShapedArray(int32[20,192]), ShapedArray(bool[20,192]), ShapedArray(float64[20], weak_type=True), ShapedArray(float64[20], weak_type=True), ShapedArray(float64[20], weak_type=True), ShapedArray(float64[20], weak_type=True), ShapedArray(float64[20], weak_type=True), ShapedArray(float64[20], weak_type=True), ShapedArray(float64[]), ShapedArray(float64[20], weak_type=True), ShapedArray(float64[20], weak_type=True), ShapedArray(float64[20], weak_type=True), ShapedArray(float64[20], weak_type=True), ShapedArray(float64[20], weak_type=True), ShapedArray(float64[20], weak_type=True), ShapedArray(float64[], weak_type=True), ShapedArray(float64[], weak_type=True), ShapedArray(int64[], weak_type=True), ShapedArray(float64[], weak_type=True), ShapedArray(float64[], weak_type=True), ShapedArray(float64[120]), ShapedArray(float64[120]), ShapedArray(float64[120]), ShapedArray(int64[], weak_type=True), ShapedArray(float64[], weak_type=True), ShapedArray(float64[120]), ShapedArray(uint32[10,2]), ShapedArray(int64[10,2])]. Argument mapping: (UnspecifiedValue, UnspecifiedValue, UnspecifiedValue, UnspecifiedValue, UnspecifiedValue, UnspecifiedValue, UnspecifiedValue, UnspecifiedValue, UnspecifiedValue, UnspecifiedValue, UnspecifiedValue, UnspecifiedValue, UnspecifiedValue, UnspecifiedValue, UnspecifiedValue, UnspecifiedValue, UnspecifiedValue, UnspecifiedValue, UnspecifiedValue, UnspecifiedValue, UnspecifiedValue, UnspecifiedValue, UnspecifiedValue, UnspecifiedValue, UnspecifiedValue, UnspecifiedValue, UnspecifiedValue, UnspecifiedValue, UnspecifiedValue, UnspecifiedValue, UnspecifiedValue, UnspecifiedValue, UnspecifiedValue, UnspecifiedValue).
Finished jaxpr to MLIR module conversion jit(scan) in 0.411397934 sec
Persistent compilation cache hit for 'jit_scan' with key 'jit_scan-fc6be8dc07c5e396c4aaed8004af7a0c849b7035b482dd66f4049ae43dab606b'
Finished XLA compilation of jit(scan) in 0.259805679 sec
Finished tracing + transforming _one_step for pjit in 1.334957600 sec
TRACING CACHE MISS at /fs04/fc37/adam/projects/psilocybin-prl-analyses/src/prl_hgf/fitting/hierarchical.py:1153 (_run_vmap_chains) because:
  never seen function:
    _run_vmap_chains.<locals>._one_step id=140446060766848 defined at /fs04/fc37/adam/projects/psilocybin-prl-analyses/src/prl_hgf/fitting/hierarchical.py:1144
  but seen another function defined on the same line; maybe the function is
  being re-defined repeatedly, preventing caching?
Finished tracing + transforming scan for pjit in 0.000736237 sec
TRACING CACHE MISS at /fs04/fc37/adam/projects/psilocybin-prl-analyses/src/prl_hgf/fitting/hierarchical.py:1153 (_run_vmap_chains) because:
  never seen function:
    scan id=140446060772896 defined at /scratch/fc37/aman0087/conda/envs/ds_env/lib/python3.10/site-packages/jax/_src/dispatch.py:94
  but seen another function defined on the same line; maybe the function is
  being re-defined repeatedly, preventing caching?
Compiling scan with global shapes and types [ShapedArray(float64[2,20], weak_type=True), ShapedArray(float64[2,20], weak_type=True), ShapedArray(float64[2,20], weak_type=True), ShapedArray(float64[2,20], weak_type=True), ShapedArray(float64[2,20], weak_type=True), ShapedArray(float64[2,20], weak_type=True), ShapedArray(float64[2]), ShapedArray(float64[2,20], weak_type=True), ShapedArray(float64[2,20], weak_type=True), ShapedArray(float64[2,20], weak_type=True), ShapedArray(float64[2,20], weak_type=True), ShapedArray(float64[2,20], weak_type=True), ShapedArray(float64[2,20], weak_type=True), ShapedArray(uint32[10,2])]. Argument mapping: (UnspecifiedValue, UnspecifiedValue, UnspecifiedValue, UnspecifiedValue, UnspecifiedValue, UnspecifiedValue, UnspecifiedValue, UnspecifiedValue, UnspecifiedValue, UnspecifiedValue, UnspecifiedValue, UnspecifiedValue, UnspecifiedValue, UnspecifiedValue).
Finished jaxpr to MLIR module conversion jit(scan) in 0.561703444 sec
Persistent compilation cache hit for 'jit_scan' with key 'jit_scan-fd4bef7beb6657ce2f8b06101d9c38b390f0e9ac03d9c61154d561a11958cd20'
Finished XLA compilation of jit(scan) in 0.252045155 sec
--p-scan 20 complete: status=completed, cold=187.8s, warm=176.8s, row appended to .planning/phases/21-benchmark-bottleneck-diagnosis/jit_scaling_sweep.csv
--- end log ---
End: Mon Apr 20 03:43:33 AM AEST 2026


========================================
Phase 21 p-scan probe: git auto-push
========================================
[main 7964c15] chore(21-05): p-scan probe P=20 role=cold job=54902460
 4 files changed, 1017 insertions(+), 997 deletions(-)
 create mode 100644 cluster/logs/diag21_pscan_54902460.err
 create mode 100644 cluster/logs/diag21_pscan_54902460.out
Pushed Phase 21 p-scan probe artifacts (P=20 cold) to origin/main
