Added ptxas to PATH: /scratch/fc37/aman0087/conda/envs/ds_env/lib/python3.10/site-packages/nvidia/cuda_nvcc/bin

=== CUDA Environment Check ===
Driver CUDA version: 12.8
ptxas CUDA version:  12.8
OK: ptxas version <= driver version (XLA parallel compilation enabled)

============================================================
Phase 21 P-scan Probe
============================================================
Job ID:       54901805
Node:         m3n112
GPU(s):       0
JAX cache:    /scratch/fc37/aman0087/.jax_cache_gpu/m3n112
JAX_LOG_COMPILES: 1
PROBE_P:      20
PROBE_ROLE:   cold
Start:        Sun Apr 19 11:20:27 PM AEST 2026
============================================================

JAX devices: [CudaDevice(id=0)]
GPU: cuda:0

========================================
P-scan probe: P=20 role=cold
========================================
Start: Sun Apr 19 11:20:34 PM AEST 2026
XLA_FLAGS=--xla_dump_hlo_as_text --xla_dump_to=.planning/phases/21-benchmark-bottleneck-diagnosis/hlo_dumps/pscan_P20_cold
Probe exit: 0
--- pscan P=20 role=cold log tail (80 lines) ---
    * at args[0], seen bool[10,2], but now given i64[10,2]
Compiling transpose with global shapes and types [ShapedArray(int64[10,2], weak_type=True)]. Argument mapping: (UnspecifiedValue,).
Finished jaxpr to MLIR module conversion jit(transpose) in 0.002731800 sec
PERSISTENT COMPILATION CACHE MISS for 'jit_transpose' with key 'jit_transpose-e4639798309ee1a9995389d51e5278e252e1c977290a71083c27a4c35b1d4438'
Writing jit_transpose to persistent compilation cache with key 'jit_transpose-e4639798309ee1a9995389d51e5278e252e1c977290a71083c27a4c35b1d4438'
Finished XLA compilation of jit(transpose) in 0.038005590 sec
Finished tracing + transforming scan for pjit in 0.001382828 sec
TRACING CACHE MISS at /fs04/fc37/adam/projects/psilocybin-prl-analyses/src/prl_hgf/fitting/hierarchical_patrl.py:160 (_build_session_scanner_patrl) because:
  never seen function:
    scan id=139645766818048 defined at /scratch/fc37/aman0087/conda/envs/ds_env/lib/python3.10/site-packages/jax/_src/dispatch.py:94
  but seen another function defined on the same line; maybe the function is
  being re-defined repeatedly, preventing caching?
Compiling scan with global shapes and types [ShapedArray(float64[], weak_type=True), ShapedArray(float64[], weak_type=True), ShapedArray(float64[], weak_type=True), ShapedArray(float64[]), ShapedArray(int64[], weak_type=True), ShapedArray(float64[], weak_type=True), ShapedArray(float64[], weak_type=True), ShapedArray(float64[1]), ShapedArray(float64[], weak_type=True), ShapedArray(float64[], weak_type=True), ShapedArray(float64[], weak_type=True), ShapedArray(float64[], weak_type=True), ShapedArray(int64[], weak_type=True), ShapedArray(float64[], weak_type=True), ShapedArray(float64[], weak_type=True), ShapedArray(float64[], weak_type=True), ShapedArray(float64[], weak_type=True), ShapedArray(float64[], weak_type=True), ShapedArray(float64[], weak_type=True), ShapedArray(float64[], weak_type=True), ShapedArray(float64[1]), ShapedArray(float64[1]), ShapedArray(float64[], weak_type=True), ShapedArray(float64[], weak_type=True), ShapedArray(float64[], weak_type=True), ShapedArray(float64[], weak_type=True), ShapedArray(int64[], weak_type=True), ShapedArray(float64[], weak_type=True), ShapedArray(float64[], weak_type=True), ShapedArray(float64[], weak_type=True), ShapedArray(float64[], weak_type=True), ShapedArray(float64[], weak_type=True), ShapedArray(float64[], weak_type=True), ShapedArray(float64[], weak_type=True), ShapedArray(float64[1]), ShapedArray(float64[1,1]), ShapedArray(int64[1]), ShapedArray(float64[1])]. Argument mapping: (UnspecifiedValue, UnspecifiedValue, UnspecifiedValue, UnspecifiedValue, UnspecifiedValue, UnspecifiedValue, UnspecifiedValue, UnspecifiedValue, UnspecifiedValue, UnspecifiedValue, UnspecifiedValue, UnspecifiedValue, UnspecifiedValue, UnspecifiedValue, UnspecifiedValue, UnspecifiedValue, UnspecifiedValue, UnspecifiedValue, UnspecifiedValue, UnspecifiedValue, UnspecifiedValue, UnspecifiedValue, UnspecifiedValue, UnspecifiedValue, UnspecifiedValue, UnspecifiedValue, UnspecifiedValue, UnspecifiedValue, UnspecifiedValue, UnspecifiedValue, UnspecifiedValue, UnspecifiedValue, UnspecifiedValue, UnspecifiedValue, UnspecifiedValue, UnspecifiedValue, UnspecifiedValue, UnspecifiedValue).
Finished jaxpr to MLIR module conversion jit(scan) in 0.095295191 sec
Persistent compilation cache hit for 'jit_scan' with key 'jit_scan-ab757baf35f59e1617a833f4cbefd3bb9120347a48e3692f82f41f53655830eb'
Finished XLA compilation of jit(scan) in 0.020387411 sec
Compiling exp with global shapes and types [ShapedArray(float64[20], weak_type=True)]. Argument mapping: (UnspecifiedValue,).
Finished jaxpr to MLIR module conversion jit(exp) in 0.002659798 sec
Persistent compilation cache hit for 'jit_exp' with key 'jit_exp-2246e83b4661d35a8b500e95b40910499861f01439f44470eeb24502f0e97dbc'
Finished XLA compilation of jit(exp) in 0.002731323 sec
Compiling beliefs_propagation with global shapes and types []. Argument mapping: ().
Finished jaxpr to MLIR module conversion jit(beliefs_propagation) in 0.014065266 sec
Persistent compilation cache hit for 'jit_beliefs_propagation' with key 'jit_beliefs_propagation-0baab3240a5836c3c2b67d82cbed5c7104346b69526de6bfc6a6208b1b689779'
Finished XLA compilation of jit(beliefs_propagation) in 0.005589247 sec
Finished tracing + transforming scan for pjit in 0.001736403 sec
TRACING CACHE MISS at /fs04/fc37/adam/projects/psilocybin-prl-analyses/src/prl_hgf/fitting/hierarchical_patrl.py:378 (_single_logp) because:
  never seen function:
    scan id=139644287467040 defined at /scratch/fc37/aman0087/conda/envs/ds_env/lib/python3.10/site-packages/jax/_src/dispatch.py:94
  but seen another function defined on the same line; maybe the function is
  being re-defined repeatedly, preventing caching?
Compiling scan with global shapes and types [ShapedArray(float64[20]), ShapedArray(float64[20]), ShapedArray(float64[20]), ShapedArray(float64[20], weak_type=True), ShapedArray(float64[20], weak_type=True), ShapedArray(float64[20], weak_type=True), ShapedArray(float64[20]), ShapedArray(int32[20]), ShapedArray(float64[20], weak_type=True), ShapedArray(float64[20], weak_type=True), ShapedArray(float64[20,1]), ShapedArray(float64[20], weak_type=True), ShapedArray(float64[20], weak_type=True), ShapedArray(float64[20], weak_type=True), ShapedArray(float64[20], weak_type=True), ShapedArray(int64[20], weak_type=True), ShapedArray(float64[20], weak_type=True), ShapedArray(float64[20], weak_type=True), ShapedArray(float64[20], weak_type=True), ShapedArray(float64[20], weak_type=True), ShapedArray(float64[20], weak_type=True), ShapedArray(float64[20], weak_type=True), ShapedArray(float64[20], weak_type=True), ShapedArray(float64[20,1]), ShapedArray(float64[20,1]), ShapedArray(float64[20], weak_type=True), ShapedArray(float64[20], weak_type=True), ShapedArray(float64[20], weak_type=True), ShapedArray(float64[20], weak_type=True), ShapedArray(int64[20], weak_type=True), ShapedArray(float64[20], weak_type=True), ShapedArray(float64[20], weak_type=True), ShapedArray(float64[20], weak_type=True), ShapedArray(float64[20], weak_type=True), ShapedArray(float64[20], weak_type=True), ShapedArray(float64[20], weak_type=True), ShapedArray(float64[20], weak_type=True), ShapedArray(float64[20,1]), ShapedArray(float64[192,20,1]), ShapedArray(int32[192]), ShapedArray(float64[192])]. Argument mapping: (UnspecifiedValue, UnspecifiedValue, UnspecifiedValue, UnspecifiedValue, UnspecifiedValue, UnspecifiedValue, UnspecifiedValue, UnspecifiedValue, UnspecifiedValue, UnspecifiedValue, UnspecifiedValue, UnspecifiedValue, UnspecifiedValue, UnspecifiedValue, UnspecifiedValue, UnspecifiedValue, UnspecifiedValue, UnspecifiedValue, UnspecifiedValue, UnspecifiedValue, UnspecifiedValue, UnspecifiedValue, UnspecifiedValue, UnspecifiedValue, UnspecifiedValue, UnspecifiedValue, UnspecifiedValue, UnspecifiedValue, UnspecifiedValue, UnspecifiedValue, UnspecifiedValue, UnspecifiedValue, UnspecifiedValue, UnspecifiedValue, UnspecifiedValue, UnspecifiedValue, UnspecifiedValue, UnspecifiedValue, UnspecifiedValue, UnspecifiedValue, UnspecifiedValue).
Finished jaxpr to MLIR module conversion jit(scan) in 0.189011574 sec
Persistent compilation cache hit for 'jit_scan' with key 'jit_scan-13fac6b2aa9ea2b056edba141d277a4d8568bbcb42ccbb788d59ae6b81811f02'
Finished XLA compilation of jit(scan) in 0.088137388 sec
Compiling multiply with global shapes and types [ShapedArray(float64[20], weak_type=True), ShapedArray(float64[20,192])]. Argument mapping: (UnspecifiedValue, UnspecifiedValue).
Finished jaxpr to MLIR module conversion jit(multiply) in 0.003108263 sec
Persistent compilation cache hit for 'jit_multiply' with key 'jit_multiply-ceac6bf82833ac7e06b4554042e37d14832dea2091eb0dd5a6a8875877d53b7b'
Finished XLA compilation of jit(multiply) in 0.003167868 sec
Compiling add with global shapes and types [ShapedArray(float64[20,192]), ShapedArray(float64[20], weak_type=True)]. Argument mapping: (UnspecifiedValue, UnspecifiedValue).
Finished jaxpr to MLIR module conversion jit(add) in 0.002784491 sec
Persistent compilation cache hit for 'jit_add' with key 'jit_add-a619e2dc8cafa0709ffa5b3a42ba1a91d8911f8c498f5b5b5833c2c7d882946f'
Finished XLA compilation of jit(add) in 0.002615929 sec
Finished tracing + transforming scan for pjit in 0.001242638 sec
TRACING CACHE MISS at /fs04/fc37/adam/projects/psilocybin-prl-analyses/src/prl_hgf/fitting/hierarchical_patrl.py:378 (_single_logp) because:
  never seen function:
    scan id=139643666995168 defined at /scratch/fc37/aman0087/conda/envs/ds_env/lib/python3.10/site-packages/jax/_src/dispatch.py:94
  but seen another function defined on the same line; maybe the function is
  being re-defined repeatedly, preventing caching?
Compiling scan with global shapes and types [ShapedArray(float64[20]), ShapedArray(float64[20]), ShapedArray(float64[20]), ShapedArray(float64[20]), ShapedArray(float64[20]), ShapedArray(float64[20]), ShapedArray(float64[20]), ShapedArray(float64[20]), ShapedArray(float64[20], weak_type=True), ShapedArray(float64[20]), ShapedArray(float64[20]), ShapedArray(float64[20]), ShapedArray(float64[20], weak_type=True), ShapedArray(float64[20]), ShapedArray(float64[20]), ShapedArray(float64[20]), ShapedArray(float64[20]), ShapedArray(float64[20], weak_type=True), ShapedArray(float64[20]), ShapedArray(float64[20], weak_type=True), ShapedArray(float64[20,1]), ShapedArray(float64[192,20]), ShapedArray(float64[192,20], weak_type=True), ShapedArray(float64[192,20], weak_type=True), ShapedArray(float64[192]), ShapedArray(float64[192,20], weak_type=True), ShapedArray(bool[192,20]), ShapedArray(float64[192,20]), ShapedArray(float64[192,20]), ShapedArray(float64[192,20], weak_type=True), ShapedArray(float64[192,20]), ShapedArray(float64[192,20], weak_type=True), ShapedArray(float64[192,20], weak_type=True), ShapedArray(float64[192,20]), ShapedArray(float64[192,20]), ShapedArray(bool[192,20]), ShapedArray(float64[192,20]), ShapedArray(float64[192,20]), ShapedArray(float64[192,20], weak_type=True), ShapedArray(float64[192,20]), ShapedArray(float64[192,20]), ShapedArray(float64[192,20]), ShapedArray(float64[192,20]), ShapedArray(float64[192]), ShapedArray(float64[192,20]), ShapedArray(float64[192,20]), ShapedArray(float64[192,20]), ShapedArray(int32[192]), ShapedArray(float64[192,20], weak_type=True), ShapedArray(float64[192]), ShapedArray(float64[192,20]), ShapedArray(float64[192,20]), ShapedArray(float64[192,20]), ShapedArray(bool[192,20]), ShapedArray(float64[192,20]), ShapedArray(float64[192,20]), ShapedArray(float64[192,20]), ShapedArray(float64[192,20]), ShapedArray(float64[192,20]), ShapedArray(float64[192,20]), ShapedArray(float64[192]), ShapedArray(float64[192,20]), ShapedArray(float64[192,20]), ShapedArray(float64[192,20]), ShapedArray(float64[192,20]), ShapedArray(float64[192,20]), ShapedArray(float64[192,20]), ShapedArray(float64[192,20]), ShapedArray(float64[192,20]), ShapedArray(float64[192,20]), ShapedArray(float64[192,20]), ShapedArray(float64[192,20]), ShapedArray(int32[192,20]), ShapedArray(bool[192,20]), ShapedArray(float64[192,20], weak_type=True), ShapedArray(float64[192,20]), ShapedArray(float64[192,20], weak_type=True), ShapedArray(float64[192,20]), ShapedArray(bool[192,20]), ShapedArray(bool[192,20,1]), ShapedArray(float64[192,20]), ShapedArray(float64[192,20]), ShapedArray(float64[192,20]), ShapedArray(float64[192,20]), ShapedArray(float64[192,20]), ShapedArray(float64[192,20]), ShapedArray(float64[192,20]), ShapedArray(float64[192,20]), ShapedArray(float64[192,20]), ShapedArray(float64[192,20]), ShapedArray(bool[192,20]), ShapedArray(bool[192,20]), ShapedArray(bool[192,20,1])]. Argument mapping: (UnspecifiedValue, UnspecifiedValue, UnspecifiedValue, UnspecifiedValue, UnspecifiedValue, UnspecifiedValue, UnspecifiedValue, UnspecifiedValue, UnspecifiedValue, UnspecifiedValue, UnspecifiedValue, UnspecifiedValue, UnspecifiedValue, UnspecifiedValue, UnspecifiedValue, UnspecifiedValue, UnspecifiedValue, UnspecifiedValue, UnspecifiedValue, UnspecifiedValue, UnspecifiedValue, UnspecifiedValue, UnspecifiedValue, UnspecifiedValue, UnspecifiedValue, UnspecifiedValue, UnspecifiedValue, UnspecifiedValue, UnspecifiedValue, UnspecifiedValue, UnspecifiedValue, UnspecifiedValue, UnspecifiedValue, UnspecifiedValue, UnspecifiedValue, UnspecifiedValue, UnspecifiedValue, UnspecifiedValue, UnspecifiedValue, UnspecifiedValue, UnspecifiedValue, UnspecifiedValue, UnspecifiedValue, UnspecifiedValue, UnspecifiedValue, UnspecifiedValue, UnspecifiedValue, UnspecifiedValue, UnspecifiedValue, UnspecifiedValue, UnspecifiedValue, UnspecifiedValue, UnspecifiedValue, UnspecifiedValue, UnspecifiedValue, UnspecifiedValue, UnspecifiedValue, UnspecifiedValue, UnspecifiedValue, UnspecifiedValue, UnspecifiedValue, UnspecifiedValue, UnspecifiedValue, UnspecifiedValue, UnspecifiedValue, UnspecifiedValue, UnspecifiedValue, UnspecifiedValue, UnspecifiedValue, UnspecifiedValue, UnspecifiedValue, UnspecifiedValue, UnspecifiedValue, UnspecifiedValue, UnspecifiedValue, UnspecifiedValue, UnspecifiedValue, UnspecifiedValue, UnspecifiedValue, UnspecifiedValue, UnspecifiedValue, UnspecifiedValue, UnspecifiedValue, UnspecifiedValue, UnspecifiedValue, UnspecifiedValue, UnspecifiedValue, UnspecifiedValue, UnspecifiedValue, UnspecifiedValue, UnspecifiedValue, UnspecifiedValue, UnspecifiedValue).
Finished jaxpr to MLIR module conversion jit(scan) in 0.141318798 sec
Persistent compilation cache hit for 'jit_scan' with key 'jit_scan-2b60985558a63c96c48a7bf951c8b13ff86a186be6fc076c55845a3c72e3c7e9'
Finished XLA compilation of jit(scan) in 0.042122364 sec
Finished tracing + transforming scan for pjit in 0.001519680 sec
TRACING CACHE MISS at /fs04/fc37/adam/projects/psilocybin-prl-analyses/src/prl_hgf/fitting/hierarchical.py:1011 (_run_blackjax_nuts) because:
  never seen function:
    scan id=139643665797696 defined at /scratch/fc37/aman0087/conda/envs/ds_env/lib/python3.10/site-packages/jax/_src/dispatch.py:94
  but seen another function defined on the same line; maybe the function is
  being re-defined repeatedly, preventing caching?
Compiling scan with global shapes and types [ShapedArray(int32[20,192]), ShapedArray(float64[1]), ShapedArray(float64[1]), ShapedArray(float64[1]), ShapedArray(float32[20,192]), ShapedArray(float32[20,192]), ShapedArray(int32[20,192]), ShapedArray(bool[20,192]), ShapedArray(float64[20], weak_type=True), ShapedArray(float64[20], weak_type=True), ShapedArray(float64[20], weak_type=True), ShapedArray(float64[20], weak_type=True), ShapedArray(float64[20], weak_type=True), ShapedArray(float64[20], weak_type=True), ShapedArray(float64[]), ShapedArray(float64[20], weak_type=True), ShapedArray(float64[20], weak_type=True), ShapedArray(float64[20], weak_type=True), ShapedArray(float64[20], weak_type=True), ShapedArray(float64[20], weak_type=True), ShapedArray(float64[20], weak_type=True), ShapedArray(float64[], weak_type=True), ShapedArray(float64[], weak_type=True), ShapedArray(int64[], weak_type=True), ShapedArray(float64[], weak_type=True), ShapedArray(float64[], weak_type=True), ShapedArray(float64[120]), ShapedArray(float64[120]), ShapedArray(float64[120]), ShapedArray(int64[], weak_type=True), ShapedArray(float64[], weak_type=True), ShapedArray(float64[120]), ShapedArray(uint32[10,2]), ShapedArray(int64[10,2])]. Argument mapping: (UnspecifiedValue, UnspecifiedValue, UnspecifiedValue, UnspecifiedValue, UnspecifiedValue, UnspecifiedValue, UnspecifiedValue, UnspecifiedValue, UnspecifiedValue, UnspecifiedValue, UnspecifiedValue, UnspecifiedValue, UnspecifiedValue, UnspecifiedValue, UnspecifiedValue, UnspecifiedValue, UnspecifiedValue, UnspecifiedValue, UnspecifiedValue, UnspecifiedValue, UnspecifiedValue, UnspecifiedValue, UnspecifiedValue, UnspecifiedValue, UnspecifiedValue, UnspecifiedValue, UnspecifiedValue, UnspecifiedValue, UnspecifiedValue, UnspecifiedValue, UnspecifiedValue, UnspecifiedValue, UnspecifiedValue, UnspecifiedValue).
Finished jaxpr to MLIR module conversion jit(scan) in 0.774454117 sec
Persistent compilation cache hit for 'jit_scan' with key 'jit_scan-f946a0a4e644d78c22f8d0d6ac389f1b7eb032175cef47781432054fa09e7a6d'
Finished XLA compilation of jit(scan) in 0.391341448 sec
Finished tracing + transforming _one_step for pjit in 2.116441250 sec
TRACING CACHE MISS at /fs04/fc37/adam/projects/psilocybin-prl-analyses/src/prl_hgf/fitting/hierarchical.py:1153 (_run_vmap_chains) because:
  never seen function:
    _run_vmap_chains.<locals>._one_step id=139643620267424 defined at /fs04/fc37/adam/projects/psilocybin-prl-analyses/src/prl_hgf/fitting/hierarchical.py:1144
  but seen another function defined on the same line; maybe the function is
  being re-defined repeatedly, preventing caching?
Finished tracing + transforming scan for pjit in 0.001215935 sec
TRACING CACHE MISS at /fs04/fc37/adam/projects/psilocybin-prl-analyses/src/prl_hgf/fitting/hierarchical.py:1153 (_run_vmap_chains) because:
  never seen function:
    scan id=139643620273040 defined at /scratch/fc37/aman0087/conda/envs/ds_env/lib/python3.10/site-packages/jax/_src/dispatch.py:94
  but seen another function defined on the same line; maybe the function is
  being re-defined repeatedly, preventing caching?
Compiling scan with global shapes and types [ShapedArray(float64[2,20], weak_type=True), ShapedArray(float64[2,20], weak_type=True), ShapedArray(float64[2,20], weak_type=True), ShapedArray(float64[2,20], weak_type=True), ShapedArray(float64[2,20], weak_type=True), ShapedArray(float64[2,20], weak_type=True), ShapedArray(float64[2]), ShapedArray(float64[2,20], weak_type=True), ShapedArray(float64[2,20], weak_type=True), ShapedArray(float64[2,20], weak_type=True), ShapedArray(float64[2,20], weak_type=True), ShapedArray(float64[2,20], weak_type=True), ShapedArray(float64[2,20], weak_type=True), ShapedArray(uint32[10,2])]. Argument mapping: (UnspecifiedValue, UnspecifiedValue, UnspecifiedValue, UnspecifiedValue, UnspecifiedValue, UnspecifiedValue, UnspecifiedValue, UnspecifiedValue, UnspecifiedValue, UnspecifiedValue, UnspecifiedValue, UnspecifiedValue, UnspecifiedValue, UnspecifiedValue).
Finished jaxpr to MLIR module conversion jit(scan) in 1.086440802 sec
PERSISTENT COMPILATION CACHE MISS for 'jit_scan' with key 'jit_scan-936ad1db4e9757371b88e80c07abb35a90aad6826618869971098b3cbaa8a09f'
Writing jit_scan to persistent compilation cache with key 'jit_scan-936ad1db4e9757371b88e80c07abb35a90aad6826618869971098b3cbaa8a09f'
Finished XLA compilation of jit(scan) in 5.191178560 sec
--p-scan 20 complete: status=completed, cold=258.6s, warm=236.9s, row appended to .planning/phases/21-benchmark-bottleneck-diagnosis/jit_scaling_sweep.csv
--- end log ---
End: Sun Apr 19 11:29:28 PM AEST 2026


========================================
Phase 21 p-scan probe: git auto-push
========================================
