Added ptxas to PATH: /scratch/fc37/aman0087/conda/envs/ds_env/lib/python3.10/site-packages/nvidia/cuda_nvcc/bin

=== CUDA Environment Check ===
Driver CUDA version: 12.8
ptxas CUDA version:  12.8
OK: ptxas version <= driver version (XLA parallel compilation enabled)

============================================================
Phase 21 NUTS (PAT-RL) JIT Probe
============================================================
Job ID:  54901802
Node:    m3g111
GPU(s):  0
JAX cache:          /scratch/fc37/aman0087/.jax_cache_gpu/m3g111
JAX_LOG_COMPILES:   1
Start:   Sun Apr 19 11:19:53 PM AEST 2026
============================================================

JAX devices: [CudaDevice(id=0)]
GPU: cuda:0

========================================
NUTS (PAT-RL) probe: P=5
========================================
Start P=5: Sun Apr 19 11:20:05 PM AEST 2026
XLA_FLAGS=--xla_dump_hlo_as_text --xla_dump_to=.planning/phases/21-benchmark-bottleneck-diagnosis/hlo_dumps/nuts_P5
--- NUTS probe P=5 log (tail 80 lines) ---
    * at args[0], seen bool[10,2], but now given i64[10,2]
Compiling transpose with global shapes and types [ShapedArray(int64[10,2], weak_type=True)]. Argument mapping: (UnspecifiedValue,).
Finished jaxpr to MLIR module conversion jit(transpose) in 0.001867294 sec
PERSISTENT COMPILATION CACHE MISS for 'jit_transpose' with key 'jit_transpose-9bfa08eb1e637926601615c6997d58e076129f93f38c90acb9e366528ddb56b1'
Writing jit_transpose to persistent compilation cache with key 'jit_transpose-9bfa08eb1e637926601615c6997d58e076129f93f38c90acb9e366528ddb56b1'
Finished XLA compilation of jit(transpose) in 0.034781694 sec
Finished tracing + transforming scan for pjit in 0.000842571 sec
TRACING CACHE MISS at /fs04/fc37/adam/projects/psilocybin-prl-analyses/src/prl_hgf/fitting/hierarchical_patrl.py:160 (_build_session_scanner_patrl) because:
  never seen function:
    scan id=139653485361136 defined at /scratch/fc37/aman0087/conda/envs/ds_env/lib/python3.10/site-packages/jax/_src/dispatch.py:94
  but seen another function defined on the same line; maybe the function is
  being re-defined repeatedly, preventing caching?
Compiling scan with global shapes and types [ShapedArray(float64[], weak_type=True), ShapedArray(float64[], weak_type=True), ShapedArray(float64[], weak_type=True), ShapedArray(float64[]), ShapedArray(int64[], weak_type=True), ShapedArray(float64[], weak_type=True), ShapedArray(float64[], weak_type=True), ShapedArray(float64[1]), ShapedArray(float64[], weak_type=True), ShapedArray(float64[], weak_type=True), ShapedArray(float64[], weak_type=True), ShapedArray(float64[], weak_type=True), ShapedArray(int64[], weak_type=True), ShapedArray(float64[], weak_type=True), ShapedArray(float64[], weak_type=True), ShapedArray(float64[], weak_type=True), ShapedArray(float64[], weak_type=True), ShapedArray(float64[], weak_type=True), ShapedArray(float64[], weak_type=True), ShapedArray(float64[], weak_type=True), ShapedArray(float64[1]), ShapedArray(float64[1]), ShapedArray(float64[], weak_type=True), ShapedArray(float64[], weak_type=True), ShapedArray(float64[], weak_type=True), ShapedArray(float64[], weak_type=True), ShapedArray(int64[], weak_type=True), ShapedArray(float64[], weak_type=True), ShapedArray(float64[], weak_type=True), ShapedArray(float64[], weak_type=True), ShapedArray(float64[], weak_type=True), ShapedArray(float64[], weak_type=True), ShapedArray(float64[], weak_type=True), ShapedArray(float64[], weak_type=True), ShapedArray(float64[1]), ShapedArray(float64[1,1]), ShapedArray(int64[1]), ShapedArray(float64[1])]. Argument mapping: (UnspecifiedValue, UnspecifiedValue, UnspecifiedValue, UnspecifiedValue, UnspecifiedValue, UnspecifiedValue, UnspecifiedValue, UnspecifiedValue, UnspecifiedValue, UnspecifiedValue, UnspecifiedValue, UnspecifiedValue, UnspecifiedValue, UnspecifiedValue, UnspecifiedValue, UnspecifiedValue, UnspecifiedValue, UnspecifiedValue, UnspecifiedValue, UnspecifiedValue, UnspecifiedValue, UnspecifiedValue, UnspecifiedValue, UnspecifiedValue, UnspecifiedValue, UnspecifiedValue, UnspecifiedValue, UnspecifiedValue, UnspecifiedValue, UnspecifiedValue, UnspecifiedValue, UnspecifiedValue, UnspecifiedValue, UnspecifiedValue, UnspecifiedValue, UnspecifiedValue, UnspecifiedValue, UnspecifiedValue).
Finished jaxpr to MLIR module conversion jit(scan) in 0.052019358 sec
Persistent compilation cache hit for 'jit_scan' with key 'jit_scan-6b3ba0a8612af8dd3bdfeb2dbfdf7977404bb3a13298aac925e796a8613aba82'
Finished XLA compilation of jit(scan) in 0.014031649 sec
Compiling exp with global shapes and types [ShapedArray(float64[4], weak_type=True)]. Argument mapping: (UnspecifiedValue,).
Finished jaxpr to MLIR module conversion jit(exp) in 0.001772881 sec
Persistent compilation cache hit for 'jit_exp' with key 'jit_exp-e32a81c5f7e59fd398120814f9a8622a608b6821fc6a4c761bb35eb6fc065200'
Finished XLA compilation of jit(exp) in 0.002516031 sec
Compiling beliefs_propagation with global shapes and types []. Argument mapping: ().
Finished jaxpr to MLIR module conversion jit(beliefs_propagation) in 0.008278370 sec
Persistent compilation cache hit for 'jit_beliefs_propagation' with key 'jit_beliefs_propagation-4366a4c385ed6f2b49e8bc688b05593a4117892c360d7a7ec21be882e855b4a2'
Finished XLA compilation of jit(beliefs_propagation) in 0.004395723 sec
Finished tracing + transforming scan for pjit in 0.001409531 sec
TRACING CACHE MISS at /fs04/fc37/adam/projects/psilocybin-prl-analyses/src/prl_hgf/fitting/hierarchical_patrl.py:378 (_single_logp) because:
  never seen function:
    scan id=139652422702928 defined at /scratch/fc37/aman0087/conda/envs/ds_env/lib/python3.10/site-packages/jax/_src/dispatch.py:94
  but seen another function defined on the same line; maybe the function is
  being re-defined repeatedly, preventing caching?
Compiling scan with global shapes and types [ShapedArray(float64[4]), ShapedArray(float64[4]), ShapedArray(float64[4]), ShapedArray(float64[4], weak_type=True), ShapedArray(float64[4], weak_type=True), ShapedArray(float64[4], weak_type=True), ShapedArray(float64[4]), ShapedArray(int32[4]), ShapedArray(float64[4], weak_type=True), ShapedArray(float64[4], weak_type=True), ShapedArray(float64[4,1]), ShapedArray(float64[4], weak_type=True), ShapedArray(float64[4], weak_type=True), ShapedArray(float64[4], weak_type=True), ShapedArray(float64[4], weak_type=True), ShapedArray(int64[4], weak_type=True), ShapedArray(float64[4], weak_type=True), ShapedArray(float64[4], weak_type=True), ShapedArray(float64[4], weak_type=True), ShapedArray(float64[4], weak_type=True), ShapedArray(float64[4], weak_type=True), ShapedArray(float64[4], weak_type=True), ShapedArray(float64[4], weak_type=True), ShapedArray(float64[4,1]), ShapedArray(float64[4,1]), ShapedArray(float64[4], weak_type=True), ShapedArray(float64[4], weak_type=True), ShapedArray(float64[4], weak_type=True), ShapedArray(float64[4], weak_type=True), ShapedArray(int64[4], weak_type=True), ShapedArray(float64[4], weak_type=True), ShapedArray(float64[4], weak_type=True), ShapedArray(float64[4], weak_type=True), ShapedArray(float64[4], weak_type=True), ShapedArray(float64[4], weak_type=True), ShapedArray(float64[4], weak_type=True), ShapedArray(float64[4], weak_type=True), ShapedArray(float64[4,1]), ShapedArray(float64[192,4,1]), ShapedArray(int32[192]), ShapedArray(float64[192])]. Argument mapping: (UnspecifiedValue, UnspecifiedValue, UnspecifiedValue, UnspecifiedValue, UnspecifiedValue, UnspecifiedValue, UnspecifiedValue, UnspecifiedValue, UnspecifiedValue, UnspecifiedValue, UnspecifiedValue, UnspecifiedValue, UnspecifiedValue, UnspecifiedValue, UnspecifiedValue, UnspecifiedValue, UnspecifiedValue, UnspecifiedValue, UnspecifiedValue, UnspecifiedValue, UnspecifiedValue, UnspecifiedValue, UnspecifiedValue, UnspecifiedValue, UnspecifiedValue, UnspecifiedValue, UnspecifiedValue, UnspecifiedValue, UnspecifiedValue, UnspecifiedValue, UnspecifiedValue, UnspecifiedValue, UnspecifiedValue, UnspecifiedValue, UnspecifiedValue, UnspecifiedValue, UnspecifiedValue, UnspecifiedValue, UnspecifiedValue, UnspecifiedValue, UnspecifiedValue).
Finished jaxpr to MLIR module conversion jit(scan) in 0.102509022 sec
Persistent compilation cache hit for 'jit_scan' with key 'jit_scan-1ec79288f29ea437db0698d47c6b348a108e0761de5410c6ff2d23b799064170'
Finished XLA compilation of jit(scan) in 0.051863909 sec
Compiling multiply with global shapes and types [ShapedArray(float64[4], weak_type=True), ShapedArray(float64[4,192])]. Argument mapping: (UnspecifiedValue, UnspecifiedValue).
Finished jaxpr to MLIR module conversion jit(multiply) in 0.002139330 sec
Persistent compilation cache hit for 'jit_multiply' with key 'jit_multiply-03e4b5730318b4fba4874765b69867f974d0a4878d62af6f1ef8c455608ac4cf'
Finished XLA compilation of jit(multiply) in 0.002796173 sec
Compiling add with global shapes and types [ShapedArray(float64[4,192]), ShapedArray(float64[4], weak_type=True)]. Argument mapping: (UnspecifiedValue, UnspecifiedValue).
Finished jaxpr to MLIR module conversion jit(add) in 0.001723289 sec
Persistent compilation cache hit for 'jit_add' with key 'jit_add-576c1141dc8da63ce4c000d7b62c4a399f561c1922d61eceac0c3f3cdbd72dbe'
Finished XLA compilation of jit(add) in 0.002222538 sec
Finished tracing + transforming scan for pjit in 0.000749826 sec
TRACING CACHE MISS at /fs04/fc37/adam/projects/psilocybin-prl-analyses/src/prl_hgf/fitting/hierarchical_patrl.py:378 (_single_logp) because:
  never seen function:
    scan id=139652415858160 defined at /scratch/fc37/aman0087/conda/envs/ds_env/lib/python3.10/site-packages/jax/_src/dispatch.py:94
  but seen another function defined on the same line; maybe the function is
  being re-defined repeatedly, preventing caching?
Compiling scan with global shapes and types [ShapedArray(float64[4]), ShapedArray(float64[4]), ShapedArray(float64[4]), ShapedArray(float64[4]), ShapedArray(float64[4]), ShapedArray(float64[4]), ShapedArray(float64[4]), ShapedArray(float64[4]), ShapedArray(float64[4], weak_type=True), ShapedArray(float64[4]), ShapedArray(float64[4]), ShapedArray(float64[4]), ShapedArray(float64[4], weak_type=True), ShapedArray(float64[4]), ShapedArray(float64[4]), ShapedArray(float64[4]), ShapedArray(float64[4]), ShapedArray(float64[4], weak_type=True), ShapedArray(float64[4]), ShapedArray(float64[4], weak_type=True), ShapedArray(float64[4,1]), ShapedArray(float64[192,4]), ShapedArray(float64[192,4], weak_type=True), ShapedArray(float64[192,4], weak_type=True), ShapedArray(float64[192]), ShapedArray(float64[192,4], weak_type=True), ShapedArray(bool[192,4]), ShapedArray(float64[192,4]), ShapedArray(float64[192,4]), ShapedArray(float64[192,4], weak_type=True), ShapedArray(float64[192,4]), ShapedArray(float64[192,4], weak_type=True), ShapedArray(float64[192,4], weak_type=True), ShapedArray(float64[192,4]), ShapedArray(float64[192,4]), ShapedArray(bool[192,4]), ShapedArray(float64[192,4]), ShapedArray(float64[192,4]), ShapedArray(float64[192,4], weak_type=True), ShapedArray(float64[192,4]), ShapedArray(float64[192,4]), ShapedArray(float64[192,4]), ShapedArray(float64[192,4]), ShapedArray(float64[192]), ShapedArray(float64[192,4]), ShapedArray(float64[192,4]), ShapedArray(float64[192,4]), ShapedArray(int32[192]), ShapedArray(float64[192,4], weak_type=True), ShapedArray(float64[192]), ShapedArray(float64[192,4]), ShapedArray(float64[192,4]), ShapedArray(float64[192,4]), ShapedArray(bool[192,4]), ShapedArray(float64[192,4]), ShapedArray(float64[192,4]), ShapedArray(float64[192,4]), ShapedArray(float64[192,4]), ShapedArray(float64[192,4]), ShapedArray(float64[192,4]), ShapedArray(float64[192]), ShapedArray(float64[192,4]), ShapedArray(float64[192,4]), ShapedArray(float64[192,4]), ShapedArray(float64[192,4]), ShapedArray(float64[192,4]), ShapedArray(float64[192,4]), ShapedArray(float64[192,4]), ShapedArray(float64[192,4]), ShapedArray(float64[192,4]), ShapedArray(float64[192,4]), ShapedArray(float64[192,4]), ShapedArray(int32[192,4]), ShapedArray(bool[192,4]), ShapedArray(float64[192,4], weak_type=True), ShapedArray(float64[192,4]), ShapedArray(float64[192,4], weak_type=True), ShapedArray(float64[192,4]), ShapedArray(bool[192,4]), ShapedArray(bool[192,4,1]), ShapedArray(float64[192,4]), ShapedArray(float64[192,4]), ShapedArray(float64[192,4]), ShapedArray(float64[192,4]), ShapedArray(float64[192,4]), ShapedArray(float64[192,4]), ShapedArray(float64[192,4]), ShapedArray(float64[192,4]), ShapedArray(float64[192,4]), ShapedArray(float64[192,4]), ShapedArray(bool[192,4]), ShapedArray(bool[192,4]), ShapedArray(bool[192,4,1])]. Argument mapping: (UnspecifiedValue, UnspecifiedValue, UnspecifiedValue, UnspecifiedValue, UnspecifiedValue, UnspecifiedValue, UnspecifiedValue, UnspecifiedValue, UnspecifiedValue, UnspecifiedValue, UnspecifiedValue, UnspecifiedValue, UnspecifiedValue, UnspecifiedValue, UnspecifiedValue, UnspecifiedValue, UnspecifiedValue, UnspecifiedValue, UnspecifiedValue, UnspecifiedValue, UnspecifiedValue, UnspecifiedValue, UnspecifiedValue, UnspecifiedValue, UnspecifiedValue, UnspecifiedValue, UnspecifiedValue, UnspecifiedValue, UnspecifiedValue, UnspecifiedValue, UnspecifiedValue, UnspecifiedValue, UnspecifiedValue, UnspecifiedValue, UnspecifiedValue, UnspecifiedValue, UnspecifiedValue, UnspecifiedValue, UnspecifiedValue, UnspecifiedValue, UnspecifiedValue, UnspecifiedValue, UnspecifiedValue, UnspecifiedValue, UnspecifiedValue, UnspecifiedValue, UnspecifiedValue, UnspecifiedValue, UnspecifiedValue, UnspecifiedValue, UnspecifiedValue, UnspecifiedValue, UnspecifiedValue, UnspecifiedValue, UnspecifiedValue, UnspecifiedValue, UnspecifiedValue, UnspecifiedValue, UnspecifiedValue, UnspecifiedValue, UnspecifiedValue, UnspecifiedValue, UnspecifiedValue, UnspecifiedValue, UnspecifiedValue, UnspecifiedValue, UnspecifiedValue, UnspecifiedValue, UnspecifiedValue, UnspecifiedValue, UnspecifiedValue, UnspecifiedValue, UnspecifiedValue, UnspecifiedValue, UnspecifiedValue, UnspecifiedValue, UnspecifiedValue, UnspecifiedValue, UnspecifiedValue, UnspecifiedValue, UnspecifiedValue, UnspecifiedValue, UnspecifiedValue, UnspecifiedValue, UnspecifiedValue, UnspecifiedValue, UnspecifiedValue, UnspecifiedValue, UnspecifiedValue, UnspecifiedValue, UnspecifiedValue, UnspecifiedValue, UnspecifiedValue).
Finished jaxpr to MLIR module conversion jit(scan) in 0.076856136 sec
Persistent compilation cache hit for 'jit_scan' with key 'jit_scan-7d77cd68e61ab877d143a51bf835cfee784353634a0d62b5405aa18009514e29'
Finished XLA compilation of jit(scan) in 0.027264595 sec
Finished tracing + transforming scan for pjit in 0.000917912 sec
TRACING CACHE MISS at /fs04/fc37/adam/projects/psilocybin-prl-analyses/src/prl_hgf/fitting/hierarchical.py:1011 (_run_blackjax_nuts) because:
  never seen function:
    scan id=139652126063152 defined at /scratch/fc37/aman0087/conda/envs/ds_env/lib/python3.10/site-packages/jax/_src/dispatch.py:94
  but seen another function defined on the same line; maybe the function is
  being re-defined repeatedly, preventing caching?
Compiling scan with global shapes and types [ShapedArray(int32[4,192]), ShapedArray(float64[1]), ShapedArray(float64[1]), ShapedArray(float64[1]), ShapedArray(float32[4,192]), ShapedArray(float32[4,192]), ShapedArray(int32[4,192]), ShapedArray(bool[4,192]), ShapedArray(float64[4], weak_type=True), ShapedArray(float64[4], weak_type=True), ShapedArray(float64[4], weak_type=True), ShapedArray(float64[4], weak_type=True), ShapedArray(float64[4], weak_type=True), ShapedArray(float64[4], weak_type=True), ShapedArray(float64[]), ShapedArray(float64[4], weak_type=True), ShapedArray(float64[4], weak_type=True), ShapedArray(float64[4], weak_type=True), ShapedArray(float64[4], weak_type=True), ShapedArray(float64[4], weak_type=True), ShapedArray(float64[4], weak_type=True), ShapedArray(float64[], weak_type=True), ShapedArray(float64[], weak_type=True), ShapedArray(int64[], weak_type=True), ShapedArray(float64[], weak_type=True), ShapedArray(float64[], weak_type=True), ShapedArray(float64[24]), ShapedArray(float64[24]), ShapedArray(float64[24]), ShapedArray(int64[], weak_type=True), ShapedArray(float64[], weak_type=True), ShapedArray(float64[24]), ShapedArray(uint32[10,2]), ShapedArray(int64[10,2])]. Argument mapping: (UnspecifiedValue, UnspecifiedValue, UnspecifiedValue, UnspecifiedValue, UnspecifiedValue, UnspecifiedValue, UnspecifiedValue, UnspecifiedValue, UnspecifiedValue, UnspecifiedValue, UnspecifiedValue, UnspecifiedValue, UnspecifiedValue, UnspecifiedValue, UnspecifiedValue, UnspecifiedValue, UnspecifiedValue, UnspecifiedValue, UnspecifiedValue, UnspecifiedValue, UnspecifiedValue, UnspecifiedValue, UnspecifiedValue, UnspecifiedValue, UnspecifiedValue, UnspecifiedValue, UnspecifiedValue, UnspecifiedValue, UnspecifiedValue, UnspecifiedValue, UnspecifiedValue, UnspecifiedValue, UnspecifiedValue, UnspecifiedValue).
Finished jaxpr to MLIR module conversion jit(scan) in 0.739263773 sec
Persistent compilation cache hit for 'jit_scan' with key 'jit_scan-be5a09c29efc8ae4eb626d1c22cba9bad680f077cc0d71798e28887953ddb74e'
Finished XLA compilation of jit(scan) in 0.254193068 sec
Finished tracing + transforming _one_step for pjit in 1.329970598 sec
TRACING CACHE MISS at /fs04/fc37/adam/projects/psilocybin-prl-analyses/src/prl_hgf/fitting/hierarchical.py:1153 (_run_vmap_chains) because:
  never seen function:
    _run_vmap_chains.<locals>._one_step id=139652415852976 defined at /fs04/fc37/adam/projects/psilocybin-prl-analyses/src/prl_hgf/fitting/hierarchical.py:1144
  but seen another function defined on the same line; maybe the function is
  being re-defined repeatedly, preventing caching?
Finished tracing + transforming scan for pjit in 0.000753403 sec
TRACING CACHE MISS at /fs04/fc37/adam/projects/psilocybin-prl-analyses/src/prl_hgf/fitting/hierarchical.py:1153 (_run_vmap_chains) because:
  never seen function:
    scan id=139652432933600 defined at /scratch/fc37/aman0087/conda/envs/ds_env/lib/python3.10/site-packages/jax/_src/dispatch.py:94
  but seen another function defined on the same line; maybe the function is
  being re-defined repeatedly, preventing caching?
Compiling scan with global shapes and types [ShapedArray(float64[2,4], weak_type=True), ShapedArray(float64[2,4], weak_type=True), ShapedArray(float64[2,4], weak_type=True), ShapedArray(float64[2,4], weak_type=True), ShapedArray(float64[2,4], weak_type=True), ShapedArray(float64[2,4], weak_type=True), ShapedArray(float64[2]), ShapedArray(float64[2,4], weak_type=True), ShapedArray(float64[2,4], weak_type=True), ShapedArray(float64[2,4], weak_type=True), ShapedArray(float64[2,4], weak_type=True), ShapedArray(float64[2,4], weak_type=True), ShapedArray(float64[2,4], weak_type=True), ShapedArray(uint32[10,2])]. Argument mapping: (UnspecifiedValue, UnspecifiedValue, UnspecifiedValue, UnspecifiedValue, UnspecifiedValue, UnspecifiedValue, UnspecifiedValue, UnspecifiedValue, UnspecifiedValue, UnspecifiedValue, UnspecifiedValue, UnspecifiedValue, UnspecifiedValue, UnspecifiedValue).
Finished jaxpr to MLIR module conversion jit(scan) in 0.565215111 sec
PERSISTENT COMPILATION CACHE MISS for 'jit_scan' with key 'jit_scan-c450ea14f479ed0ce9dd67fe669ce05d36172cd1e1c3994b6c12ea6dce7156a9'
Writing jit_scan to persistent compilation cache with key 'jit_scan-c450ea14f479ed0ce9dd67fe669ce05d36172cd1e1c3994b6c12ea6dce7156a9'
Finished XLA compilation of jit(scan) in 2.899369478 sec
--p-scan 5 complete: status=completed, cold=56.7s, warm=27.9s, row appended to .planning/phases/21-benchmark-bottleneck-diagnosis/jit_scaling_sweep.csv
--- end P=5 log ---
End P=5: Sun Apr 19 11:22:30 PM AEST 2026

========================================
NUTS (PAT-RL) probe: P=20
========================================
Start P=20: Sun Apr 19 11:22:30 PM AEST 2026
XLA_FLAGS=--xla_dump_hlo_as_text --xla_dump_to=.planning/phases/21-benchmark-bottleneck-diagnosis/hlo_dumps/nuts_P20
--- NUTS probe P=20 log (tail 80 lines) ---
  closest seen input type signature has 1 mismatches, including:
    * at args[0], seen bool[10,2], but now given i64[10,2]
Compiling transpose with global shapes and types [ShapedArray(int64[10,2], weak_type=True)]. Argument mapping: (UnspecifiedValue,).
Finished jaxpr to MLIR module conversion jit(transpose) in 0.001791477 sec
Persistent compilation cache hit for 'jit_transpose' with key 'jit_transpose-9bfa08eb1e637926601615c6997d58e076129f93f38c90acb9e366528ddb56b1'
Finished XLA compilation of jit(transpose) in 0.002254009 sec
Finished tracing + transforming scan for pjit in 0.000893831 sec
TRACING CACHE MISS at /fs04/fc37/adam/projects/psilocybin-prl-analyses/src/prl_hgf/fitting/hierarchical_patrl.py:160 (_build_session_scanner_patrl) because:
  never seen function:
    scan id=140554481490176 defined at /scratch/fc37/aman0087/conda/envs/ds_env/lib/python3.10/site-packages/jax/_src/dispatch.py:94
  but seen another function defined on the same line; maybe the function is
  being re-defined repeatedly, preventing caching?
Compiling scan with global shapes and types [ShapedArray(float64[], weak_type=True), ShapedArray(float64[], weak_type=True), ShapedArray(float64[], weak_type=True), ShapedArray(float64[]), ShapedArray(int64[], weak_type=True), ShapedArray(float64[], weak_type=True), ShapedArray(float64[], weak_type=True), ShapedArray(float64[1]), ShapedArray(float64[], weak_type=True), ShapedArray(float64[], weak_type=True), ShapedArray(float64[], weak_type=True), ShapedArray(float64[], weak_type=True), ShapedArray(int64[], weak_type=True), ShapedArray(float64[], weak_type=True), ShapedArray(float64[], weak_type=True), ShapedArray(float64[], weak_type=True), ShapedArray(float64[], weak_type=True), ShapedArray(float64[], weak_type=True), ShapedArray(float64[], weak_type=True), ShapedArray(float64[], weak_type=True), ShapedArray(float64[1]), ShapedArray(float64[1]), ShapedArray(float64[], weak_type=True), ShapedArray(float64[], weak_type=True), ShapedArray(float64[], weak_type=True), ShapedArray(float64[], weak_type=True), ShapedArray(int64[], weak_type=True), ShapedArray(float64[], weak_type=True), ShapedArray(float64[], weak_type=True), ShapedArray(float64[], weak_type=True), ShapedArray(float64[], weak_type=True), ShapedArray(float64[], weak_type=True), ShapedArray(float64[], weak_type=True), ShapedArray(float64[], weak_type=True), ShapedArray(float64[1]), ShapedArray(float64[1,1]), ShapedArray(int64[1]), ShapedArray(float64[1])]. Argument mapping: (UnspecifiedValue, UnspecifiedValue, UnspecifiedValue, UnspecifiedValue, UnspecifiedValue, UnspecifiedValue, UnspecifiedValue, UnspecifiedValue, UnspecifiedValue, UnspecifiedValue, UnspecifiedValue, UnspecifiedValue, UnspecifiedValue, UnspecifiedValue, UnspecifiedValue, UnspecifiedValue, UnspecifiedValue, UnspecifiedValue, UnspecifiedValue, UnspecifiedValue, UnspecifiedValue, UnspecifiedValue, UnspecifiedValue, UnspecifiedValue, UnspecifiedValue, UnspecifiedValue, UnspecifiedValue, UnspecifiedValue, UnspecifiedValue, UnspecifiedValue, UnspecifiedValue, UnspecifiedValue, UnspecifiedValue, UnspecifiedValue, UnspecifiedValue, UnspecifiedValue, UnspecifiedValue, UnspecifiedValue).
Finished jaxpr to MLIR module conversion jit(scan) in 0.053210735 sec
Persistent compilation cache hit for 'jit_scan' with key 'jit_scan-6b3ba0a8612af8dd3bdfeb2dbfdf7977404bb3a13298aac925e796a8613aba82'
Finished XLA compilation of jit(scan) in 0.014494658 sec
Compiling exp with global shapes and types [ShapedArray(float64[20], weak_type=True)]. Argument mapping: (UnspecifiedValue,).
Finished jaxpr to MLIR module conversion jit(exp) in 0.001838207 sec
Persistent compilation cache hit for 'jit_exp' with key 'jit_exp-1c34c04be2ce944f77f17a2bb3321e1d0afafa0b9493778df52fed0dc5b6856e'
Finished XLA compilation of jit(exp) in 0.002646923 sec
Compiling beliefs_propagation with global shapes and types []. Argument mapping: ().
Finished jaxpr to MLIR module conversion jit(beliefs_propagation) in 0.008205175 sec
Persistent compilation cache hit for 'jit_beliefs_propagation' with key 'jit_beliefs_propagation-72bc30b5bde3b1c2a6f65bcccb74630f337262e3a89908178979422b4f3e3118'
Finished XLA compilation of jit(beliefs_propagation) in 0.004402876 sec
Finished tracing + transforming scan for pjit in 0.001076937 sec
TRACING CACHE MISS at /fs04/fc37/adam/projects/psilocybin-prl-analyses/src/prl_hgf/fitting/hierarchical_patrl.py:378 (_single_logp) because:
  never seen function:
    scan id=140554018028944 defined at /scratch/fc37/aman0087/conda/envs/ds_env/lib/python3.10/site-packages/jax/_src/dispatch.py:94
  but seen another function defined on the same line; maybe the function is
  being re-defined repeatedly, preventing caching?
Compiling scan with global shapes and types [ShapedArray(float64[20]), ShapedArray(float64[20]), ShapedArray(float64[20]), ShapedArray(float64[20], weak_type=True), ShapedArray(float64[20], weak_type=True), ShapedArray(float64[20], weak_type=True), ShapedArray(float64[20]), ShapedArray(int32[20]), ShapedArray(float64[20], weak_type=True), ShapedArray(float64[20], weak_type=True), ShapedArray(float64[20,1]), ShapedArray(float64[20], weak_type=True), ShapedArray(float64[20], weak_type=True), ShapedArray(float64[20], weak_type=True), ShapedArray(float64[20], weak_type=True), ShapedArray(int64[20], weak_type=True), ShapedArray(float64[20], weak_type=True), ShapedArray(float64[20], weak_type=True), ShapedArray(float64[20], weak_type=True), ShapedArray(float64[20], weak_type=True), ShapedArray(float64[20], weak_type=True), ShapedArray(float64[20], weak_type=True), ShapedArray(float64[20], weak_type=True), ShapedArray(float64[20,1]), ShapedArray(float64[20,1]), ShapedArray(float64[20], weak_type=True), ShapedArray(float64[20], weak_type=True), ShapedArray(float64[20], weak_type=True), ShapedArray(float64[20], weak_type=True), ShapedArray(int64[20], weak_type=True), ShapedArray(float64[20], weak_type=True), ShapedArray(float64[20], weak_type=True), ShapedArray(float64[20], weak_type=True), ShapedArray(float64[20], weak_type=True), ShapedArray(float64[20], weak_type=True), ShapedArray(float64[20], weak_type=True), ShapedArray(float64[20], weak_type=True), ShapedArray(float64[20,1]), ShapedArray(float64[192,20,1]), ShapedArray(int32[192]), ShapedArray(float64[192])]. Argument mapping: (UnspecifiedValue, UnspecifiedValue, UnspecifiedValue, UnspecifiedValue, UnspecifiedValue, UnspecifiedValue, UnspecifiedValue, UnspecifiedValue, UnspecifiedValue, UnspecifiedValue, UnspecifiedValue, UnspecifiedValue, UnspecifiedValue, UnspecifiedValue, UnspecifiedValue, UnspecifiedValue, UnspecifiedValue, UnspecifiedValue, UnspecifiedValue, UnspecifiedValue, UnspecifiedValue, UnspecifiedValue, UnspecifiedValue, UnspecifiedValue, UnspecifiedValue, UnspecifiedValue, UnspecifiedValue, UnspecifiedValue, UnspecifiedValue, UnspecifiedValue, UnspecifiedValue, UnspecifiedValue, UnspecifiedValue, UnspecifiedValue, UnspecifiedValue, UnspecifiedValue, UnspecifiedValue, UnspecifiedValue, UnspecifiedValue, UnspecifiedValue, UnspecifiedValue).
Finished jaxpr to MLIR module conversion jit(scan) in 0.101366997 sec
Persistent compilation cache hit for 'jit_scan' with key 'jit_scan-ffe74e34001f93b25f62dc294ee330127b2b7d6b359d447e520a229b6bcf0786'
Finished XLA compilation of jit(scan) in 0.055127859 sec
Compiling multiply with global shapes and types [ShapedArray(float64[20], weak_type=True), ShapedArray(float64[20,192])]. Argument mapping: (UnspecifiedValue, UnspecifiedValue).
Finished jaxpr to MLIR module conversion jit(multiply) in 0.002143383 sec
Persistent compilation cache hit for 'jit_multiply' with key 'jit_multiply-5a5115722b4b8f8a1b0d66414b5f53887250ecf64971d0e0f6b62bf07f194c01'
Finished XLA compilation of jit(multiply) in 0.002840281 sec
Compiling add with global shapes and types [ShapedArray(float64[20,192]), ShapedArray(float64[20], weak_type=True)]. Argument mapping: (UnspecifiedValue, UnspecifiedValue).
Finished jaxpr to MLIR module conversion jit(add) in 0.001727343 sec
Persistent compilation cache hit for 'jit_add' with key 'jit_add-dfad2abae5b0bb2ea65ce765312d58cf21d647bc7b318565278865be19847c6b'
Finished XLA compilation of jit(add) in 0.002338648 sec
Finished tracing + transforming scan for pjit in 0.000740767 sec
TRACING CACHE MISS at /fs04/fc37/adam/projects/psilocybin-prl-analyses/src/prl_hgf/fitting/hierarchical_patrl.py:378 (_single_logp) because:
  never seen function:
    scan id=140553489995744 defined at /scratch/fc37/aman0087/conda/envs/ds_env/lib/python3.10/site-packages/jax/_src/dispatch.py:94
  but seen another function defined on the same line; maybe the function is
  being re-defined repeatedly, preventing caching?
Compiling scan with global shapes and types [ShapedArray(float64[20]), ShapedArray(float64[20]), ShapedArray(float64[20]), ShapedArray(float64[20]), ShapedArray(float64[20]), ShapedArray(float64[20]), ShapedArray(float64[20]), ShapedArray(float64[20]), ShapedArray(float64[20], weak_type=True), ShapedArray(float64[20]), ShapedArray(float64[20]), ShapedArray(float64[20]), ShapedArray(float64[20], weak_type=True), ShapedArray(float64[20]), ShapedArray(float64[20]), ShapedArray(float64[20]), ShapedArray(float64[20]), ShapedArray(float64[20], weak_type=True), ShapedArray(float64[20]), ShapedArray(float64[20], weak_type=True), ShapedArray(float64[20,1]), ShapedArray(float64[192,20]), ShapedArray(float64[192,20], weak_type=True), ShapedArray(float64[192,20], weak_type=True), ShapedArray(float64[192]), ShapedArray(float64[192,20], weak_type=True), ShapedArray(bool[192,20]), ShapedArray(float64[192,20]), ShapedArray(float64[192,20]), ShapedArray(float64[192,20], weak_type=True), ShapedArray(float64[192,20]), ShapedArray(float64[192,20], weak_type=True), ShapedArray(float64[192,20], weak_type=True), ShapedArray(float64[192,20]), ShapedArray(float64[192,20]), ShapedArray(bool[192,20]), ShapedArray(float64[192,20]), ShapedArray(float64[192,20]), ShapedArray(float64[192,20], weak_type=True), ShapedArray(float64[192,20]), ShapedArray(float64[192,20]), ShapedArray(float64[192,20]), ShapedArray(float64[192,20]), ShapedArray(float64[192]), ShapedArray(float64[192,20]), ShapedArray(float64[192,20]), ShapedArray(float64[192,20]), ShapedArray(int32[192]), ShapedArray(float64[192,20], weak_type=True), ShapedArray(float64[192]), ShapedArray(float64[192,20]), ShapedArray(float64[192,20]), ShapedArray(float64[192,20]), ShapedArray(bool[192,20]), ShapedArray(float64[192,20]), ShapedArray(float64[192,20]), ShapedArray(float64[192,20]), ShapedArray(float64[192,20]), ShapedArray(float64[192,20]), ShapedArray(float64[192,20]), ShapedArray(float64[192]), ShapedArray(float64[192,20]), ShapedArray(float64[192,20]), ShapedArray(float64[192,20]), ShapedArray(float64[192,20]), ShapedArray(float64[192,20]), ShapedArray(float64[192,20]), ShapedArray(float64[192,20]), ShapedArray(float64[192,20]), ShapedArray(float64[192,20]), ShapedArray(float64[192,20]), ShapedArray(float64[192,20]), ShapedArray(int32[192,20]), ShapedArray(bool[192,20]), ShapedArray(float64[192,20], weak_type=True), ShapedArray(float64[192,20]), ShapedArray(float64[192,20], weak_type=True), ShapedArray(float64[192,20]), ShapedArray(bool[192,20]), ShapedArray(bool[192,20,1]), ShapedArray(float64[192,20]), ShapedArray(float64[192,20]), ShapedArray(float64[192,20]), ShapedArray(float64[192,20]), ShapedArray(float64[192,20]), ShapedArray(float64[192,20]), ShapedArray(float64[192,20]), ShapedArray(float64[192,20]), ShapedArray(float64[192,20]), ShapedArray(float64[192,20]), ShapedArray(bool[192,20]), ShapedArray(bool[192,20]), ShapedArray(bool[192,20,1])]. Argument mapping: (UnspecifiedValue, UnspecifiedValue, UnspecifiedValue, UnspecifiedValue, UnspecifiedValue, UnspecifiedValue, UnspecifiedValue, UnspecifiedValue, UnspecifiedValue, UnspecifiedValue, UnspecifiedValue, UnspecifiedValue, UnspecifiedValue, UnspecifiedValue, UnspecifiedValue, UnspecifiedValue, UnspecifiedValue, UnspecifiedValue, UnspecifiedValue, UnspecifiedValue, UnspecifiedValue, UnspecifiedValue, UnspecifiedValue, UnspecifiedValue, UnspecifiedValue, UnspecifiedValue, UnspecifiedValue, UnspecifiedValue, UnspecifiedValue, UnspecifiedValue, UnspecifiedValue, UnspecifiedValue, UnspecifiedValue, UnspecifiedValue, UnspecifiedValue, UnspecifiedValue, UnspecifiedValue, UnspecifiedValue, UnspecifiedValue, UnspecifiedValue, UnspecifiedValue, UnspecifiedValue, UnspecifiedValue, UnspecifiedValue, UnspecifiedValue, UnspecifiedValue, UnspecifiedValue, UnspecifiedValue, UnspecifiedValue, UnspecifiedValue, UnspecifiedValue, UnspecifiedValue, UnspecifiedValue, UnspecifiedValue, UnspecifiedValue, UnspecifiedValue, UnspecifiedValue, UnspecifiedValue, UnspecifiedValue, UnspecifiedValue, UnspecifiedValue, UnspecifiedValue, UnspecifiedValue, UnspecifiedValue, UnspecifiedValue, UnspecifiedValue, UnspecifiedValue, UnspecifiedValue, UnspecifiedValue, UnspecifiedValue, UnspecifiedValue, UnspecifiedValue, UnspecifiedValue, UnspecifiedValue, UnspecifiedValue, UnspecifiedValue, UnspecifiedValue, UnspecifiedValue, UnspecifiedValue, UnspecifiedValue, UnspecifiedValue, UnspecifiedValue, UnspecifiedValue, UnspecifiedValue, UnspecifiedValue, UnspecifiedValue, UnspecifiedValue, UnspecifiedValue, UnspecifiedValue, UnspecifiedValue, UnspecifiedValue, UnspecifiedValue, UnspecifiedValue).
Finished jaxpr to MLIR module conversion jit(scan) in 0.074212074 sec
Persistent compilation cache hit for 'jit_scan' with key 'jit_scan-b398bbb9d9b21b4baed0527e4d56b7f36a0b5c98d8e6cc1343e9be1f2fcf6f2b'
Finished XLA compilation of jit(scan) in 0.027343750 sec
Finished tracing + transforming scan for pjit in 0.000918150 sec
TRACING CACHE MISS at /fs04/fc37/adam/projects/psilocybin-prl-analyses/src/prl_hgf/fitting/hierarchical.py:1011 (_run_blackjax_nuts) because:
  never seen function:
    scan id=140553488831040 defined at /scratch/fc37/aman0087/conda/envs/ds_env/lib/python3.10/site-packages/jax/_src/dispatch.py:94
  but seen another function defined on the same line; maybe the function is
  being re-defined repeatedly, preventing caching?
Compiling scan with global shapes and types [ShapedArray(int32[20,192]), ShapedArray(float64[1]), ShapedArray(float64[1]), ShapedArray(float64[1]), ShapedArray(float32[20,192]), ShapedArray(float32[20,192]), ShapedArray(int32[20,192]), ShapedArray(bool[20,192]), ShapedArray(float64[20], weak_type=True), ShapedArray(float64[20], weak_type=True), ShapedArray(float64[20], weak_type=True), ShapedArray(float64[20], weak_type=True), ShapedArray(float64[20], weak_type=True), ShapedArray(float64[20], weak_type=True), ShapedArray(float64[]), ShapedArray(float64[20], weak_type=True), ShapedArray(float64[20], weak_type=True), ShapedArray(float64[20], weak_type=True), ShapedArray(float64[20], weak_type=True), ShapedArray(float64[20], weak_type=True), ShapedArray(float64[20], weak_type=True), ShapedArray(float64[], weak_type=True), ShapedArray(float64[], weak_type=True), ShapedArray(int64[], weak_type=True), ShapedArray(float64[], weak_type=True), ShapedArray(float64[], weak_type=True), ShapedArray(float64[120]), ShapedArray(float64[120]), ShapedArray(float64[120]), ShapedArray(int64[], weak_type=True), ShapedArray(float64[], weak_type=True), ShapedArray(float64[120]), ShapedArray(uint32[10,2]), ShapedArray(int64[10,2])]. Argument mapping: (UnspecifiedValue, UnspecifiedValue, UnspecifiedValue, UnspecifiedValue, UnspecifiedValue, UnspecifiedValue, UnspecifiedValue, UnspecifiedValue, UnspecifiedValue, UnspecifiedValue, UnspecifiedValue, UnspecifiedValue, UnspecifiedValue, UnspecifiedValue, UnspecifiedValue, UnspecifiedValue, UnspecifiedValue, UnspecifiedValue, UnspecifiedValue, UnspecifiedValue, UnspecifiedValue, UnspecifiedValue, UnspecifiedValue, UnspecifiedValue, UnspecifiedValue, UnspecifiedValue, UnspecifiedValue, UnspecifiedValue, UnspecifiedValue, UnspecifiedValue, UnspecifiedValue, UnspecifiedValue, UnspecifiedValue, UnspecifiedValue).
Finished jaxpr to MLIR module conversion jit(scan) in 0.406778097 sec
Persistent compilation cache hit for 'jit_scan' with key 'jit_scan-fc6be8dc07c5e396c4aaed8004af7a0c849b7035b482dd66f4049ae43dab606b'
Finished XLA compilation of jit(scan) in 0.256529331 sec
Finished tracing + transforming _one_step for pjit in 1.338516712 sec
TRACING CACHE MISS at /fs04/fc37/adam/projects/psilocybin-prl-analyses/src/prl_hgf/fitting/hierarchical.py:1153 (_run_vmap_chains) because:
  never seen function:
    _run_vmap_chains.<locals>._one_step id=140552536462752 defined at /fs04/fc37/adam/projects/psilocybin-prl-analyses/src/prl_hgf/fitting/hierarchical.py:1144
  but seen another function defined on the same line; maybe the function is
  being re-defined repeatedly, preventing caching?
Finished tracing + transforming scan for pjit in 0.000742435 sec
TRACING CACHE MISS at /fs04/fc37/adam/projects/psilocybin-prl-analyses/src/prl_hgf/fitting/hierarchical.py:1153 (_run_vmap_chains) because:
  never seen function:
    scan id=140552536468368 defined at /scratch/fc37/aman0087/conda/envs/ds_env/lib/python3.10/site-packages/jax/_src/dispatch.py:94
  but seen another function defined on the same line; maybe the function is
  being re-defined repeatedly, preventing caching?
Compiling scan with global shapes and types [ShapedArray(float64[2,20], weak_type=True), ShapedArray(float64[2,20], weak_type=True), ShapedArray(float64[2,20], weak_type=True), ShapedArray(float64[2,20], weak_type=True), ShapedArray(float64[2,20], weak_type=True), ShapedArray(float64[2,20], weak_type=True), ShapedArray(float64[2]), ShapedArray(float64[2,20], weak_type=True), ShapedArray(float64[2,20], weak_type=True), ShapedArray(float64[2,20], weak_type=True), ShapedArray(float64[2,20], weak_type=True), ShapedArray(float64[2,20], weak_type=True), ShapedArray(float64[2,20], weak_type=True), ShapedArray(uint32[10,2])]. Argument mapping: (UnspecifiedValue, UnspecifiedValue, UnspecifiedValue, UnspecifiedValue, UnspecifiedValue, UnspecifiedValue, UnspecifiedValue, UnspecifiedValue, UnspecifiedValue, UnspecifiedValue, UnspecifiedValue, UnspecifiedValue, UnspecifiedValue, UnspecifiedValue).
Finished jaxpr to MLIR module conversion jit(scan) in 0.558391094 sec
PERSISTENT COMPILATION CACHE MISS for 'jit_scan' with key 'jit_scan-fd4bef7beb6657ce2f8b06101d9c38b390f0e9ac03d9c61154d561a11958cd20'
Writing jit_scan to persistent compilation cache with key 'jit_scan-fd4bef7beb6657ce2f8b06101d9c38b390f0e9ac03d9c61154d561a11958cd20'
Finished XLA compilation of jit(scan) in 3.188667774 sec
--p-scan 20 complete: status=completed, cold=195.4s, warm=180.0s, row appended to .planning/phases/21-benchmark-bottleneck-diagnosis/jit_scaling_sweep.csv
--- end P=20 log ---
End P=20: Sun Apr 19 11:28:52 PM AEST 2026

============================================================
All NUTS probes complete
End: Sun Apr 19 11:28:52 PM AEST 2026
============================================================

========================================
Merging NUTS results into vb_laplace_vs_nuts_jit.json
========================================
Merged NUTS rows for P=['20', '5']

========================================
Phase 21 NUTS probe: git auto-push
========================================
