Added ptxas to PATH: /scratch/fc37/aman0087/conda/envs/ds_env/lib/python3.10/site-packages/nvidia/cuda_nvcc/bin

=== CUDA Environment Check ===
Driver CUDA version: 12.8
ptxas CUDA version:  12.8
OK: ptxas version <= driver version (XLA parallel compilation enabled)

============================================================
Phase 21 P-scan Probe
============================================================
Job ID:       54902462
Node:         m3g111
GPU(s):       0
JAX cache:    /scratch/fc37/aman0087/.jax_cache_gpu/shared
JAX_LOG_COMPILES: 1
PROBE_P:      50
PROBE_ROLE:   cold
Start:        Mon Apr 20 03:36:38 AM AEST 2026
============================================================

JAX devices: [CudaDevice(id=0)]
GPU: cuda:0

========================================
P-scan probe: P=50 role=cold
========================================
Start: Mon Apr 20 03:36:44 AM AEST 2026
XLA_FLAGS=--xla_dump_hlo_as_text --xla_dump_to=.planning/phases/21-benchmark-bottleneck-diagnosis/hlo_dumps/pscan_P50_cold
Probe exit: 0
--- pscan P=50 role=cold log tail (80 lines) ---
  closest seen input type signature has 1 mismatches, including:
    * at args[0], seen bool[10,2], but now given i64[10,2]
Compiling transpose with global shapes and types [ShapedArray(int64[10,2], weak_type=True)]. Argument mapping: (UnspecifiedValue,).
Finished jaxpr to MLIR module conversion jit(transpose) in 0.001721382 sec
Persistent compilation cache hit for 'jit_transpose' with key 'jit_transpose-9bfa08eb1e637926601615c6997d58e076129f93f38c90acb9e366528ddb56b1'
Finished XLA compilation of jit(transpose) in 0.003962755 sec
Finished tracing + transforming scan for pjit in 0.000850201 sec
TRACING CACHE MISS at /fs04/fc37/adam/projects/psilocybin-prl-analyses/src/prl_hgf/fitting/hierarchical_patrl.py:160 (_build_session_scanner_patrl) because:
  never seen function:
    scan id=140129087762880 defined at /scratch/fc37/aman0087/conda/envs/ds_env/lib/python3.10/site-packages/jax/_src/dispatch.py:94
  but seen another function defined on the same line; maybe the function is
  being re-defined repeatedly, preventing caching?
Compiling scan with global shapes and types [ShapedArray(float64[], weak_type=True), ShapedArray(float64[], weak_type=True), ShapedArray(float64[], weak_type=True), ShapedArray(float64[]), ShapedArray(int64[], weak_type=True), ShapedArray(float64[], weak_type=True), ShapedArray(float64[], weak_type=True), ShapedArray(float64[1]), ShapedArray(float64[], weak_type=True), ShapedArray(float64[], weak_type=True), ShapedArray(float64[], weak_type=True), ShapedArray(float64[], weak_type=True), ShapedArray(int64[], weak_type=True), ShapedArray(float64[], weak_type=True), ShapedArray(float64[], weak_type=True), ShapedArray(float64[], weak_type=True), ShapedArray(float64[], weak_type=True), ShapedArray(float64[], weak_type=True), ShapedArray(float64[], weak_type=True), ShapedArray(float64[], weak_type=True), ShapedArray(float64[1]), ShapedArray(float64[1]), ShapedArray(float64[], weak_type=True), ShapedArray(float64[], weak_type=True), ShapedArray(float64[], weak_type=True), ShapedArray(float64[], weak_type=True), ShapedArray(int64[], weak_type=True), ShapedArray(float64[], weak_type=True), ShapedArray(float64[], weak_type=True), ShapedArray(float64[], weak_type=True), ShapedArray(float64[], weak_type=True), ShapedArray(float64[], weak_type=True), ShapedArray(float64[], weak_type=True), ShapedArray(float64[], weak_type=True), ShapedArray(float64[1]), ShapedArray(float64[1,1]), ShapedArray(int64[1]), ShapedArray(float64[1])]. Argument mapping: (UnspecifiedValue, UnspecifiedValue, UnspecifiedValue, UnspecifiedValue, UnspecifiedValue, UnspecifiedValue, UnspecifiedValue, UnspecifiedValue, UnspecifiedValue, UnspecifiedValue, UnspecifiedValue, UnspecifiedValue, UnspecifiedValue, UnspecifiedValue, UnspecifiedValue, UnspecifiedValue, UnspecifiedValue, UnspecifiedValue, UnspecifiedValue, UnspecifiedValue, UnspecifiedValue, UnspecifiedValue, UnspecifiedValue, UnspecifiedValue, UnspecifiedValue, UnspecifiedValue, UnspecifiedValue, UnspecifiedValue, UnspecifiedValue, UnspecifiedValue, UnspecifiedValue, UnspecifiedValue, UnspecifiedValue, UnspecifiedValue, UnspecifiedValue, UnspecifiedValue, UnspecifiedValue, UnspecifiedValue).
Finished jaxpr to MLIR module conversion jit(scan) in 0.051610708 sec
Persistent compilation cache hit for 'jit_scan' with key 'jit_scan-6b3ba0a8612af8dd3bdfeb2dbfdf7977404bb3a13298aac925e796a8613aba82'
Finished XLA compilation of jit(scan) in 0.015713930 sec
Compiling exp with global shapes and types [ShapedArray(float64[48], weak_type=True)]. Argument mapping: (UnspecifiedValue,).
Finished jaxpr to MLIR module conversion jit(exp) in 0.001795530 sec
Persistent compilation cache hit for 'jit_exp' with key 'jit_exp-6325ae48512084e23fd2695b925deed156bcc0fdad246ae9a8098eb4480fc3ad'
Finished XLA compilation of jit(exp) in 0.002511501 sec
Compiling beliefs_propagation with global shapes and types []. Argument mapping: ().
Finished jaxpr to MLIR module conversion jit(beliefs_propagation) in 0.008344412 sec
Persistent compilation cache hit for 'jit_beliefs_propagation' with key 'jit_beliefs_propagation-bf7992328131ec93d50668566233b7e120d9a22e69e3342c846aa70e1e754095'
Finished XLA compilation of jit(beliefs_propagation) in 0.004417419 sec
Finished tracing + transforming scan for pjit in 0.001074791 sec
TRACING CACHE MISS at /fs04/fc37/adam/projects/psilocybin-prl-analyses/src/prl_hgf/fitting/hierarchical_patrl.py:378 (_single_logp) because:
  never seen function:
    scan id=140128174949568 defined at /scratch/fc37/aman0087/conda/envs/ds_env/lib/python3.10/site-packages/jax/_src/dispatch.py:94
  but seen another function defined on the same line; maybe the function is
  being re-defined repeatedly, preventing caching?
Compiling scan with global shapes and types [ShapedArray(float64[48]), ShapedArray(float64[48]), ShapedArray(float64[48]), ShapedArray(float64[48], weak_type=True), ShapedArray(float64[48], weak_type=True), ShapedArray(float64[48], weak_type=True), ShapedArray(float64[48]), ShapedArray(int32[48]), ShapedArray(float64[48], weak_type=True), ShapedArray(float64[48], weak_type=True), ShapedArray(float64[48,1]), ShapedArray(float64[48], weak_type=True), ShapedArray(float64[48], weak_type=True), ShapedArray(float64[48], weak_type=True), ShapedArray(float64[48], weak_type=True), ShapedArray(int64[48], weak_type=True), ShapedArray(float64[48], weak_type=True), ShapedArray(float64[48], weak_type=True), ShapedArray(float64[48], weak_type=True), ShapedArray(float64[48], weak_type=True), ShapedArray(float64[48], weak_type=True), ShapedArray(float64[48], weak_type=True), ShapedArray(float64[48], weak_type=True), ShapedArray(float64[48,1]), ShapedArray(float64[48,1]), ShapedArray(float64[48], weak_type=True), ShapedArray(float64[48], weak_type=True), ShapedArray(float64[48], weak_type=True), ShapedArray(float64[48], weak_type=True), ShapedArray(int64[48], weak_type=True), ShapedArray(float64[48], weak_type=True), ShapedArray(float64[48], weak_type=True), ShapedArray(float64[48], weak_type=True), ShapedArray(float64[48], weak_type=True), ShapedArray(float64[48], weak_type=True), ShapedArray(float64[48], weak_type=True), ShapedArray(float64[48], weak_type=True), ShapedArray(float64[48,1]), ShapedArray(float64[192,48,1]), ShapedArray(int32[192]), ShapedArray(float64[192])]. Argument mapping: (UnspecifiedValue, UnspecifiedValue, UnspecifiedValue, UnspecifiedValue, UnspecifiedValue, UnspecifiedValue, UnspecifiedValue, UnspecifiedValue, UnspecifiedValue, UnspecifiedValue, UnspecifiedValue, UnspecifiedValue, UnspecifiedValue, UnspecifiedValue, UnspecifiedValue, UnspecifiedValue, UnspecifiedValue, UnspecifiedValue, UnspecifiedValue, UnspecifiedValue, UnspecifiedValue, UnspecifiedValue, UnspecifiedValue, UnspecifiedValue, UnspecifiedValue, UnspecifiedValue, UnspecifiedValue, UnspecifiedValue, UnspecifiedValue, UnspecifiedValue, UnspecifiedValue, UnspecifiedValue, UnspecifiedValue, UnspecifiedValue, UnspecifiedValue, UnspecifiedValue, UnspecifiedValue, UnspecifiedValue, UnspecifiedValue, UnspecifiedValue, UnspecifiedValue).
Finished jaxpr to MLIR module conversion jit(scan) in 0.099707603 sec
Persistent compilation cache hit for 'jit_scan' with key 'jit_scan-70810ec3ff23c7c53139742ffee4e6b4458abe64bd51e7b21defea3c72b24b24'
Finished XLA compilation of jit(scan) in 0.053335905 sec
Compiling multiply with global shapes and types [ShapedArray(float64[48], weak_type=True), ShapedArray(float64[48,192])]. Argument mapping: (UnspecifiedValue, UnspecifiedValue).
Finished jaxpr to MLIR module conversion jit(multiply) in 0.002142429 sec
Persistent compilation cache hit for 'jit_multiply' with key 'jit_multiply-7d7d2bb4a60b0ffd74cfc8b4caf243a8ca4dd376e52fb45212344ef9a00fe74e'
Finished XLA compilation of jit(multiply) in 0.002855301 sec
Compiling add with global shapes and types [ShapedArray(float64[48,192]), ShapedArray(float64[48], weak_type=True)]. Argument mapping: (UnspecifiedValue, UnspecifiedValue).
Finished jaxpr to MLIR module conversion jit(add) in 0.001620770 sec
Persistent compilation cache hit for 'jit_add' with key 'jit_add-cf31c839a019c37f6305cdcb3f9e10fca85b3436d7f666b9c3f3fddee32ef8bd'
Finished XLA compilation of jit(add) in 0.002329826 sec
Finished tracing + transforming scan for pjit in 0.000739098 sec
TRACING CACHE MISS at /fs04/fc37/adam/projects/psilocybin-prl-analyses/src/prl_hgf/fitting/hierarchical_patrl.py:378 (_single_logp) because:
  never seen function:
    scan id=140127586823344 defined at /scratch/fc37/aman0087/conda/envs/ds_env/lib/python3.10/site-packages/jax/_src/dispatch.py:94
  but seen another function defined on the same line; maybe the function is
  being re-defined repeatedly, preventing caching?
Compiling scan with global shapes and types [ShapedArray(float64[48]), ShapedArray(float64[48]), ShapedArray(float64[48]), ShapedArray(float64[48]), ShapedArray(float64[48]), ShapedArray(float64[48]), ShapedArray(float64[48]), ShapedArray(float64[48]), ShapedArray(float64[48], weak_type=True), ShapedArray(float64[48]), ShapedArray(float64[48]), ShapedArray(float64[48]), ShapedArray(float64[48], weak_type=True), ShapedArray(float64[48]), ShapedArray(float64[48]), ShapedArray(float64[48]), ShapedArray(float64[48]), ShapedArray(float64[48], weak_type=True), ShapedArray(float64[48]), ShapedArray(float64[48], weak_type=True), ShapedArray(float64[48,1]), ShapedArray(float64[192,48]), ShapedArray(float64[192,48], weak_type=True), ShapedArray(float64[192,48], weak_type=True), ShapedArray(float64[192]), ShapedArray(float64[192,48], weak_type=True), ShapedArray(bool[192,48]), ShapedArray(float64[192,48]), ShapedArray(float64[192,48]), ShapedArray(float64[192,48], weak_type=True), ShapedArray(float64[192,48]), ShapedArray(float64[192,48], weak_type=True), ShapedArray(float64[192,48], weak_type=True), ShapedArray(float64[192,48]), ShapedArray(float64[192,48]), ShapedArray(bool[192,48]), ShapedArray(float64[192,48]), ShapedArray(float64[192,48]), ShapedArray(float64[192,48], weak_type=True), ShapedArray(float64[192,48]), ShapedArray(float64[192,48]), ShapedArray(float64[192,48]), ShapedArray(float64[192,48]), ShapedArray(float64[192]), ShapedArray(float64[192,48]), ShapedArray(float64[192,48]), ShapedArray(float64[192,48]), ShapedArray(int32[192]), ShapedArray(float64[192,48], weak_type=True), ShapedArray(float64[192]), ShapedArray(float64[192,48]), ShapedArray(float64[192,48]), ShapedArray(float64[192,48]), ShapedArray(bool[192,48]), ShapedArray(float64[192,48]), ShapedArray(float64[192,48]), ShapedArray(float64[192,48]), ShapedArray(float64[192,48]), ShapedArray(float64[192,48]), ShapedArray(float64[192,48]), ShapedArray(float64[192]), ShapedArray(float64[192,48]), ShapedArray(float64[192,48]), ShapedArray(float64[192,48]), ShapedArray(float64[192,48]), ShapedArray(float64[192,48]), ShapedArray(float64[192,48]), ShapedArray(float64[192,48]), ShapedArray(float64[192,48]), ShapedArray(float64[192,48]), ShapedArray(float64[192,48]), ShapedArray(float64[192,48]), ShapedArray(int32[192,48]), ShapedArray(bool[192,48]), ShapedArray(float64[192,48], weak_type=True), ShapedArray(float64[192,48]), ShapedArray(float64[192,48], weak_type=True), ShapedArray(float64[192,48]), ShapedArray(bool[192,48]), ShapedArray(bool[192,48,1]), ShapedArray(float64[192,48]), ShapedArray(float64[192,48]), ShapedArray(float64[192,48]), ShapedArray(float64[192,48]), ShapedArray(float64[192,48]), ShapedArray(float64[192,48]), ShapedArray(float64[192,48]), ShapedArray(float64[192,48]), ShapedArray(float64[192,48]), ShapedArray(float64[192,48]), ShapedArray(bool[192,48]), ShapedArray(bool[192,48]), ShapedArray(bool[192,48,1])]. Argument mapping: (UnspecifiedValue, UnspecifiedValue, UnspecifiedValue, UnspecifiedValue, UnspecifiedValue, UnspecifiedValue, UnspecifiedValue, UnspecifiedValue, UnspecifiedValue, UnspecifiedValue, UnspecifiedValue, UnspecifiedValue, UnspecifiedValue, UnspecifiedValue, UnspecifiedValue, UnspecifiedValue, UnspecifiedValue, UnspecifiedValue, UnspecifiedValue, UnspecifiedValue, UnspecifiedValue, UnspecifiedValue, UnspecifiedValue, UnspecifiedValue, UnspecifiedValue, UnspecifiedValue, UnspecifiedValue, UnspecifiedValue, UnspecifiedValue, UnspecifiedValue, UnspecifiedValue, UnspecifiedValue, UnspecifiedValue, UnspecifiedValue, UnspecifiedValue, UnspecifiedValue, UnspecifiedValue, UnspecifiedValue, UnspecifiedValue, UnspecifiedValue, UnspecifiedValue, UnspecifiedValue, UnspecifiedValue, UnspecifiedValue, UnspecifiedValue, UnspecifiedValue, UnspecifiedValue, UnspecifiedValue, UnspecifiedValue, UnspecifiedValue, UnspecifiedValue, UnspecifiedValue, UnspecifiedValue, UnspecifiedValue, UnspecifiedValue, UnspecifiedValue, UnspecifiedValue, UnspecifiedValue, UnspecifiedValue, UnspecifiedValue, UnspecifiedValue, UnspecifiedValue, UnspecifiedValue, UnspecifiedValue, UnspecifiedValue, UnspecifiedValue, UnspecifiedValue, UnspecifiedValue, UnspecifiedValue, UnspecifiedValue, UnspecifiedValue, UnspecifiedValue, UnspecifiedValue, UnspecifiedValue, UnspecifiedValue, UnspecifiedValue, UnspecifiedValue, UnspecifiedValue, UnspecifiedValue, UnspecifiedValue, UnspecifiedValue, UnspecifiedValue, UnspecifiedValue, UnspecifiedValue, UnspecifiedValue, UnspecifiedValue, UnspecifiedValue, UnspecifiedValue, UnspecifiedValue, UnspecifiedValue, UnspecifiedValue, UnspecifiedValue, UnspecifiedValue).
Finished jaxpr to MLIR module conversion jit(scan) in 0.074428797 sec
Persistent compilation cache hit for 'jit_scan' with key 'jit_scan-09356e7077fb3ea2f398c9058eb30ccf88c485c4a42c904e24b7385d052f4559'
Finished XLA compilation of jit(scan) in 0.027026892 sec
Finished tracing + transforming scan for pjit in 0.000912428 sec
TRACING CACHE MISS at /fs04/fc37/adam/projects/psilocybin-prl-analyses/src/prl_hgf/fitting/hierarchical.py:1011 (_run_blackjax_nuts) because:
  never seen function:
    scan id=140127565494256 defined at /scratch/fc37/aman0087/conda/envs/ds_env/lib/python3.10/site-packages/jax/_src/dispatch.py:94
  but seen another function defined on the same line; maybe the function is
  being re-defined repeatedly, preventing caching?
Compiling scan with global shapes and types [ShapedArray(int32[48,192]), ShapedArray(float64[1]), ShapedArray(float64[1]), ShapedArray(float64[1]), ShapedArray(float32[48,192]), ShapedArray(float32[48,192]), ShapedArray(int32[48,192]), ShapedArray(bool[48,192]), ShapedArray(float64[48], weak_type=True), ShapedArray(float64[48], weak_type=True), ShapedArray(float64[48], weak_type=True), ShapedArray(float64[48], weak_type=True), ShapedArray(float64[48], weak_type=True), ShapedArray(float64[48], weak_type=True), ShapedArray(float64[]), ShapedArray(float64[48], weak_type=True), ShapedArray(float64[48], weak_type=True), ShapedArray(float64[48], weak_type=True), ShapedArray(float64[48], weak_type=True), ShapedArray(float64[48], weak_type=True), ShapedArray(float64[48], weak_type=True), ShapedArray(float64[], weak_type=True), ShapedArray(float64[], weak_type=True), ShapedArray(int64[], weak_type=True), ShapedArray(float64[], weak_type=True), ShapedArray(float64[], weak_type=True), ShapedArray(float64[288]), ShapedArray(float64[288]), ShapedArray(float64[288]), ShapedArray(int64[], weak_type=True), ShapedArray(float64[], weak_type=True), ShapedArray(float64[288]), ShapedArray(uint32[10,2]), ShapedArray(int64[10,2])]. Argument mapping: (UnspecifiedValue, UnspecifiedValue, UnspecifiedValue, UnspecifiedValue, UnspecifiedValue, UnspecifiedValue, UnspecifiedValue, UnspecifiedValue, UnspecifiedValue, UnspecifiedValue, UnspecifiedValue, UnspecifiedValue, UnspecifiedValue, UnspecifiedValue, UnspecifiedValue, UnspecifiedValue, UnspecifiedValue, UnspecifiedValue, UnspecifiedValue, UnspecifiedValue, UnspecifiedValue, UnspecifiedValue, UnspecifiedValue, UnspecifiedValue, UnspecifiedValue, UnspecifiedValue, UnspecifiedValue, UnspecifiedValue, UnspecifiedValue, UnspecifiedValue, UnspecifiedValue, UnspecifiedValue, UnspecifiedValue, UnspecifiedValue).
Finished jaxpr to MLIR module conversion jit(scan) in 0.402060986 sec
Persistent compilation cache hit for 'jit_scan' with key 'jit_scan-ff3f5ee52c031ed8b06911a2d6a07308e07b33704845ab81e0f19d75281eaa68'
Finished XLA compilation of jit(scan) in 0.252485514 sec
Finished tracing + transforming _one_step for pjit in 1.730928898 sec
TRACING CACHE MISS at /fs04/fc37/adam/projects/psilocybin-prl-analyses/src/prl_hgf/fitting/hierarchical.py:1153 (_run_vmap_chains) because:
  never seen function:
    _run_vmap_chains.<locals>._one_step id=140127542639440 defined at /fs04/fc37/adam/projects/psilocybin-prl-analyses/src/prl_hgf/fitting/hierarchical.py:1144
  but seen another function defined on the same line; maybe the function is
  being re-defined repeatedly, preventing caching?
Finished tracing + transforming scan for pjit in 0.000761509 sec
TRACING CACHE MISS at /fs04/fc37/adam/projects/psilocybin-prl-analyses/src/prl_hgf/fitting/hierarchical.py:1153 (_run_vmap_chains) because:
  never seen function:
    scan id=140127596156464 defined at /scratch/fc37/aman0087/conda/envs/ds_env/lib/python3.10/site-packages/jax/_src/dispatch.py:94
  but seen another function defined on the same line; maybe the function is
  being re-defined repeatedly, preventing caching?
Compiling scan with global shapes and types [ShapedArray(float64[2,48], weak_type=True), ShapedArray(float64[2,48], weak_type=True), ShapedArray(float64[2,48], weak_type=True), ShapedArray(float64[2,48], weak_type=True), ShapedArray(float64[2,48], weak_type=True), ShapedArray(float64[2,48], weak_type=True), ShapedArray(float64[2]), ShapedArray(float64[2,48], weak_type=True), ShapedArray(float64[2,48], weak_type=True), ShapedArray(float64[2,48], weak_type=True), ShapedArray(float64[2,48], weak_type=True), ShapedArray(float64[2,48], weak_type=True), ShapedArray(float64[2,48], weak_type=True), ShapedArray(uint32[10,2])]. Argument mapping: (UnspecifiedValue, UnspecifiedValue, UnspecifiedValue, UnspecifiedValue, UnspecifiedValue, UnspecifiedValue, UnspecifiedValue, UnspecifiedValue, UnspecifiedValue, UnspecifiedValue, UnspecifiedValue, UnspecifiedValue, UnspecifiedValue, UnspecifiedValue).
Finished jaxpr to MLIR module conversion jit(scan) in 0.552817106 sec
PERSISTENT COMPILATION CACHE MISS for 'jit_scan' with key 'jit_scan-db76e6f5634d4ae9dc0d7d3c88ba210d6f3dbad528f91e60f7b20083b5d693c0'
Writing jit_scan to persistent compilation cache with key 'jit_scan-db76e6f5634d4ae9dc0d7d3c88ba210d6f3dbad528f91e60f7b20083b5d693c0'
Finished XLA compilation of jit(scan) in 3.077645063 sec
--p-scan 50 complete: status=completed, cold=233.4s, warm=92.8s, row appended to .planning/phases/21-benchmark-bottleneck-diagnosis/jit_scaling_sweep.csv
--- end log ---
End: Mon Apr 20 03:42:41 AM AEST 2026


========================================
Phase 21 p-scan probe: git auto-push
========================================
