Added ptxas to PATH: /scratch/fc37/aman0087/conda/envs/ds_env/lib/python3.10/site-packages/nvidia/cuda_nvcc/bin

=== CUDA Environment Check ===
Driver CUDA version: 12.8
ptxas CUDA version:  12.8
OK: ptxas version <= driver version (XLA parallel compilation enabled)

============================================================
Phase 21 P-scan Probe
============================================================
Job ID:       54902365
Node:         m3g111
GPU(s):       0
JAX cache:    /scratch/fc37/aman0087/.jax_cache_gpu/shared
JAX_LOG_COMPILES: 1
PROBE_P:      5
PROBE_ROLE:   cold
Start:        Mon Apr 20 02:10:58 AM AEST 2026
============================================================

JAX devices: [CudaDevice(id=0)]
GPU: cuda:0

========================================
P-scan probe: P=5 role=cold
========================================
Start: Mon Apr 20 02:11:10 AM AEST 2026
XLA_FLAGS=--xla_dump_hlo_as_text --xla_dump_to=.planning/phases/21-benchmark-bottleneck-diagnosis/hlo_dumps/pscan_P5_cold
Probe exit: 1
--- pscan P=5 role=cold log tail (80 lines) ---
/scratch/fc37/aman0087/conda/envs/ds_env/lib/python3.10/site-packages/arviz/__init__.py:50: FutureWarning: 
ArviZ is undergoing a major refactor to improve flexibility and extensibility while maintaining a user-friendly interface.
Some upcoming changes may be backward incompatible.
For details and migration guidance, visit: https://python.arviz.org/en/latest/user_guide/migration_guide.html
  warn(
Traceback (most recent call last):
  File "/fs04/fc37/adam/projects/psilocybin-prl-analyses/scripts/08_run_power_iteration.py", line 51, in <module>
    from prl_hgf.power.config import load_power_config
  File "/fs04/fc37/adam/projects/psilocybin-prl-analyses/src/prl_hgf/power/__init__.py", line 31, in <module>
    from prl_hgf.power.iteration import (
  File "/fs04/fc37/adam/projects/psilocybin-prl-analyses/src/prl_hgf/power/iteration.py", line 40, in <module>
    from prl_hgf.analysis.bms import compute_subject_waic, run_group_bms
  File "/fs04/fc37/adam/projects/psilocybin-prl-analyses/src/prl_hgf/analysis/__init__.py", line 10, in <module>
    from prl_hgf.analysis.bms import (
  File "/fs04/fc37/adam/projects/psilocybin-prl-analyses/src/prl_hgf/analysis/bms.py", line 34, in <module>
    import arviz as az
  File "/scratch/fc37/aman0087/conda/envs/ds_env/lib/python3.10/site-packages/arviz/__init__.py", line 61, in <module>
    _warn_once_per_day()
  File "/scratch/fc37/aman0087/conda/envs/ds_env/lib/python3.10/site-packages/arviz/__init__.py", line 58, in _warn_once_per_day
    _atomic_write_text(stamp_file, today.isoformat())
  File "/scratch/fc37/aman0087/conda/envs/ds_env/lib/python3.10/site-packages/arviz/__init__.py", line 36, in _atomic_write_text
    tmp.replace(path)
  File "/scratch/fc37/aman0087/conda/envs/ds_env/lib/python3.10/pathlib.py", line 1247, in replace
    self._accessor.replace(self, target)
FileNotFoundError: [Errno 2] No such file or directory: '/home/aman0087/.cache/arviz/daily_warning.tmp' -> '/home/aman0087/.cache/arviz/daily_warning'
--- end log ---
End: Mon Apr 20 02:11:56 AM AEST 2026


========================================
Phase 21 p-scan probe: git auto-push
========================================
No new files to push
