
============================================================
PAT-RL SC5 Cohort Smoke (Plan 20-05)
============================================================
Job ID:        54901092
Node:          m3e116
Partition:     comp (CPU only)
N per phenotype: 40  (total: 160 if all phenotypes)
Phenotypes:    all
MCMC:          tune=500 draws=500
Level:         3
Seed:          42
Fit method:    laplace
JAX cache:     /scratch/fc37/aman0087/.jax_cache_cpu/patrl/m3e116
Start:         Sun Apr 19 07:52:09 PM AEST 2026
============================================================

JAX devices: [CpuDevice(id=0)]
jax_enable_x64 (pre-run): False

============================================================
PAT-RL foundation smoke — Phase 18/19/20
============================================================
  level=3  n_per_phenotype=40
  phenotypes=all (4)
  total_agents=160
  n_tune=500  n_draws=500  seed=42
  fit_method=laplace
  response_model=model_a

============================================================
PAT-RL SMOKE FAILED (exit code: 1)
  Check: cluster/logs/patrl_smoke_54901092.err
End:           Sun Apr 19 07:53:38 PM AEST 2026
============================================================

Pushing PAT-RL smoke results to git...
