
============================================================
PAT-RL SC5 Cohort Smoke (Plan 20-05)
============================================================
Job ID:        54901120
Node:          m3j010
Partition:     comp (CPU only)
N per phenotype: 40  (total: 160 if all phenotypes)
Phenotypes:    all
MCMC:          tune=500 draws=500
Level:         2
Seed:          42
Fit method:    laplace
JAX cache:     /scratch/fc37/aman0087/.jax_cache_cpu/patrl/m3j010
Start:         Sun Apr 19 08:22:52 PM AEST 2026
============================================================

JAX devices: [CpuDevice(id=0)]
jax_enable_x64 (pre-run): False

============================================================
PAT-RL foundation smoke — Phase 18/19/20
============================================================
  level=2  n_per_phenotype=40
  phenotypes=all (4)
  total_agents=160
  n_tune=500  n_draws=500  seed=42
  fit_method=laplace
  response_model=model_a

WROTE 161 CSVs at results/patrl_smoke/54901120
  fit_method:  laplace
  Total size: 4344.2 KB
  Wall time:  46.6 s

============================================================
PAT-RL SMOKE PASSED (N=40 phenotypes=all level=2)
End:           Sun Apr 19 08:23:53 PM AEST 2026
============================================================

Pushing PAT-RL smoke results to git...
Results dir exists: results/patrl_smoke/54901120 (162 files)
git add status: 0
Staged files under results/patrl_smoke/54901120:
results/patrl_smoke/54901120/P000_trajectories.csv
results/patrl_smoke/54901120/P001_trajectories.csv
results/patrl_smoke/54901120/P002_trajectories.csv
results/patrl_smoke/54901120/P003_trajectories.csv
results/patrl_smoke/54901120/P004_trajectories.csv
results/patrl_smoke/54901120/P005_trajectories.csv
results/patrl_smoke/54901120/P006_trajectories.csv
results/patrl_smoke/54901120/P007_trajectories.csv
results/patrl_smoke/54901120/P008_trajectories.csv
results/patrl_smoke/54901120/P009_trajectories.csv
results/patrl_smoke/54901120/P010_trajectories.csv
results/patrl_smoke/54901120/P011_trajectories.csv
results/patrl_smoke/54901120/P012_trajectories.csv
results/patrl_smoke/54901120/P013_trajectories.csv
results/patrl_smoke/54901120/P014_trajectories.csv
results/patrl_smoke/54901120/P015_trajectories.csv
results/patrl_smoke/54901120/P016_trajectories.csv
results/patrl_smoke/54901120/P017_trajectories.csv
results/patrl_smoke/54901120/P018_trajectories.csv
results/patrl_smoke/54901120/P019_trajectories.csv
results/patrl_smoke/54901120/P020_trajectories.csv
results/patrl_smoke/54901120/P021_trajectories.csv
results/patrl_smoke/54901120/P022_trajectories.csv
results/patrl_smoke/54901120/P023_trajectories.csv
results/patrl_smoke/54901120/P024_trajectories.csv
results/patrl_smoke/54901120/P025_trajectories.csv
results/patrl_smoke/54901120/P026_trajectories.csv
results/patrl_smoke/54901120/P027_trajectories.csv
results/patrl_smoke/54901120/P028_trajectories.csv
results/patrl_smoke/54901120/P029_trajectories.csv
results/patrl_smoke/54901120/P030_trajectories.csv
results/patrl_smoke/54901120/P031_trajectories.csv
results/patrl_smoke/54901120/P032_trajectories.csv
results/patrl_smoke/54901120/P033_trajectories.csv
results/patrl_smoke/54901120/P034_trajectories.csv
results/patrl_smoke/54901120/P035_trajectories.csv
results/patrl_smoke/54901120/P036_trajectories.csv
results/patrl_smoke/54901120/P037_trajectories.csv
results/patrl_smoke/54901120/P038_trajectories.csv
results/patrl_smoke/54901120/P039_trajectories.csv
results/patrl_smoke/54901120/P040_trajectories.csv
results/patrl_smoke/54901120/P041_trajectories.csv
results/patrl_smoke/54901120/P042_trajectories.csv
results/patrl_smoke/54901120/P043_trajectories.csv
results/patrl_smoke/54901120/P044_trajectories.csv
results/patrl_smoke/54901120/P045_trajectories.csv
results/patrl_smoke/54901120/P046_trajectories.csv
results/patrl_smoke/54901120/P047_trajectories.csv
results/patrl_smoke/54901120/P048_trajectories.csv
results/patrl_smoke/54901120/P049_trajectories.csv
results/patrl_smoke/54901120/P050_trajectories.csv
results/patrl_smoke/54901120/P051_trajectories.csv
results/patrl_smoke/54901120/P052_trajectories.csv
results/patrl_smoke/54901120/P053_trajectories.csv
results/patrl_smoke/54901120/P054_trajectories.csv
results/patrl_smoke/54901120/P055_trajectories.csv
results/patrl_smoke/54901120/P056_trajectories.csv
results/patrl_smoke/54901120/P057_trajectories.csv
results/patrl_smoke/54901120/P058_trajectories.csv
results/patrl_smoke/54901120/P059_trajectories.csv
results/patrl_smoke/54901120/P060_trajectories.csv
results/patrl_smoke/54901120/P061_trajectories.csv
results/patrl_smoke/54901120/P062_trajectories.csv
results/patrl_smoke/54901120/P063_trajectories.csv
results/patrl_smoke/54901120/P064_trajectories.csv
results/patrl_smoke/54901120/P065_trajectories.csv
results/patrl_smoke/54901120/P066_trajectories.csv
results/patrl_smoke/54901120/P067_trajectories.csv
results/patrl_smoke/54901120/P068_trajectories.csv
results/patrl_smoke/54901120/P069_trajectories.csv
results/patrl_smoke/54901120/P070_trajectories.csv
results/patrl_smoke/54901120/P071_trajectories.csv
results/patrl_smoke/54901120/P072_trajectories.csv
results/patrl_smoke/54901120/P073_trajectories.csv
results/patrl_smoke/54901120/P074_trajectories.csv
results/patrl_smoke/54901120/P075_trajectories.csv
results/patrl_smoke/54901120/P076_trajectories.csv
results/patrl_smoke/54901120/P077_trajectories.csv
results/patrl_smoke/54901120/P078_trajectories.csv
results/patrl_smoke/54901120/P079_trajectories.csv
results/patrl_smoke/54901120/P080_trajectories.csv
results/patrl_smoke/54901120/P081_trajectories.csv
results/patrl_smoke/54901120/P082_trajectories.csv
results/patrl_smoke/54901120/P083_trajectories.csv
results/patrl_smoke/54901120/P084_trajectories.csv
results/patrl_smoke/54901120/P085_trajectories.csv
results/patrl_smoke/54901120/P086_trajectories.csv
results/patrl_smoke/54901120/P087_trajectories.csv
results/patrl_smoke/54901120/P088_trajectories.csv
results/patrl_smoke/54901120/P089_trajectories.csv
results/patrl_smoke/54901120/P090_trajectories.csv
results/patrl_smoke/54901120/P091_trajectories.csv
results/patrl_smoke/54901120/P092_trajectories.csv
results/patrl_smoke/54901120/P093_trajectories.csv
results/patrl_smoke/54901120/P094_trajectories.csv
results/patrl_smoke/54901120/P095_trajectories.csv
results/patrl_smoke/54901120/P096_trajectories.csv
results/patrl_smoke/54901120/P097_trajectories.csv
results/patrl_smoke/54901120/P098_trajectories.csv
results/patrl_smoke/54901120/P099_trajectories.csv
results/patrl_smoke/54901120/P100_trajectories.csv
results/patrl_smoke/54901120/P101_trajectories.csv
results/patrl_smoke/54901120/P102_trajectories.csv
results/patrl_smoke/54901120/P103_trajectories.csv
results/patrl_smoke/54901120/P104_trajectories.csv
results/patrl_smoke/54901120/P105_trajectories.csv
results/patrl_smoke/54901120/P106_trajectories.csv
results/patrl_smoke/54901120/P107_trajectories.csv
results/patrl_smoke/54901120/P108_trajectories.csv
results/patrl_smoke/54901120/P109_trajectories.csv
results/patrl_smoke/54901120/P110_trajectories.csv
results/patrl_smoke/54901120/P111_trajectories.csv
results/patrl_smoke/54901120/P112_trajectories.csv
results/patrl_smoke/54901120/P113_trajectories.csv
results/patrl_smoke/54901120/P114_trajectories.csv
results/patrl_smoke/54901120/P115_trajectories.csv
results/patrl_smoke/54901120/P116_trajectories.csv
results/patrl_smoke/54901120/P117_trajectories.csv
results/patrl_smoke/54901120/P118_trajectories.csv
results/patrl_smoke/54901120/P119_trajectories.csv
results/patrl_smoke/54901120/P120_trajectories.csv
results/patrl_smoke/54901120/P121_trajectories.csv
results/patrl_smoke/54901120/P122_trajectories.csv
results/patrl_smoke/54901120/P123_trajectories.csv
results/patrl_smoke/54901120/P124_trajectories.csv
results/patrl_smoke/54901120/P125_trajectories.csv
results/patrl_smoke/54901120/P126_trajectories.csv
results/patrl_smoke/54901120/P127_trajectories.csv
results/patrl_smoke/54901120/P128_trajectories.csv
results/patrl_smoke/54901120/P129_trajectories.csv
results/patrl_smoke/54901120/P130_trajectories.csv
results/patrl_smoke/54901120/P131_trajectories.csv
results/patrl_smoke/54901120/P132_trajectories.csv
results/patrl_smoke/54901120/P133_trajectories.csv
results/patrl_smoke/54901120/P134_trajectories.csv
results/patrl_smoke/54901120/P135_trajectories.csv
results/patrl_smoke/54901120/P136_trajectories.csv
results/patrl_smoke/54901120/P137_trajectories.csv
results/patrl_smoke/54901120/P138_trajectories.csv
results/patrl_smoke/54901120/P139_trajectories.csv
results/patrl_smoke/54901120/P140_trajectories.csv
results/patrl_smoke/54901120/P141_trajectories.csv
results/patrl_smoke/54901120/P142_trajectories.csv
results/patrl_smoke/54901120/P143_trajectories.csv
results/patrl_smoke/54901120/P144_trajectories.csv
results/patrl_smoke/54901120/P145_trajectories.csv
results/patrl_smoke/54901120/P146_trajectories.csv
results/patrl_smoke/54901120/P147_trajectories.csv
results/patrl_smoke/54901120/P148_trajectories.csv
results/patrl_smoke/54901120/P149_trajectories.csv
results/patrl_smoke/54901120/P150_trajectories.csv
results/patrl_smoke/54901120/P151_trajectories.csv
results/patrl_smoke/54901120/P152_trajectories.csv
results/patrl_smoke/54901120/P153_trajectories.csv
results/patrl_smoke/54901120/P154_trajectories.csv
results/patrl_smoke/54901120/P155_trajectories.csv
results/patrl_smoke/54901120/P156_trajectories.csv
results/patrl_smoke/54901120/P157_trajectories.csv
results/patrl_smoke/54901120/P158_trajectories.csv
results/patrl_smoke/54901120/P159_trajectories.csv
results/patrl_smoke/54901120/parameter_summary.csv
results/patrl_smoke/54901120/true_params.csv
[main c95cc05] smoke patrl sc5 N=40 phenotypes=all level=2 method=laplace (job 54901120)
 164 files changed, 35175 insertions(+)
 create mode 100644 cluster/logs/patrl_smoke_54901120.err
 create mode 100644 cluster/logs/patrl_smoke_54901120.out
 create mode 100644 results/patrl_smoke/54901120/P000_trajectories.csv
 create mode 100644 results/patrl_smoke/54901120/P001_trajectories.csv
 create mode 100644 results/patrl_smoke/54901120/P002_trajectories.csv
 create mode 100644 results/patrl_smoke/54901120/P003_trajectories.csv
 create mode 100644 results/patrl_smoke/54901120/P004_trajectories.csv
 create mode 100644 results/patrl_smoke/54901120/P005_trajectories.csv
 create mode 100644 results/patrl_smoke/54901120/P006_trajectories.csv
 create mode 100644 results/patrl_smoke/54901120/P007_trajectories.csv
 create mode 100644 results/patrl_smoke/54901120/P008_trajectories.csv
 create mode 100644 results/patrl_smoke/54901120/P009_trajectories.csv
 create mode 100644 results/patrl_smoke/54901120/P010_trajectories.csv
 create mode 100644 results/patrl_smoke/54901120/P011_trajectories.csv
 create mode 100644 results/patrl_smoke/54901120/P012_trajectories.csv
 create mode 100644 results/patrl_smoke/54901120/P013_trajectories.csv
 create mode 100644 results/patrl_smoke/54901120/P014_trajectories.csv
 create mode 100644 results/patrl_smoke/54901120/P015_trajectories.csv
 create mode 100644 results/patrl_smoke/54901120/P016_trajectories.csv
 create mode 100644 results/patrl_smoke/54901120/P017_trajectories.csv
 create mode 100644 results/patrl_smoke/54901120/P018_trajectories.csv
 create mode 100644 results/patrl_smoke/54901120/P019_trajectories.csv
 create mode 100644 results/patrl_smoke/54901120/P020_trajectories.csv
 create mode 100644 results/patrl_smoke/54901120/P021_trajectories.csv
 create mode 100644 results/patrl_smoke/54901120/P022_trajectories.csv
 create mode 100644 results/patrl_smoke/54901120/P023_trajectories.csv
 create mode 100644 results/patrl_smoke/54901120/P024_trajectories.csv
 create mode 100644 results/patrl_smoke/54901120/P025_trajectories.csv
 create mode 100644 results/patrl_smoke/54901120/P026_trajectories.csv
 create mode 100644 results/patrl_smoke/54901120/P027_trajectories.csv
 create mode 100644 results/patrl_smoke/54901120/P028_trajectories.csv
 create mode 100644 results/patrl_smoke/54901120/P029_trajectories.csv
 create mode 100644 results/patrl_smoke/54901120/P030_trajectories.csv
 create mode 100644 results/patrl_smoke/54901120/P031_trajectories.csv
 create mode 100644 results/patrl_smoke/54901120/P032_trajectories.csv
 create mode 100644 results/patrl_smoke/54901120/P033_trajectories.csv
 create mode 100644 results/patrl_smoke/54901120/P034_trajectories.csv
 create mode 100644 results/patrl_smoke/54901120/P035_trajectories.csv
 create mode 100644 results/patrl_smoke/54901120/P036_trajectories.csv
 create mode 100644 results/patrl_smoke/54901120/P037_trajectories.csv
 create mode 100644 results/patrl_smoke/54901120/P038_trajectories.csv
 create mode 100644 results/patrl_smoke/54901120/P039_trajectories.csv
 create mode 100644 results/patrl_smoke/54901120/P040_trajectories.csv
 create mode 100644 results/patrl_smoke/54901120/P041_trajectories.csv
 create mode 100644 results/patrl_smoke/54901120/P042_trajectories.csv
 create mode 100644 results/patrl_smoke/54901120/P043_trajectories.csv
 create mode 100644 results/patrl_smoke/54901120/P044_trajectories.csv
 create mode 100644 results/patrl_smoke/54901120/P045_trajectories.csv
 create mode 100644 results/patrl_smoke/54901120/P046_trajectories.csv
 create mode 100644 results/patrl_smoke/54901120/P047_trajectories.csv
 create mode 100644 results/patrl_smoke/54901120/P048_trajectories.csv
 create mode 100644 results/patrl_smoke/54901120/P049_trajectories.csv
 create mode 100644 results/patrl_smoke/54901120/P050_trajectories.csv
 create mode 100644 results/patrl_smoke/54901120/P051_trajectories.csv
 create mode 100644 results/patrl_smoke/54901120/P052_trajectories.csv
 create mode 100644 results/patrl_smoke/54901120/P053_trajectories.csv
 create mode 100644 results/patrl_smoke/54901120/P054_trajectories.csv
 create mode 100644 results/patrl_smoke/54901120/P055_trajectories.csv
 create mode 100644 results/patrl_smoke/54901120/P056_trajectories.csv
 create mode 100644 results/patrl_smoke/54901120/P057_trajectories.csv
 create mode 100644 results/patrl_smoke/54901120/P058_trajectories.csv
 create mode 100644 results/patrl_smoke/54901120/P059_trajectories.csv
 create mode 100644 results/patrl_smoke/54901120/P060_trajectories.csv
 create mode 100644 results/patrl_smoke/54901120/P061_trajectories.csv
 create mode 100644 results/patrl_smoke/54901120/P062_trajectories.csv
 create mode 100644 results/patrl_smoke/54901120/P063_trajectories.csv
 create mode 100644 results/patrl_smoke/54901120/P064_trajectories.csv
 create mode 100644 results/patrl_smoke/54901120/P065_trajectories.csv
 create mode 100644 results/patrl_smoke/54901120/P066_trajectories.csv
 create mode 100644 results/patrl_smoke/54901120/P067_trajectories.csv
 create mode 100644 results/patrl_smoke/54901120/P068_trajectories.csv
 create mode 100644 results/patrl_smoke/54901120/P069_trajectories.csv
 create mode 100644 results/patrl_smoke/54901120/P070_trajectories.csv
 create mode 100644 results/patrl_smoke/54901120/P071_trajectories.csv
 create mode 100644 results/patrl_smoke/54901120/P072_trajectories.csv
 create mode 100644 results/patrl_smoke/54901120/P073_trajectories.csv
 create mode 100644 results/patrl_smoke/54901120/P074_trajectories.csv
 create mode 100644 results/patrl_smoke/54901120/P075_trajectories.csv
 create mode 100644 results/patrl_smoke/54901120/P076_trajectories.csv
 create mode 100644 results/patrl_smoke/54901120/P077_trajectories.csv
 create mode 100644 results/patrl_smoke/54901120/P078_trajectories.csv
 create mode 100644 results/patrl_smoke/54901120/P079_trajectories.csv
 create mode 100644 results/patrl_smoke/54901120/P080_trajectories.csv
 create mode 100644 results/patrl_smoke/54901120/P081_trajectories.csv
 create mode 100644 results/patrl_smoke/54901120/P082_trajectories.csv
 create mode 100644 results/patrl_smoke/54901120/P083_trajectories.csv
 create mode 100644 results/patrl_smoke/54901120/P084_trajectories.csv
 create mode 100644 results/patrl_smoke/54901120/P085_trajectories.csv
 create mode 100644 results/patrl_smoke/54901120/P086_trajectories.csv
 create mode 100644 results/patrl_smoke/54901120/P087_trajectories.csv
 create mode 100644 results/patrl_smoke/54901120/P088_trajectories.csv
 create mode 100644 results/patrl_smoke/54901120/P089_trajectories.csv
 create mode 100644 results/patrl_smoke/54901120/P090_trajectories.csv
 create mode 100644 results/patrl_smoke/54901120/P091_trajectories.csv
 create mode 100644 results/patrl_smoke/54901120/P092_trajectories.csv
 create mode 100644 results/patrl_smoke/54901120/P093_trajectories.csv
 create mode 100644 results/patrl_smoke/54901120/P094_trajectories.csv
 create mode 100644 results/patrl_smoke/54901120/P095_trajectories.csv
 create mode 100644 results/patrl_smoke/54901120/P096_trajectories.csv
 create mode 100644 results/patrl_smoke/54901120/P097_trajectories.csv
 create mode 100644 results/patrl_smoke/54901120/P098_trajectories.csv
 create mode 100644 results/patrl_smoke/54901120/P099_trajectories.csv
 create mode 100644 results/patrl_smoke/54901120/P100_trajectories.csv
 create mode 100644 results/patrl_smoke/54901120/P101_trajectories.csv
 create mode 100644 results/patrl_smoke/54901120/P102_trajectories.csv
 create mode 100644 results/patrl_smoke/54901120/P103_trajectories.csv
 create mode 100644 results/patrl_smoke/54901120/P104_trajectories.csv
 create mode 100644 results/patrl_smoke/54901120/P105_trajectories.csv
 create mode 100644 results/patrl_smoke/54901120/P106_trajectories.csv
 create mode 100644 results/patrl_smoke/54901120/P107_trajectories.csv
 create mode 100644 results/patrl_smoke/54901120/P108_trajectories.csv
 create mode 100644 results/patrl_smoke/54901120/P109_trajectories.csv
 create mode 100644 results/patrl_smoke/54901120/P110_trajectories.csv
 create mode 100644 results/patrl_smoke/54901120/P111_trajectories.csv
 create mode 100644 results/patrl_smoke/54901120/P112_trajectories.csv
 create mode 100644 results/patrl_smoke/54901120/P113_trajectories.csv
 create mode 100644 results/patrl_smoke/54901120/P114_trajectories.csv
 create mode 100644 results/patrl_smoke/54901120/P115_trajectories.csv
 create mode 100644 results/patrl_smoke/54901120/P116_trajectories.csv
 create mode 100644 results/patrl_smoke/54901120/P117_trajectories.csv
 create mode 100644 results/patrl_smoke/54901120/P118_trajectories.csv
 create mode 100644 results/patrl_smoke/54901120/P119_trajectories.csv
 create mode 100644 results/patrl_smoke/54901120/P120_trajectories.csv
 create mode 100644 results/patrl_smoke/54901120/P121_trajectories.csv
 create mode 100644 results/patrl_smoke/54901120/P122_trajectories.csv
 create mode 100644 results/patrl_smoke/54901120/P123_trajectories.csv
 create mode 100644 results/patrl_smoke/54901120/P124_trajectories.csv
 create mode 100644 results/patrl_smoke/54901120/P125_trajectories.csv
 create mode 100644 results/patrl_smoke/54901120/P126_trajectories.csv
 create mode 100644 results/patrl_smoke/54901120/P127_trajectories.csv
 create mode 100644 results/patrl_smoke/54901120/P128_trajectories.csv
 create mode 100644 results/patrl_smoke/54901120/P129_trajectories.csv
 create mode 100644 results/patrl_smoke/54901120/P130_trajectories.csv
 create mode 100644 results/patrl_smoke/54901120/P131_trajectories.csv
 create mode 100644 results/patrl_smoke/54901120/P132_trajectories.csv
 create mode 100644 results/patrl_smoke/54901120/P133_trajectories.csv
 create mode 100644 results/patrl_smoke/54901120/P134_trajectories.csv
 create mode 100644 results/patrl_smoke/54901120/P135_trajectories.csv
 create mode 100644 results/patrl_smoke/54901120/P136_trajectories.csv
 create mode 100644 results/patrl_smoke/54901120/P137_trajectories.csv
 create mode 100644 results/patrl_smoke/54901120/P138_trajectories.csv
 create mode 100644 results/patrl_smoke/54901120/P139_trajectories.csv
 create mode 100644 results/patrl_smoke/54901120/P140_trajectories.csv
 create mode 100644 results/patrl_smoke/54901120/P141_trajectories.csv
 create mode 100644 results/patrl_smoke/54901120/P142_trajectories.csv
 create mode 100644 results/patrl_smoke/54901120/P143_trajectories.csv
 create mode 100644 results/patrl_smoke/54901120/P144_trajectories.csv
 create mode 100644 results/patrl_smoke/54901120/P145_trajectories.csv
 create mode 100644 results/patrl_smoke/54901120/P146_trajectories.csv
 create mode 100644 results/patrl_smoke/54901120/P147_trajectories.csv
 create mode 100644 results/patrl_smoke/54901120/P148_trajectories.csv
 create mode 100644 results/patrl_smoke/54901120/P149_trajectories.csv
 create mode 100644 results/patrl_smoke/54901120/P150_trajectories.csv
 create mode 100644 results/patrl_smoke/54901120/P151_trajectories.csv
 create mode 100644 results/patrl_smoke/54901120/P152_trajectories.csv
 create mode 100644 results/patrl_smoke/54901120/P153_trajectories.csv
 create mode 100644 results/patrl_smoke/54901120/P154_trajectories.csv
 create mode 100644 results/patrl_smoke/54901120/P155_trajectories.csv
 create mode 100644 results/patrl_smoke/54901120/P156_trajectories.csv
 create mode 100644 results/patrl_smoke/54901120/P157_trajectories.csv
 create mode 100644 results/patrl_smoke/54901120/P158_trajectories.csv
 create mode 100644 results/patrl_smoke/54901120/P159_trajectories.csv
 create mode 100644 results/patrl_smoke/54901120/parameter_summary.csv
 create mode 100644 results/patrl_smoke/54901120/true_params.csv
