
============================================================
PAT-RL SC5 Cohort Smoke (Plan 20-05)
============================================================
Job ID:        54901091
Node:          m3j010
Partition:     comp (CPU only)
N per phenotype: 40  (total: 160 if all phenotypes)
Phenotypes:    all
MCMC:          tune=500 draws=500
Level:         2
Seed:          42
Fit method:    laplace
JAX cache:     /scratch/fc37/aman0087/.jax_cache_cpu/patrl/m3j010
Start:         Sun Apr 19 07:51:05 PM AEST 2026
============================================================

JAX devices: [CpuDevice(id=0)]
jax_enable_x64 (pre-run): False

============================================================
PAT-RL foundation smoke — Phase 18/19/20
============================================================
  level=2  n_per_phenotype=40
  phenotypes=all (4)
  total_agents=160
  n_tune=500  n_draws=500  seed=42
  fit_method=laplace
  response_model=model_a

WROTE 161 CSVs at results/patrl_smoke/54901091
  fit_method:  laplace
  Total size: 4344.2 KB
  Wall time:  60.3 s

============================================================
PAT-RL SMOKE PASSED (N=40 phenotypes=all level=2)
End:           Sun Apr 19 07:52:58 PM AEST 2026
============================================================

Pushing PAT-RL smoke results to git...
