JAX cache: /scratch/fc37/aman0087/.jax_cache_gpu

Verifying GPU...
JAX devices: [CudaDevice(id=0)]
GPU(s) available: [CudaDevice(id=0)]

============================================================
Power Sweep - SLURM Array Job
============================================================
Job ID:     54755919
Array task: 0
Array size: 1
Node:       m3n101
GPU(s):     0
Start:      Fri Apr 10 07:21:42 AM AEST 2026
============================================================

Mode: BENCHMARK (JIT compile + single fit timing)

============================================================
BENCHMARK MODE
============================================================

GPU: cuda:0
  nvidia-smi: NVIDIA A100 80GB PCIe, 81920 MiB, 19861 MiB

Phase 1: JIT compilation (hgf_3level)...
  hgf_3level JIT: 6.19s

Phase 1: JIT compilation (hgf_2level)...
  hgf_2level JIT: 1.03s

Phase 2: Simulate cohort (N=10/group, 3 sessions)...
Pre-warming JAX JIT compilation…
JIT pre-warm complete.
[10/60] placebo P003 session baseline done (34.4s)
[20/60] placebo P006 session post_dose done (66.0s)
[30/60] placebo P009 session followup done (97.6s)
[40/60] psilocybin P003 session baseline done (129.2s)
[50/60] psilocybin P006 session post_dose done (161.1s)
[60/60] psilocybin P009 session followup done (192.6s)
  Simulated 60 participant-sessions in 193.46s

Phase 3: Fit 1 participant (hgf_3level, 2 chains × 500 draws)...

*** ERROR: Task 0 FAILED with exit code 1 ***
*** Check: cluster/logs/power_54755919_0.err ***

Completed: Fri Apr 10 07:26:59 AM AEST 2026 (exit code: 1)

============================================================
JOB RESOURCE REPORT
============================================================
Job ID:     54755919_0
Node:       m3n101

GPU Info:
  Model:       NVIDIA A100 80GB PCIe
  VRAM Total:   81920 MiB
  VRAM Used:    0 MiB
  VRAM Free:    81154 MiB
  Utilization:  0 %
  Temperature:  36

SLURM Accounting:
          54755919_0   00:05:34                              64G          4      RUNNING 
    54755919_0.batch   00:05:34                                           4      RUNNING 
   54755919_0.extern   00:05:34                                           4      RUNNING 

For detailed stats after completion:
  jobstats 54755919_0
============================================================
