JAX cache: /scratch/fc37/aman0087/.jax_cache_gpu

Verifying GPU...
JAX devices: [CudaDevice(id=0)]
GPU(s) available: [CudaDevice(id=0)]

============================================================
Power Sweep - SLURM Array Job
============================================================
Job ID:     54754849
Array task: 0
Array size: 1
Node:       m3g114
GPU(s):     0
Start:      Fri Apr 10 05:13:28 AM AEST 2026
============================================================

Mode: BENCHMARK (JIT compile + single fit timing)

============================================================
BENCHMARK MODE
============================================================

GPU: cuda:0
  nvidia-smi: NVIDIA L40S, 46068 MiB, 10928 MiB

Phase 1: JIT compilation (hgf_3level)...
  hgf_3level JIT: 2.25s

Phase 1: JIT compilation (hgf_2level)...
  hgf_2level JIT: 0.69s

Phase 2: Simulate cohort (N=10/group, 3 sessions)...
Pre-warming JAX JIT compilation…
JIT pre-warm complete.
[10/60] placebo P003 session baseline done (19.7s)
[20/60] placebo P006 session post_dose done (39.0s)
[30/60] placebo P009 session followup done (58.2s)

*** ERROR: Task 0 FAILED with exit code 1 ***
*** Check: cluster/logs/power_54754849_0.err ***

Completed: Fri Apr 10 05:16:05 AM AEST 2026 (exit code: 1)

============================================================
JOB RESOURCE REPORT
============================================================
Job ID:     54754849_0
Node:       m3g114

GPU Info:
  Model:       NVIDIA L40S
  VRAM Total:   46068 MiB
  VRAM Used:    0 MiB
  VRAM Free:    45468 MiB
  Utilization:  0 %
  Temperature:  48

SLURM Accounting:
          54754849_0   00:02:49                              64G          4      RUNNING 
    54754849_0.batch   00:02:49                                           4      RUNNING 
   54754849_0.extern   00:02:49                                           4      RUNNING 

For detailed stats after completion:
  jobstats 54754849_0
============================================================
