
=== CUDA Environment Check ===
FAIL: ptxas not found in PATH

  XLA parallel compilation is DISABLED without ptxas.
  This causes 3-5x slower JIT and is the #1 bottleneck.

  FIX: pip install -r cluster/requirements-gpu.txt
       (installs nvidia-cuda-nvcc-cu12==12.8.93)


WARNING: CUDA compatibility issue detected.
  The smoke test will run but is expected to FAIL the JIT gates.
  Install the fix first: pip install -r cluster/requirements-gpu.txt


============================================================
Phase 16 GPU Smoke Test
============================================================
Job ID:  54823440
Node:    m3g107
GPU(s):  0
JAX cache: /scratch/fc37/aman0087/.jax_cache_gpu
Start:   Wed Apr 15 02:00:09 AM AEST 2026
============================================================

JAX devices: [CudaDevice(id=0)]
GPU: cuda:0

============================================================
SMOKE TEST MODE (JIT compilation diagnostics)
============================================================

GPU: cuda:0
  nvidia-smi: NVIDIA L40S, 46068 MiB, 10928 MiB
  WARNING: ptxas not found — XLA parallel compilation disabled

Smoke test config:
  N per group:            5
  Participant-sessions:   30
  Chains:                 2
  Draws/tune:             10/10
  Model:                  hgf_3level

Step 1: Simulate cohort (N=5/group)...
Collecting participant-session parameters and trial sequences…
Collection done in 0.1s. Running JAX vmap…
JAX vmap completed in 2.5s.
  Simulation: 5.92s

Step 2: Cold JIT (first MCMC call — includes XLA compilation)...
  Cold JIT: 1811.14s

Step 3: Warm JIT (same shape, different seed — tests cache reuse)...
Collecting participant-session parameters and trial sequences…
Collection done in 0.0s. Running JAX vmap…
JAX vmap completed in 0.4s.
  Warm JIT: 1146.37s

============================================================
SMOKE TEST RESULTS
============================================================
  GPU:                cuda:0
  ptxas available:    False
  Sim vmap:           5.92s
  Cold JIT:           1811.14s
  Warm JIT:           1146.37s
  Cache speedup:      1.6x

GATES:
  Cold JIT < 600s:    FAIL (1811s)
  Cache speedup > 3x: FAIL (1.6x)
  Warm JIT < 120s:    FAIL (1146s)
  Overall:            FAIL

  FIX: Cold JIT too slow. Check CUDA/PTX version match:
       pip install -r cluster/requirements-gpu.txt
  FIX: XLA cache not reusing compiled kernels.
       Verify JAX_COMPILATION_CACHE_DIR is set and writable.
       Verify data is passed as dynamic args (not closure).
  FIX: Even cached JIT is slow. Check GPU memory pressure
       and CUDA driver version.
============================================================

Results saved to: /fs04/fc37/adam/projects/psilocybin-prl-analyses/results/power/smoke_test.json

============================================================
SMOKE TEST FAILED (exit code: 1)
  Check: cluster/logs/smoke16_54823440.err
  Most likely fix: pip install -r cluster/requirements-gpu.txt

End: Wed Apr 15 02:51:16 AM AEST 2026
============================================================
