
============================================================
Phase 16/17 CPU Smoke Test (BlackJAX NUTS)
============================================================
Job ID:    54877140
Node:      m3v115
Partition: comp (CPU only)
Precision: fp64  (PRL_ENABLE_X64=1)
JAX cache: /scratch/fc37/aman0087/.jax_cache_cpu/m3v115
Start:     Fri Apr 17 05:46:39 PM AEST 2026
============================================================

JAX devices: [CpuDevice(id=0)]
jax_enable_x64 (pre-run): False

============================================================
SMOKE TEST MODE (JIT compilation diagnostics)
============================================================

JAX devices (1 total, 0 GPU):
  TFRT_CPU_0
  WARNING: No GPU detected — running on CPU.
  nvidia-smi: unavailable

  WARNING: ptxas not found — XLA parallel compilation disabled

  XLA/JAX environment:
    JAX_COMPILATION_CACHE_DIR = /scratch/fc37/aman0087/.jax_cache_cpu/m3v115
    JAX_PERSISTENT_CACHE_MIN_ENTRY_SIZE_BYTES = 0
    JAX_LOG_COMPILES = 1
    JAX_PLATFORMS = cpu
    XLA_FLAGS = (unset)
    XLA_PYTHON_CLIENT_PREALLOCATE = (unset)
    XLA_PYTHON_CLIENT_MEM_FRACTION = (unset)
    CUDA_VISIBLE_DEVICES = (unset)
    JAX_ENABLE_X64 = 1

  JAX cache (before):
    dir:    /scratch/fc37/aman0087/.jax_cache_cpu/m3v115
    exists: True
    files:  4
    size:   0.0 MB

  JAX 0.4.31, jaxlib 0.4.31

Smoke test config:
  N per group:            5
  Participant-sessions:   30
  Chains:                 2
  Draws/tune:             10/10
  Model:                  hgf_3level
  GPUs available:         0
  Chain method:           vectorized (jit_model_args=True)

Step 1: Simulate cohort (N=5/group)...
Collecting participant-session parameters and trial sequences…
Collection done in 0.1s. Running JAX vmap…
JAX vmap completed in 7.3s.
  Simulation: 9.15s

Step 2: Cold JIT (first MCMC call — includes XLA compilation)...
  Cold JIT: 198.63s
  NUTS stats (cold):
    integration_steps: mean=320 p50=244 p95=1023 max=1023
    trajectory_expansions: mean=7.7 max=10 (10 = hit max_tree_depth cap)
    acceptance_rate: mean=0.214  divergence_rate: 0.800
  Cache delta: +378 files, +3.0 MB

Step 3: Warm JIT (same shape, different seed — tests cache reuse)...
Collecting participant-session parameters and trial sequences…
Collection done in 0.1s. Running JAX vmap…
JAX vmap completed in 0.5s.
  Warm JIT: 196.76s (warmup skipped via warmup_params)
  NUTS stats (warm1):
    integration_steps: mean=1023 p50=1023 p95=1023 max=1023
    trajectory_expansions: mean=10.0 max=10 (10 = hit max_tree_depth cap)
    acceptance_rate: mean=1.000  divergence_rate: 0.000

Step 3b: Warm JIT #2 (pure execute — trace cache reuse)...
  Warm JIT #2: 203.07s
  NUTS stats (warm2):
    integration_steps: mean=997 p50=1023 p95=1023 max=1023
    trajectory_expansions: mean=9.9 max=10 (10 = hit max_tree_depth cap)
    acceptance_rate: mean=1.000  divergence_rate: 0.000
  warm1 - warm2 = -6.31s (estimate of Python retrace + XLA compile cost per call)
  warm2 ≈ pure sampling execute time
  Cache delta: +0 files, +0.0 MB
  OK: no new cache entries (cache hit)

============================================================
SMOKE TEST RESULTS
============================================================
  GPU:                none (CPU only)
  ptxas:              not found
  Chain method:       vectorized
  Sim vmap:           9.15s
  Cold JIT:           198.63s
  Warm JIT:           196.76s
  Cache speedup:      1.0x
  Cache files before: 4
  Cache files after:  382

GATES:
  Cold JIT < 600s:    PASS (199s)
  Cache speedup > 3x: FAIL (1.0x)
  Warm JIT < 120s:    FAIL (197s)
  Overall:            FAIL

  FIX: XLA cache not reusing compiled kernels.
       Verify JAX_COMPILATION_CACHE_DIR is set and writable.
       Verify data is passed as dynamic args (not closure).
       DIAGNOSTIC: no new cache entries from warm JIT —
       cache hit occurred but compilation still slow.
       This suggests the model itself is slow, not the cache.
  FIX: Even cached JIT is slow. Check GPU memory pressure
       and CUDA driver version.
============================================================

Results saved to: /fs04/fc37/adam/projects/psilocybin-prl-analyses/results/power/smoke_test.json
Renamed results → results/power/smoke_test_cpu_fp64.json

============================================================
CPU SMOKE TEST FAILED (exit code: 1, fp64)
  Check: cluster/logs/smoke16cpu_54877140.err
End:       Fri Apr 17 05:57:56 PM AEST 2026
============================================================

Pushing CPU smoke test results to git...
[main ade7c79] smoke test cpu blackjax run fp64 (job 54877140)
 3 files changed, 5732 insertions(+)
 create mode 100644 cluster/logs/smoke16cpu_54877140.err
 create mode 100644 cluster/logs/smoke16cpu_54877140.out
 create mode 100644 results/power/smoke_test_cpu_fp64.json
Pushed CPU smoke test results to origin/main
