Added ptxas to PATH: /scratch/fc37/aman0087/conda/envs/ds_env/lib/python3.10/site-packages/nvidia/cuda_nvcc/bin

=== CUDA Environment Check ===
Driver CUDA version: 12.8
ptxas CUDA version:  12.8
OK: ptxas version <= driver version (XLA parallel compilation enabled)

============================================================
Phase 16 GPU Smoke Test
============================================================
Job ID:  54824421
Node:    m3n105
GPU(s):  0
JAX cache: /scratch/fc37/aman0087/.jax_cache_gpu
Start:   Wed Apr 15 04:32:14 AM AEST 2026
============================================================

JAX devices: [CudaDevice(id=0)]
GPU: cuda:0

============================================================
SMOKE TEST MODE (JIT compilation diagnostics)
============================================================

GPU: cuda:0
  nvidia-smi: NVIDIA A100 80GB PCIe, 81920 MiB, 19861 MiB
  ptxas: ptxas: NVIDIA (R) Ptx optimizing assembler
Copyright (c) 2005-2025 NVIDIA Corporation
Built on Fri_Feb_21_20:21:21_PST_2025
Cuda compilation tools, release 12.8, V12.8.93
Build cuda_12.8.r12.8/compiler.35583870_0

Smoke test config:
  N per group:            5
  Participant-sessions:   30
  Chains:                 2
  Draws/tune:             10/10
  Model:                  hgf_3level

Step 1: Simulate cohort (N=5/group)...
Collecting participant-session parameters and trial sequences…
Collection done in 0.1s. Running JAX vmap…
JAX vmap completed in 3.9s.
  Simulation: 7.76s

Step 2: Cold JIT (first MCMC call — includes XLA compilation)...
