Verifying prl_hgf editable install...
prl_hgf import OK
Added ptxas to PATH: /scratch/fc37/aman0087/conda/envs/ds_env/lib/python3.10/site-packages/nvidia/cuda_nvcc/bin
============================================================
Phase 25-04 HGF Prototype GPU Timing Benchmark
============================================================
Job ID:  55042533
Node:    m3g116
GPU(s):  0
JAX cache: /scratch/fc37/aman0087/.jax_cache_gpu/shared_25proto
Start:   Wed Apr 29 05:45:59 PM AEST 2026
============================================================

JAX devices: [CudaDevice(id=0)]
GPU: cuda:0

Running 9-cell timing benchmark (3 shapes x 3 init strategies)...
Results written incrementally to results/diagnostics/hgf_pscan_proto.json

========================================================================
25-04 Timing Benchmark: parallel-scan vs sequential
========================================================================
Hardware: GPU:NVIDIA L40S
JAX version: 0.4.31
Shapes: [(50, 420), (300, 420), (50, 2000)]
Init strategies: cold, linear, cached
N timed runs per cell: 3
CPU/GPU mode: full shapes (GPU)
Output: /fs04/fc37/adam/projects/hgf-analysis/results/diagnostics/hgf_pscan_proto.json


========================================================================
Shape: P=50, T=420
========================================================================

  Init strategy: cold
    [10/50] p9: par=0.7812s  seq=0.4057s  speedup=0.519x  K=12  rel_err=2.75e-10
    [20/50] p19: par=0.7499s  seq=0.4049s  speedup=0.540x  K=11  rel_err=1.14e-08
    [30/50] p29: par=0.7491s  seq=0.4038s  speedup=0.539x  K=11  rel_err=7.88e-11
    [40/50] p39: par=0.8128s  seq=0.4082s  speedup=0.502x  K=13  rel_err=3.40e-10
    [50/50] p49: par=0.7548s  seq=0.4103s  speedup=0.544x  K=11  rel_err=4.47e-12

  CELL SUMMARY (P=50, T=420, init=cold):
    total_par=40.868s  total_seq=20.309s  speedup=0.497x  K_max=20  rel_err_max=4.79e-08
  Written 1 cells to /fs04/fc37/adam/projects/hgf-analysis/results/diagnostics/hgf_pscan_proto.json

  Init strategy: linear
    [10/50] p9: par=0.7507s  seq=0.4076s  speedup=0.543x  K=11  rel_err=5.97e-10
    [20/50] p19: par=0.7551s  seq=0.4117s  speedup=0.545x  K=11  rel_err=6.91e-09
    [30/50] p29: par=0.6948s  seq=0.4095s  speedup=0.589x  K=9  rel_err=1.87e-09
    [40/50] p39: par=0.7862s  seq=0.4119s  speedup=0.524x  K=12  rel_err=1.64e-08
    [50/50] p49: par=0.7275s  seq=0.4144s  speedup=0.570x  K=10  rel_err=1.97e-10

  CELL SUMMARY (P=50, T=420, init=linear):
    total_par=40.590s  total_seq=20.579s  speedup=0.507x  K_max=20  rel_err_max=6.85e-04
  WARNING: rel_err 6.85e-04 >= 1e-5 threshold!
  Written 2 cells to /fs04/fc37/adam/projects/hgf-analysis/results/diagnostics/hgf_pscan_proto.json

  Init strategy: cached
    [10/50] p9: par=0.4504s  seq=0.4165s  speedup=0.925x  K=1  rel_err=1.22e-16
    [20/50] p19: par=0.4541s  seq=0.4209s  speedup=0.927x  K=1  rel_err=0.00e+00
    [30/50] p29: par=0.4609s  seq=0.4365s  speedup=0.947x  K=1  rel_err=0.00e+00
    [40/50] p39: par=0.4555s  seq=0.4211s  speedup=0.925x  K=1  rel_err=1.44e-16
    [50/50] p49: par=0.4558s  seq=0.4380s  speedup=0.961x  K=1  rel_err=1.40e-16

  CELL SUMMARY (P=50, T=420, init=cached):
    total_par=22.715s  total_seq=21.025s  speedup=0.926x  K_max=1  rel_err_max=1.45e-16
  Written 3 cells to /fs04/fc37/adam/projects/hgf-analysis/results/diagnostics/hgf_pscan_proto.json

========================================================================
Shape: P=300, T=420
========================================================================

  Init strategy: cold
    [10/300] p9: par=0.7968s  seq=0.4220s  speedup=0.530x  K=12  rel_err=1.82e-10
    [20/300] p19: par=0.7635s  seq=0.4209s  speedup=0.551x  K=11  rel_err=6.31e-09
    [30/300] p29: par=0.7679s  seq=0.4233s  speedup=0.551x  K=11  rel_err=1.20e-10
    [40/300] p39: par=0.8305s  seq=0.4211s  speedup=0.507x  K=13  rel_err=1.56e-10

============================================================
BENCHMARK FAILED (exit code: 137)
Check: .planning/phases/25-parallel-scan-acceleration-research/results/proto_timing_55042533.err
Partial results (if any):
{
    "hardware": "GPU:NVIDIA L40S",
    "jax_version": "0.4.31",
    "timestamp": "2026-04-29T07:47:47.669209+00:00",
    "shapes": [
        {
            "P": 50,
            "P_actual": 50,
            "T": 420,
            "T_actual": 420,
            "init_strategy": "cold",
            "par_wall_seconds": 40.868223316268995,
            "seq_wall_seconds": 20.30873180530034,
            "speedup": 0.4969320943593786,
            "K_observed": 20,
            "rel_err": 4.7937790903866815e-08,
            "hardware": "GPU:NVIDIA L40S"
        },
        {
            "P": 50,
            "P_actual": 50,
            "T": 420,
            "T_actual": 420,
            "init_strategy": "linear",
            "par_wall_seconds": 40.59011689107865,
            "seq_wall_seconds": 20.578759752213955,
            "speedup": 0.5069894183216059,
            "K_observed": 20,
            "rel_err": 0.0006848374274934947,
            "hardware": "GPU:NVIDIA L40S"
        },
        {
            "P": 50,
            "P_actual": 50,
            "T": 420,
            "T_actual": 420,
            "init_strategy": "cached",
            "par_wall_seconds": 22.71452668798156,
            "seq_wall_seconds": 21.02535165345762,
            "speedup": 0.9256345924470574,
            "K_observed": 1,
            "rel_err": 1.4466052064374738e-16,
            "hardware": "GPU:NVIDIA L40S"
        }
    ]
}

End: Wed Apr 29 06:05:39 PM AEST 2026
============================================================

Pushing benchmark results to git...
