========================================================================
25-04 Numerical Agreement: parallel-scan LL vs pyhgf sequential
========================================================================
N_participants = 10
T = 420 trials (production pick_best_cue, reversal regime)
max_iter = 20, tol = 1e-05
Seed = 2504

 P   omega_2   omega_3    beta    zeta        ll_seq        ll_par     rel_err    traj_err    K    cvg
----------------------------------------------------------------------------------------------------
 0    -5.389    -5.157   3.001  -0.276     -436.6030     -436.6030    1.30e-16    2.07e-12    1   PASS
 1    -5.475    -2.548   2.421  -0.769     -383.9657     -383.9657    0.00e+00    2.11e-14    1   PASS
 2    -2.939    -2.890   3.946   0.389     -557.3343     -557.3343    2.04e-16    3.36e-13    1   PASS
 3    -5.113    -6.485   1.816   0.924     -636.8371     -636.8371    0.00e+00    6.40e-13    1   PASS
 4    -3.405    -2.801   1.527   0.380     -526.8994     -526.8994    0.00e+00    1.59e-12    1   PASS
 5    -2.032    -2.592   1.373  -0.184     -444.0970     -444.0970    0.00e+00    5.24e-13    1   PASS
 6    -2.276    -6.750   0.600   0.977     -646.7136     -646.7136    0.00e+00    2.91e-14    1   PASS
 7    -5.115    -4.285   3.325  -0.631     -404.1903     -404.1903    0.00e+00    2.63e-13    1   PASS
 8    -4.115    -7.593   3.065  -0.422     -431.1344     -431.1344    0.00e+00    3.44e-14    1   PASS
 9    -4.452    -5.897   1.037   0.108     -478.1558     -478.1558    0.00e+00    5.41e-13    1   PASS
----------------------------------------------------------------------------------------------------

Summary:
  LL rel_err:  max=2.04e-16  mean=3.34e-17  (target < 1e-05)
  Traj rel_err: max=2.07e-12  mean=6.05e-13
  K_iters:     min=1  median=1  max=1  (25-01 prediction: K=8-15)
  K=max_iter:  0 / 10 participants (signals weakly-contracting; cf. 25-01 §5.2 omega_2 failure mode)
  Converged:   10 / 10

OK
