Added ptxas to PATH: /scratch/fc37/aman0087/conda/envs/ds_env/lib/python3.10/site-packages/nvidia/cuda_nvcc/bin
============================================================
Phase 25-03: ELK Reference Reproduction GPU Benchmark
============================================================
Job ID:  55042527
Node:    m3g116
GPU(s):  0
JAX cache: /scratch/fc37/aman0087/.jax_cache_gpu/shared
JAX_ENABLE_X64: 1
Start:   Wed Apr 29 05:44:56 PM AEST 2026
============================================================

JAX devices: [CudaDevice(id=0)]
GPU: cuda:0
JAX version: 0.4.31

Running quasi-ELK coordinated-turn reproduction (T=500, D=4)...

================================================================
Phase 25-03: ELK on Coordinated Turn (D=4, T=500)
Algorithm: quasi-DEER (re-impl from lindermanlab/elk)
Reference: sequential jax.lax.scan of SAME transition fn
================================================================

Generating coordinated turn trajectory (seed=2503)...
  True trajectory shape:  (501, 4)  pos_x range [0.0, 492.0]

Running sequential reference (jax.lax.scan over transition_fn)...
  Sequential done in 0.0590s (post-JIT)
  Trajectory shape: (500, 4)
  First 3 states: [1.0000, 0.0100, 10.0000, 0.1000], [1.9999, 0.0200, 10.0000, 0.1000], [2.9999, 0.0300, 10.0000, 0.1000]

Running quasi-ELK (max_iter=20, tol=1e-05)...
  Compiling (first call)...
  Compile done in 3.66s
  K_observed = 3  (target: <= 20)
  Convergence trace:
    iter  1: max|delta| = 1.000e+01
    iter  2: max|delta| = 4.990e+02
    iter  3: max|delta| = 3.297e-12
  quasi-ELK wall: 0.0740s (post-compile, Python loop)

Numerical agreement check (quasi-ELK vs lax.scan)...
  Max rel-err:  2.523e-16  (gate: < 1e-05)
  Mean rel-err: 2.971e-17
    pos_x   : max rel-err = 2.090e-16
    pos_y   : max rel-err = 2.523e-16
    velocity: max rel-err = 0.000e+00
    omega   : max rel-err = 0.000e+00

VERDICT: PASS
  rel_err < 1e-05: PASS  (2.52e-16)
  K <= 15:         PASS  (K=3)
  Speedup (seq/par): 0.798x  (CPU; expect < 1 on CPU)

Results written to .planning/phases/25-parallel-scan-acceleration-research/results/reproduction_benchmark.json

================================================================
{
  "reproduction_target": "ELK on coordinated turn (option C)",
  "reference_dataset": "Coordinated turn nonlinear SSM, Sarkka 2013 ch.5 / Yaghoobi et al. 2021 (arXiv:2102.00514) \u00a75 setup",
  "algorithm_description": "quasi-DEER (diagonal-Jacobian Newton iterations + jax.lax.associative_scan); re-implemented from lindermanlab/elk",
  "algorithm_implementation": "lindermanlab/elk (re-implemented in pure JAX)",
  "elk_repo_commit": "2801539febf07f5e9a28eacc6265dc9ac179e835",
  "elk_repo_url": "https://github.com/lindermanlab/elk",
  "sequential_reference": "jax.lax.scan over the same transition_fn (NOT EKF); ELK and lax.scan both solve y[t]=f(y[t-1]) \u2014 ELK in O(K log T), lax.scan in O(T).",
  "T": 500,
  "D": 4,
  "dt": 0.1,
  "K_observed": 3,
  "K_target_max": 15,
  "K_note": "Coordinated-turn has strong contraction (linear transition near omega=0); K expected 3-5. HGF K=8-15 prediction still stands (weakly contracting, transient sr>=1). These are different systems.",
  "rel_err_vs_sequential": 2.5232762012569693e-16,
  "mean_rel_err_vs_sequential": 2.9710480705415525e-17,
  "rel_err_tolerance": 1e-05,
  "per_component_max_rel_err": {
    "pos_x": 2.0899360716976588e-16,
    "pos_y": 2.5232762012569693e-16,
    "velocity": 0.0,
    "omega": 0.0
  },
  "convergence_trace_max_delta": [
    10.0,
    498.97505020791596,
    3.296918293926865e-12
  ],
  "seq_wall_seconds": 0.059039524057880044,
  "par_wall_seconds": 0.07397418899927288,
  "par_wall_note": "Python loop over Newton iterations; par_wall includes jax.vmap/jacfwd overhead but NOT compilation time.",
  "speedup_observed": 0.7981097847312711,
  "speedup_note": "CPU-only; speedup expected < 1 on CPU per 25-RESEARCH.md \u00a77b. GPU speedup informational; see cluster SLURM script.",
  "hardware": "cuda:0",
  "jax_version": "0.4.31",
  "jax_x64_enabled": true,
  "rng_seed": 2503,
  "verdict": "PASS",
  "verdict_note": "PASS: rel_err < 1e-5 (quasi-ELK matches lax.scan) and K <= 15. GPU speedup is informational (not gating).",
  "platform_note": "CPU-only run (local Windows 11 machine). GPU run submitted via SLURM (see cluster/25_reproduce_reference_gpu.slurm). M3 cluster status: Phase 14.1-03 stale pip install issue pending (job 54934145 failed with ModuleNotFoundError:prl_hgf); see STATE.md."
}

============================================================
REPRODUCTION COMPLETE (PASS)

Results:
{
    "reproduction_target": "ELK on coordinated turn (option C)",
    "reference_dataset": "Coordinated turn nonlinear SSM, Sarkka 2013 ch.5 / Yaghoobi et al. 2021 (arXiv:2102.00514) \u00a75 setup",
    "algorithm_description": "quasi-DEER (diagonal-Jacobian Newton iterations + jax.lax.associative_scan); re-implemented from lindermanlab/elk",
    "algorithm_implementation": "lindermanlab/elk (re-implemented in pure JAX)",
    "elk_repo_commit": "2801539febf07f5e9a28eacc6265dc9ac179e835",
    "elk_repo_url": "https://github.com/lindermanlab/elk",
    "sequential_reference": "jax.lax.scan over the same transition_fn (NOT EKF); ELK and lax.scan both solve y[t]=f(y[t-1]) \u2014 ELK in O(K log T), lax.scan in O(T).",
    "T": 500,
    "D": 4,
    "dt": 0.1,
    "K_observed": 3,
    "K_target_max": 15,
    "K_note": "Coordinated-turn has strong contraction (linear transition near omega=0); K expected 3-5. HGF K=8-15 prediction still stands (weakly contracting, transient sr>=1). These are different systems.",
    "rel_err_vs_sequential": 2.5232762012569693e-16,
    "mean_rel_err_vs_sequential": 2.9710480705415525e-17,
    "rel_err_tolerance": 1e-05,
    "per_component_max_rel_err": {
        "pos_x": 2.0899360716976588e-16,
        "pos_y": 2.5232762012569693e-16,
        "velocity": 0.0,
        "omega": 0.0
    },
    "convergence_trace_max_delta": [
        10.0,
        498.97505020791596,
        3.296918293926865e-12
    ],
    "seq_wall_seconds": 0.059039524057880044,
    "par_wall_seconds": 0.07397418899927288,
    "par_wall_note": "Python loop over Newton iterations; par_wall includes jax.vmap/jacfwd overhead but NOT compilation time.",
    "speedup_observed": 0.7981097847312711,
    "speedup_note": "CPU-only; speedup expected < 1 on CPU per 25-RESEARCH.md \u00a77b. GPU speedup informational; see cluster SLURM script.",
    "hardware": "cuda:0",
    "jax_version": "0.4.31",
    "jax_x64_enabled": true,
    "rng_seed": 2503,
    "verdict": "PASS",
    "verdict_note": "PASS: rel_err < 1e-5 (quasi-ELK matches lax.scan) and K <= 15. GPU speedup is informational (not gating).",
    "platform_note": "CPU-only run (local Windows 11 machine). GPU run submitted via SLURM (see cluster/25_reproduce_reference_gpu.slurm). M3 cluster status: Phase 14.1-03 stale pip install issue pending (job 54934145 failed with ModuleNotFoundError:prl_hgf); see STATE.md."
}

End: Wed Apr 29 05:45:24 PM AEST 2026
============================================================

Pushing reproduction results to git...
